SF:lib/presentation/screens/buds/buds_screen.dart
DA:13,8
DA:15,0
DA:16,0
DA:29,0
DA:31,0
DA:32,0
DA:35,0
DA:36,0
DA:37,0
DA:41,0
DA:43,0
DA:44,0
DA:45,0
DA:52,0
DA:53,0
DA:55,0
DA:57,0
DA:64,0
DA:66,0
DA:67,0
DA:69,0
DA:70,0
DA:71,0
DA:73,0
DA:77,0
DA:79,0
DA:84,0
DA:87,0
DA:88,0
DA:89,0
DA:91,0
DA:98,0
DA:99,0
DA:100,0
DA:101,0
DA:102,0
DA:109,0
DA:113,0
DA:114,0
DA:115,0
DA:122,0
DA:124,0
DA:125,0
DA:126,0
DA:127,0
DA:128,0
DA:131,0
DA:136,0
DA:137,0
DA:140,0
LF:50
LH:1
end_of_record
SF:lib/presentation/screens/profile/profile_screen.dart
DA:17,16
DA:19,0
DA:20,0
DA:38,0
DA:40,0
DA:41,0
DA:43,0
DA:46,0
DA:48,0
DA:49,0
DA:52,0
DA:53,0
DA:54,0
DA:58,0
DA:59,0
DA:61,0
DA:63,0
DA:64,0
DA:65,0
DA:67,0
DA:69,0
DA:70,0
DA:71,0
DA:73,0
DA:80,0
DA:82,0
DA:83,0
DA:84,0
DA:86,0
DA:87,0
DA:88,0
DA:89,0
DA:90,0
DA:91,0
DA:92,0
DA:95,0
DA:96,0
DA:97,0
DA:99,0
DA:103,0
DA:106,0
DA:107,0
DA:109,0
DA:110,0
DA:111,0
DA:112,0
DA:113,0
DA:114,0
DA:115,0
DA:118,0
DA:119,0
DA:120,0
DA:121,0
DA:122,0
DA:125,0
DA:126,0
DA:127,0
DA:128,0
DA:129,0
DA:135,0
DA:136,0
DA:137,0
DA:139,0
DA:141,0
DA:142,0
DA:146,0
DA:147,0
DA:149,0
DA:150,0
DA:151,0
DA:153,0
DA:155,0
DA:156,0
DA:157,0
DA:158,0
DA:159,0
DA:160,0
DA:186,0
DA:187,0
DA:188,0
DA:189,0
DA:190,0
DA:191,0
DA:192,0
DA:193,0
DA:194,0
DA:195,0
DA:197,0
DA:201,0
DA:202,0
DA:203,0
DA:204,0
DA:206,0
DA:207,0
DA:208,0
DA:209,0
DA:210,0
DA:215,0
DA:219,0
DA:226,0
DA:233,0
DA:240,0
DA:241,0
DA:242,0
DA:243,0
DA:245,0
DA:261,0
DA:262,0
DA:264,0
DA:265,0
DA:267,0
DA:268,0
DA:269,0
DA:270,0
DA:272,0
DA:274,0
DA:275,0
DA:281,0
DA:284,0
DA:285,0
DA:286,0
DA:287,0
DA:289,0
DA:291,0
DA:292,0
DA:298,0
DA:301,0
DA:302,0
DA:303,0
DA:304,0
DA:306,0
DA:308,0
DA:309,0
DA:315,0
DA:320,0
DA:321,0
DA:325,0
DA:328,0
DA:329,0
DA:330,0
DA:331,0
DA:332,0
DA:333,0
DA:334,0
DA:335,0
DA:337,0
DA:338,0
DA:347,0
DA:348,0
DA:352,0
DA:355,0
DA:356,0
DA:357,0
DA:358,0
DA:359,0
DA:360,0
DA:361,0
DA:363,0
DA:364,0
DA:365,0
DA:366,0
DA:376,0
DA:377,0
DA:381,0
DA:384,0
DA:385,0
DA:386,0
DA:387,0
DA:388,0
DA:389,0
DA:390,0
DA:392,0
DA:393,0
DA:394,0
DA:395,0
DA:405,0
DA:406,0
DA:408,0
DA:409,0
DA:411,0
DA:412,0
DA:413,0
DA:414,0
DA:416,0
DA:418,0
DA:419,0
DA:425,0
DA:428,0
DA:429,0
DA:430,0
DA:431,0
DA:433,0
DA:435,0
DA:436,0
DA:442,0
DA:445,0
DA:446,0
DA:447,0
DA:448,0
DA:450,0
DA:452,0
DA:453,0
DA:459,0
DA:464,0
DA:465,0
DA:469,0
DA:472,0
DA:473,0
DA:474,0
DA:475,0
DA:476,0
DA:477,0
DA:478,0
DA:479,0
DA:481,0
DA:482,0
DA:491,0
DA:492,0
DA:496,0
DA:499,0
DA:500,0
DA:501,0
DA:502,0
DA:503,0
DA:504,0
DA:505,0
DA:507,0
DA:508,0
DA:509,0
DA:510,0
DA:520,0
DA:521,0
DA:525,0
DA:528,0
DA:529,0
DA:530,0
DA:531,0
DA:532,0
DA:533,0
DA:534,0
DA:536,0
DA:537,0
DA:538,0
DA:539,0
DA:549,0
LF:245
LH:1
end_of_record
SF:lib/presentation/screens/chat/chat_screen.dart
DA:14,15
DA:16,0
DA:17,0
DA:26,0
DA:28,0
DA:29,0
DA:31,0
DA:34,0
DA:36,0
DA:37,0
DA:38,0
DA:39,0
DA:42,0
DA:43,0
DA:44,0
DA:46,0
DA:47,0
DA:52,0
DA:53,0
DA:57,0
DA:58,0
DA:59,0
DA:60,0
DA:61,0
DA:69,0
DA:71,0
DA:72,0
DA:73,0
DA:74,0
DA:75,0
DA:76,0
DA:80,0
DA:82,0
DA:85,0
DA:86,0
DA:88,0
DA:92,0
DA:93,0
DA:94,0
DA:96,0
DA:97,0
DA:99,0
DA:100,0
DA:101,0
DA:103,0
DA:104,0
DA:108,0
DA:109,0
DA:110,0
DA:112,0
DA:114,0
DA:115,0
DA:119,0
DA:120,0
DA:122,0
DA:126,0
DA:127,0
DA:129,0
DA:133,0
DA:136,0
DA:139,0
DA:145,0
DA:146,0
DA:148,0
DA:149,0
DA:151,0
DA:153,0
DA:154,0
DA:155,0
DA:160,0
DA:161,0
DA:162,0
DA:163,0
DA:176,0
DA:177,0
DA:178,0
DA:180,0
DA:181,0
DA:183,0
DA:184,0
DA:186,0
DA:187,0
DA:188,0
DA:190,0
DA:191,0
DA:196,0
DA:198,0
DA:199,0
DA:207,0
DA:208,0
DA:209,0
DA:211,0
DA:212,0
DA:214,0
DA:215,0
DA:217,0
DA:218,0
DA:219,0
DA:221,0
DA:224,0
DA:228,0
DA:230,0
DA:231,0
DA:235,0
DA:237,0
DA:238,0
LF:106
LH:1
end_of_record
SF:lib/blocs/bud_matching/bud_matching_bloc.dart
DA:7,0
DA:9,0
DA:10,0
DA:17,0
DA:19,0
DA:20,0
DA:26,0
DA:28,0
DA:29,0
DA:36,0
DA:41,0
DA:42,0
DA:49,0
DA:54,0
DA:55,0
DA:61,0
DA:63,0
DA:64,0
DA:71,0
DA:76,0
DA:77,0
DA:84,0
DA:89,0
DA:90,0
DA:96,0
DA:98,0
DA:99,0
DA:107,0
DA:113,0
DA:114,0
DA:119,0
DA:121,0
DA:122,0
DA:133,0
DA:138,0
DA:139,0
DA:146,0
DA:151,0
DA:152,0
DA:160,0
DA:166,0
DA:167,0
DA:175,0
DA:181,0
DA:182,0
DA:191,0
DA:198,0
DA:199,0
DA:205,0
DA:207,0
DA:208,0
DA:215,0
DA:217,0
DA:218,0
DA:219,0
DA:220,0
DA:221,0
DA:222,0
DA:223,0
DA:224,0
DA:225,0
DA:226,0
DA:229,0
DA:234,0
DA:235,0
DA:236,0
DA:238,0
DA:242,0
DA:247,0
DA:248,0
DA:249,0
DA:251,0
DA:255,0
DA:260,0
DA:261,0
DA:262,0
DA:263,0
DA:265,0
DA:266,0
DA:268,0
DA:271,0
DA:275,0
DA:280,0
DA:281,0
DA:282,0
DA:283,0
DA:285,0
DA:286,0
DA:288,0
DA:291,0
DA:295,0
DA:300,0
DA:301,0
DA:302,0
DA:305,0
DA:308,0
DA:312,0
DA:317,0
DA:318,0
DA:319,0
DA:320,0
DA:322,0
DA:323,0
DA:325,0
DA:328,0
DA:332,0
DA:337,0
DA:338,0
DA:339,0
DA:340,0
DA:342,0
DA:343,0
DA:345,0
DA:348,0
DA:352,0
DA:357,0
DA:358,0
DA:359,0
DA:362,0
DA:365,0
DA:369,0
DA:374,0
DA:375,0
DA:376,0
DA:377,0
DA:378,0
DA:380,0
DA:381,0
DA:383,0
DA:384,0
DA:387,0
LF:131
LH:0
end_of_record
SF:lib/blocs/user/profile/profile_bloc.dart
DA:9,0
DA:11,0
DA:13,0
DA:14,0
DA:15,0
DA:16,0
DA:19,0
DA:20,0
DA:21,0
DA:22,0
DA:25,0
DA:26,0
DA:27,0
DA:28,0
DA:29,0
DA:32,0
DA:37,0
DA:38,0
DA:39,0
DA:41,0
DA:45,0
DA:50,0
DA:51,0
DA:52,0
DA:54,0
DA:58,0
DA:63,0
DA:64,0
DA:65,0
DA:67,0
DA:71,0
DA:76,0
DA:77,0
DA:78,0
DA:80,0
DA:84,0
DA:89,0
DA:90,0
DA:91,0
DA:93,0
DA:97,0
DA:102,0
DA:103,0
DA:104,0
DA:106,0
DA:110,0
DA:115,0
DA:116,0
DA:117,0
DA:119,0
DA:123,0
DA:128,0
DA:129,0
DA:130,0
DA:132,0
DA:136,0
DA:141,0
DA:142,0
DA:143,0
DA:145,0
DA:149,0
DA:154,0
DA:155,0
DA:156,0
DA:158,0
DA:162,0
DA:167,0
DA:168,0
DA:169,0
DA:171,0
DA:175,0
DA:180,0
DA:181,0
DA:182,0
DA:184,0
DA:188,0
DA:193,0
DA:194,0
DA:195,0
DA:197,0
LF:80
LH:0
end_of_record
SF:lib/blocs/user/profile/profile_event.dart
DA:5,0
DA:7,0
DA:8,0
DA:17,0
DA:19,0
DA:20,0
DA:26,0
DA:28,0
DA:29,0
LF:9
LH:0
end_of_record
SF:lib/blocs/user/profile/profile_state.dart
DA:11,0
DA:13,0
DA:14,0
DA:24,0
DA:26,0
DA:27,0
DA:34,0
DA:36,0
DA:37,0
DA:43,0
DA:45,0
DA:46,0
DA:57,0
DA:59,0
DA:60,0
DA:66,0
DA:68,0
DA:69,0
DA:75,0
DA:77,0
DA:78,0
DA:84,0
DA:86,0
DA:87,0
DA:94,0
DA:96,0
DA:97,0
DA:103,0
DA:105,0
DA:106,0
DA:112,0
DA:114,0
DA:115,0
DA:121,0
DA:123,0
DA:124,0
DA:130,0
DA:132,0
DA:133,0
LF:39
LH:0
end_of_record
SF:lib/blocs/comprehensive_chat/comprehensive_chat_bloc.dart
DA:22,0
DA:31,0
DA:34,0
DA:35,0
DA:36,0
DA:37,0
DA:40,0
DA:41,0
DA:42,0
DA:43,0
DA:44,0
DA:45,0
DA:46,0
DA:47,0
DA:50,0
DA:51,0
DA:52,0
DA:53,0
DA:54,0
DA:55,0
DA:56,0
DA:57,0
DA:60,0
DA:61,0
DA:62,0
DA:63,0
DA:64,0
DA:67,0
DA:68,0
DA:69,0
DA:70,0
DA:71,0
DA:72,0
DA:75,0
DA:76,0
DA:77,0
DA:78,0
DA:79,0
DA:80,0
DA:81,0
DA:82,0
DA:85,0
DA:86,0
DA:87,0
DA:88,0
DA:89,0
DA:93,0
DA:97,0
DA:99,0
DA:100,0
DA:102,0
DA:106,0
DA:110,0
DA:112,0
DA:113,0
DA:115,0
DA:119,0
DA:123,0
DA:125,0
DA:126,0
DA:128,0
DA:132,0
DA:136,0
DA:138,0
DA:139,0
DA:141,0
DA:146,0
DA:150,0
DA:152,0
DA:153,0
DA:155,0
DA:159,0
DA:163,0
DA:168,0
DA:169,0
DA:170,0
DA:173,0
DA:175,0
DA:179,0
DA:183,0
DA:185,0
DA:186,0
DA:188,0
DA:192,0
DA:196,0
DA:198,0
DA:199,0
DA:201,0
DA:205,0
DA:209,0
DA:211,0
DA:212,0
DA:214,0
DA:218,0
DA:222,0
DA:224,0
DA:225,0
DA:226,0
DA:227,0
DA:229,0
DA:231,0
DA:235,0
DA:239,0
DA:241,0
DA:242,0
DA:243,0
DA:245,0
DA:247,0
DA:251,0
DA:255,0
DA:257,0
DA:258,0
DA:260,0
DA:265,0
DA:269,0
DA:271,0
DA:272,0
DA:274,0
DA:278,0
DA:282,0
DA:284,0
DA:285,0
DA:287,0
DA:291,0
DA:295,0
DA:297,0
DA:298,0
DA:300,0
DA:304,0
DA:308,0
DA:310,0
DA:311,0
DA:313,0
DA:317,0
DA:321,0
DA:323,0
DA:324,0
DA:326,0
DA:330,0
DA:334,0
DA:336,0
DA:337,0
DA:339,0
DA:343,0
DA:347,0
DA:349,0
DA:350,0
DA:352,0
DA:356,0
DA:360,0
DA:362,0
DA:363,0
DA:365,0
DA:370,0
DA:374,0
DA:379,0
DA:380,0
DA:381,0
DA:385,0
DA:386,0
DA:389,0
DA:390,0
DA:394,0
DA:396,0
DA:397,0
DA:407,0
DA:411,0
DA:415,0
DA:420,0
DA:427,0
DA:431,0
DA:435,0
DA:440,0
DA:452,0
DA:456,0
DA:461,0
DA:462,0
DA:463,0
DA:464,0
DA:465,0
DA:467,0
DA:468,0
DA:469,0
DA:472,0
DA:476,0
DA:480,0
DA:482,0
DA:483,0
DA:485,0
DA:490,0
DA:494,0
DA:496,0
DA:497,0
DA:499,0
DA:503,0
DA:507,0
DA:509,0
DA:510,0
DA:512,0
DA:516,0
DA:520,0
DA:522,0
DA:523,0
DA:525,0
DA:529,0
DA:533,0
DA:535,0
DA:536,0
DA:538,0
DA:542,0
DA:546,0
DA:548,0
DA:549,0
DA:551,0
DA:555,0
DA:559,0
DA:561,0
DA:562,0
DA:564,0
DA:569,0
DA:573,0
DA:575,0
DA:576,0
DA:578,0
DA:582,0
DA:586,0
DA:588,0
DA:589,0
DA:591,0
DA:595,0
DA:599,0
DA:601,0
DA:602,0
DA:604,0
DA:608,0
DA:612,0
DA:614,0
DA:615,0
DA:617,0
DA:621,0
DA:625,0
DA:627,0
DA:628,0
DA:630,0
DA:634,0
DA:638,0
DA:640,0
DA:641,0
DA:643,0
DA:647,0
DA:651,0
DA:653,0
DA:654,0
DA:656,0
DA:660,0
DA:664,0
DA:666,0
DA:667,0
DA:669,0
DA:674,0
DA:678,0
DA:680,0
DA:682,0
DA:683,0
DA:684,0
DA:685,0
DA:687,0
DA:691,0
DA:695,0
DA:697,0
DA:699,0
DA:700,0
DA:701,0
DA:702,0
DA:704,0
DA:708,0
DA:712,0
DA:714,0
DA:715,0
DA:717,0
DA:721,0
DA:725,0
DA:727,0
DA:728,0
DA:730,0
DA:734,0
DA:738,0
DA:740,0
DA:741,0
DA:743,0
LF:290
LH:0
end_of_record
SF:lib/blocs/comprehensive_chat/comprehensive_chat_event.dart
DA:5,0
DA:7,0
DA:8,0
DA:16,0
DA:18,0
DA:19,0
DA:27,0
DA:33,0
DA:34,0
DA:42,0
DA:44,0
DA:45,0
DA:55,0
DA:57,0
DA:58,0
DA:64,0
DA:66,0
DA:67,0
DA:73,0
DA:75,0
DA:76,0
DA:82,0
DA:84,0
DA:85,0
DA:93,0
DA:99,0
DA:100,0
DA:107,0
DA:109,0
DA:110,0
DA:117,0
DA:119,0
DA:120,0
DA:127,0
DA:129,0
DA:130,0
DA:137,0
DA:139,0
DA:140,0
DA:147,0
DA:149,0
DA:150,0
DA:157,0
DA:159,0
DA:160,0
DA:167,0
DA:169,0
DA:170,0
DA:177,0
DA:179,0
DA:180,0
DA:187,0
DA:189,0
DA:190,0
DA:197,0
DA:199,0
DA:200,0
DA:207,0
DA:209,0
DA:210,0
DA:216,0
DA:218,0
DA:219,0
DA:225,0
DA:227,0
DA:228,0
DA:235,0
DA:240,0
DA:241,0
DA:247,0
DA:249,0
DA:250,0
DA:259,0
DA:261,0
DA:262,0
DA:269,0
DA:274,0
DA:275,0
DA:281,0
DA:283,0
DA:284,0
DA:290,0
DA:292,0
DA:293,0
DA:319,0
DA:321,0
DA:322,0
DA:328,0
DA:330,0
DA:331,0
DA:338,0
DA:340,0
DA:341,0
DA:347,0
DA:349,0
DA:350,0
DA:356,0
DA:358,0
DA:359,0
LF:99
LH:0
end_of_record
SF:lib/blocs/comprehensive_chat/comprehensive_chat_state.dart
DA:12,7
DA:14,0
DA:15,0
DA:28,0
DA:30,0
DA:31,0
DA:38,0
DA:40,0
DA:41,0
DA:47,0
DA:49,0
DA:50,0
DA:58,0
DA:60,0
DA:61,0
DA:68,0
DA:70,0
DA:71,0
DA:77,0
DA:79,0
DA:80,0
DA:92,0
DA:94,0
DA:95,0
DA:101,0
DA:103,0
DA:104,0
DA:113,0
DA:115,0
DA:116,0
DA:137,0
DA:139,0
DA:140,0
DA:146,7
DA:148,0
DA:149,0
DA:155,7
DA:157,0
DA:158,0
DA:165,0
DA:170,0
DA:171,0
DA:180,0
DA:182,0
DA:183,0
DA:189,0
DA:191,0
DA:192,0
DA:204,0
DA:206,0
DA:207,0
DA:214,7
DA:216,0
DA:217,0
DA:223,7
DA:225,0
DA:226,0
DA:232,7
DA:234,0
DA:235,0
DA:241,7
DA:243,0
DA:244,0
DA:250,7
DA:252,0
DA:253,0
DA:259,7
DA:261,0
DA:262,0
DA:268,7
DA:270,0
DA:271,0
DA:277,7
DA:279,0
DA:280,0
DA:287,0
DA:289,0
DA:290,0
DA:296,0
DA:298,0
DA:299,0
LF:81
LH:11
end_of_record
SF:lib/models/bud_match.dart
DA:15,1
DA:28,0
DA:30,0
DA:31,0
DA:33,0
DA:34,0
DA:35,0
DA:36,0
DA:39,0
DA:40,0
DA:41,0
DA:42,0
DA:43,0
DA:47,0
DA:53,0
DA:61,0
DA:62,0
DA:63,0
DA:64,0
DA:65,0
DA:66,0
DA:67,0
DA:68,0
DA:69,0
DA:70,0
DA:71,0
DA:75,0
DA:76,0
DA:77,0
DA:78,0
DA:79,0
DA:80,0
DA:81,0
DA:82,0
DA:83,0
DA:84,0
DA:85,0
LF:37
LH:1
end_of_record
SF:lib/models/user_profile.dart
DA:18,4
DA:34,0
DA:38,0
DA:39,0
DA:42,0
DA:43,0
DA:46,0
DA:48,0
DA:49,0
DA:50,0
DA:51,0
DA:52,0
DA:53,0
DA:54,0
DA:55,0
DA:58,0
DA:59,0
DA:62,0
DA:81,0
DA:82,0
DA:83,0
DA:84,0
DA:85,0
DA:86,0
DA:87,0
DA:88,0
DA:89,0
DA:90,0
DA:91,0
DA:92,0
DA:93,0
DA:98,0
DA:111,0
DA:112,0
DA:113,0
DA:114,0
DA:115,0
DA:116,0
DA:117,0
DA:118,0
DA:119,0
DA:120,0
DA:121,0
DA:122,0
DA:127,0
DA:129,0
DA:130,0
DA:131,0
DA:134,0
DA:139,0
DA:141,0
DA:142,0
DA:143,0
DA:144,0
DA:145,0
DA:147,0
DA:148,0
DA:149,0
DA:154,0
DA:155,0
DA:156,0
DA:157,0
DA:158,0
DA:159,0
DA:160,0
DA:161,0
DA:162,0
DA:163,0
DA:164,0
DA:165,0
DA:166,0
DA:181,0
DA:193,0
DA:194,0
DA:195,0
DA:196,0
DA:197,0
DA:198,0
DA:199,0
DA:200,0
DA:201,0
DA:202,0
DA:207,0
DA:208,0
DA:209,0
DA:210,0
DA:211,0
DA:212,0
DA:213,0
DA:214,0
DA:215,0
DA:216,0
DA:220,0
DA:221,0
DA:222,0
DA:223,0
DA:224,0
DA:225,0
DA:226,0
DA:227,0
DA:228,0
DA:229,0
LF:102
LH:1
end_of_record
SF:lib/models/channel.dart
DA:22,1
DA:40,0
DA:41,0
DA:42,0
DA:43,0
DA:44,0
DA:45,0
DA:46,0
DA:47,0
DA:48,0
DA:49,0
DA:50,0
DA:51,0
DA:52,0
DA:53,0
DA:54,0
DA:56,0
DA:57,0
DA:62,0
DA:63,0
DA:64,0
DA:65,0
DA:66,0
DA:67,0
DA:68,0
DA:69,0
DA:70,0
DA:71,0
DA:72,0
DA:73,0
DA:74,0
DA:75,0
DA:76,0
DA:77,0
DA:82,0
DA:88,0
DA:89,0
DA:95,0
DA:99,0
DA:114,0
DA:130,0
DA:131,0
DA:132,0
DA:133,0
DA:134,0
DA:135,0
DA:136,0
DA:137,0
DA:138,0
DA:139,0
DA:140,0
DA:141,0
DA:142,0
DA:143,0
DA:144,0
DA:148,0
DA:149,0
DA:150,0
DA:151,0
DA:152,0
DA:153,0
DA:154,0
DA:155,0
DA:156,0
DA:157,0
DA:158,0
DA:159,0
DA:160,0
DA:161,0
DA:162,0
DA:163,0
LF:71
LH:1
end_of_record
SF:lib/models/channel_settings.dart
DA:16,1
DA:29,0
DA:30,0
DA:31,0
DA:32,0
DA:33,0
DA:34,0
DA:35,0
DA:36,0
DA:37,0
DA:38,0
DA:39,0
DA:40,0
DA:42,0
DA:43,0
DA:47,0
DA:48,0
DA:49,0
DA:50,0
DA:51,0
DA:52,0
DA:53,0
DA:54,0
DA:55,0
DA:56,0
DA:57,0
DA:58,0
DA:62,0
DA:74,0
DA:75,0
DA:76,0
DA:77,0
DA:78,0
DA:79,0
DA:80,0
DA:81,0
DA:82,0
DA:83,0
DA:84,0
DA:88,0
DA:89,0
DA:90,0
DA:91,0
DA:92,0
DA:93,0
DA:94,0
DA:95,0
DA:96,0
DA:97,0
DA:98,0
DA:99,0
LF:51
LH:1
end_of_record
SF:lib/models/channel_stats.dart
DA:13,1
DA:23,0
DA:24,0
DA:25,0
DA:26,0
DA:27,0
DA:28,0
DA:29,0
DA:30,0
DA:32,0
DA:33,0
DA:35,0
DA:36,0
DA:37,0
DA:42,0
DA:43,0
DA:44,0
DA:45,0
DA:46,0
DA:47,0
DA:48,0
DA:49,0
DA:50,0
DA:55,0
DA:58,0
DA:59,0
DA:60,0
DA:61,0
DA:62,0
DA:66,0
DA:75,0
DA:76,0
DA:77,0
DA:78,0
DA:79,0
DA:80,0
DA:81,0
DA:82,0
DA:86,0
DA:87,0
DA:88,0
DA:89,0
DA:90,0
DA:91,0
DA:92,0
DA:93,0
DA:94,0
DA:104,0
DA:111,0
DA:112,0
DA:113,0
DA:114,0
DA:115,0
DA:116,0
DA:120,0
DA:121,0
DA:122,0
DA:123,0
DA:124,0
DA:125,0
DA:129,0
DA:130,0
LF:62
LH:1
end_of_record
SF:lib/models/track.dart
DA:6,1
DA:16,1
DA:29,0
DA:30,0
DA:31,0
DA:33,0
DA:38,0
DA:41,0
DA:42,0
DA:46,0
DA:47,0
DA:50,0
DA:51,0
DA:52,0
DA:53,0
DA:54,0
DA:58,0
DA:64,0
DA:65,0
DA:66,0
DA:67,0
DA:69,0
DA:73,0
DA:75,0
DA:76,0
DA:77,0
DA:78,0
DA:79,0
DA:80,0
DA:81,0
DA:82,0
DA:83,0
DA:84,0
DA:88,0
DA:89,0
DA:90,0
DA:91,0
DA:92,0
DA:93,0
DA:94,0
DA:95,0
DA:96,0
DA:97,0
DA:98,0
LF:44
LH:2
end_of_record
SF:lib/models/artist.dart
DA:16,1
DA:30,0
DA:31,0
DA:32,0
DA:33,0
DA:34,0
DA:36,0
DA:37,0
DA:38,0
DA:39,0
DA:40,0
DA:41,0
DA:42,0
DA:43,0
DA:44,0
DA:45,0
DA:49,0
DA:50,0
DA:51,0
DA:52,0
DA:53,0
DA:54,0
DA:55,0
DA:56,0
DA:57,0
DA:58,0
DA:59,0
DA:60,0
DA:61,0
DA:65,0
DA:78,0
DA:79,0
DA:80,0
DA:81,0
DA:82,0
DA:83,0
DA:84,0
DA:85,0
DA:86,0
DA:87,0
DA:88,0
DA:89,0
DA:93,0
DA:94,0
DA:95,0
DA:96,0
DA:97,0
DA:98,0
DA:99,0
DA:100,0
DA:101,0
DA:102,0
DA:103,0
DA:104,0
DA:105,0
LF:55
LH:1
end_of_record
SF:lib/models/album.dart
DA:18,0
DA:34,0
DA:35,0
DA:36,0
DA:37,0
DA:38,0
DA:39,0
DA:40,0
DA:41,0
DA:42,0
DA:43,0
DA:44,0
DA:45,0
DA:46,0
DA:47,0
DA:48,0
DA:49,0
DA:51,0
DA:55,0
DA:56,0
DA:57,0
DA:58,0
DA:59,0
DA:60,0
DA:61,0
DA:62,0
DA:63,0
DA:64,0
DA:65,0
DA:66,0
DA:67,0
DA:68,0
DA:69,0
DA:73,0
DA:74,0
DA:75,0
DA:76,0
DA:77,0
DA:78,0
DA:79,0
DA:80,0
DA:81,0
DA:82,0
DA:83,0
DA:84,0
DA:85,0
DA:86,0
DA:87,0
LF:48
LH:0
end_of_record
SF:lib/models/genre.dart
DA:15,0
DA:27,0
DA:28,0
DA:29,0
DA:30,0
DA:31,0
DA:32,0
DA:33,0
DA:34,0
DA:35,0
DA:36,0
DA:37,0
DA:41,0
DA:42,0
DA:43,0
DA:44,0
DA:45,0
DA:46,0
DA:47,0
DA:48,0
DA:49,0
DA:50,0
DA:51,0
DA:55,0
DA:56,0
DA:57,0
DA:58,0
DA:59,0
DA:60,0
DA:61,0
DA:62,0
DA:63,0
DA:64,0
DA:65,0
DA:69,0
DA:80,0
DA:81,0
DA:82,0
DA:83,0
DA:84,0
DA:85,0
DA:86,0
DA:87,0
DA:88,0
DA:89,0
LF:45
LH:0
end_of_record
SF:lib/models/common_anime.dart
DA:20,0
DA:40,0
DA:41,0
DA:42,0
DA:43,0
DA:44,0
DA:45,0
DA:46,0
DA:47,0
DA:48,0
DA:50,0
DA:51,0
DA:52,0
DA:53,0
DA:54,0
DA:55,0
DA:56,0
DA:57,0
DA:58,0
DA:59,0
DA:60,0
DA:61,0
DA:65,0
DA:66,0
DA:67,0
DA:68,0
DA:69,0
DA:70,0
DA:71,0
DA:72,0
DA:73,0
DA:74,0
DA:75,0
DA:76,0
DA:77,0
DA:78,0
DA:79,0
DA:80,0
DA:81,0
DA:82,0
DA:83,0
DA:87,0
DA:106,0
DA:107,0
DA:108,0
DA:109,0
DA:110,0
DA:111,0
DA:112,0
DA:113,0
DA:114,0
DA:115,0
DA:116,0
DA:117,0
DA:118,0
DA:119,0
DA:120,0
DA:121,0
DA:122,0
DA:123,0
LF:60
LH:0
end_of_record
SF:lib/models/common_manga.dart
DA:21,0
DA:42,0
DA:43,0
DA:44,0
DA:45,0
DA:46,0
DA:47,0
DA:48,0
DA:49,0
DA:50,0
DA:52,0
DA:53,0
DA:54,0
DA:55,0
DA:56,0
DA:57,0
DA:58,0
DA:59,0
DA:60,0
DA:61,0
DA:62,0
DA:63,0
DA:64,0
DA:68,0
DA:69,0
DA:70,0
DA:71,0
DA:72,0
DA:73,0
DA:74,0
DA:75,0
DA:76,0
DA:77,0
DA:78,0
DA:79,0
DA:80,0
DA:81,0
DA:82,0
DA:83,0
DA:84,0
DA:85,0
DA:86,0
DA:87,0
DA:91,0
DA:111,0
DA:112,0
DA:113,0
DA:114,0
DA:115,0
DA:116,0
DA:117,0
DA:118,0
DA:119,0
DA:120,0
DA:121,0
DA:122,0
DA:123,0
DA:124,0
DA:125,0
DA:126,0
DA:127,0
DA:128,0
DA:129,0
LF:63
LH:0
end_of_record
SF:lib/app.dart
DA:47,7
DA:49,1
DA:51,0
DA:52,1
DA:53,1
DA:58,1
DA:59,1
DA:61,1
DA:63,1
DA:64,0
DA:66,1
DA:67,0
DA:69,1
DA:70,0
DA:73,1
DA:74,0
DA:77,1
DA:78,0
DA:81,1
DA:82,0
DA:85,1
DA:86,0
DA:92,1
DA:93,2
DA:94,0
DA:96,0
DA:99,0
DA:101,0
DA:107,0
DA:108,0
DA:109,0
DA:110,0
DA:111,0
DA:112,0
DA:113,0
DA:114,0
DA:115,0
DA:116,0
DA:117,0
DA:118,0
DA:119,0
DA:120,0
DA:121,0
DA:122,0
DA:123,0
DA:124,0
DA:125,0
DA:126,0
DA:127,0
LF:49
LH:16
end_of_record
SF:lib/blocs/auth/login/login_bloc.dart
DA:12,0
DA:14,0
DA:15,0
DA:16,0
DA:17,0
DA:20,0
DA:24,0
DA:29,0
DA:31,0
DA:36,0
DA:37,0
DA:38,0
DA:42,0
DA:43,0
DA:48,0
DA:49,0
DA:63,0
DA:64,0
DA:65,0
DA:67,0
DA:69,0
DA:73,0
DA:77,0
DA:81,0
DA:83,0
DA:88,0
DA:89,0
DA:90,0
DA:93,0
DA:94,0
DA:99,0
DA:100,0
DA:103,0
DA:107,0
DA:111,0
DA:114,0
DA:120,0
LF:37
LH:0
end_of_record
SF:lib/blocs/auth/register/register_bloc.dart
DA:11,0
DA:13,0
DA:14,0
DA:16,0
DA:19,0
DA:23,0
DA:25,0
DA:26,0
DA:27,0
DA:29,0
DA:50,0
DA:54,0
DA:56,0
DA:57,0
DA:58,0
DA:59,0
DA:61,0
DA:63,0
LF:18
LH:0
end_of_record
SF:lib/blocs/likes/likes_bloc.dart
DA:9,0
DA:12,0
DA:13,0
DA:14,0
DA:15,0
DA:16,0
DA:17,0
DA:18,0
DA:19,0
DA:22,0
DA:26,0
DA:30,0
DA:31,0
DA:33,0
DA:35,0
DA:36,0
DA:43,0
DA:50,0
DA:52,0
DA:58,0
DA:62,0
DA:65,0
DA:69,0
DA:71,0
DA:72,0
DA:73,0
DA:75,0
DA:76,0
DA:79,0
DA:80,0
DA:81,0
DA:88,0
DA:92,0
DA:94,0
DA:95,0
DA:96,0
DA:98,0
DA:99,0
DA:102,0
DA:103,0
DA:104,0
DA:111,0
DA:115,0
DA:117,0
DA:118,0
DA:119,0
DA:121,0
DA:122,0
DA:125,0
DA:126,0
DA:127,0
DA:134,0
DA:138,0
DA:140,0
DA:141,0
DA:142,0
DA:144,0
DA:145,0
DA:148,0
DA:149,0
DA:150,0
LF:61
LH:0
end_of_record
SF:lib/blocs/settings/settings_bloc.dart
DA:9,0
DA:12,0
DA:13,0
DA:14,0
DA:15,0
DA:16,0
DA:17,0
DA:18,0
DA:19,0
DA:20,0
DA:21,0
DA:22,0
DA:23,0
DA:26,0
DA:30,0
DA:32,0
DA:33,0
DA:34,0
DA:35,0
DA:36,0
DA:37,0
DA:38,0
DA:40,0
DA:41,0
DA:42,0
DA:43,0
DA:45,0
DA:46,0
DA:49,0
DA:53,0
DA:57,0
DA:58,0
DA:60,0
DA:61,0
DA:62,0
DA:63,0
DA:64,0
DA:67,0
DA:68,0
DA:69,0
DA:70,0
DA:71,0
DA:72,0
DA:76,0
DA:81,0
DA:85,0
DA:86,0
DA:88,0
DA:89,0
DA:90,0
DA:91,0
DA:94,0
DA:95,0
DA:96,0
DA:97,0
DA:98,0
DA:102,0
DA:107,0
DA:111,0
DA:112,0
DA:114,0
DA:115,0
DA:117,0
DA:122,0
DA:126,0
DA:127,0
DA:129,0
DA:130,0
DA:132,0
DA:137,0
DA:141,0
DA:143,0
DA:144,0
DA:145,0
DA:146,0
DA:147,0
DA:148,0
DA:149,0
DA:151,0
DA:152,0
DA:153,0
DA:154,0
DA:156,0
DA:157,0
DA:160,0
DA:164,0
DA:168,0
DA:169,0
DA:170,0
DA:171,0
DA:172,0
DA:173,0
DA:179,0
DA:183,0
DA:184,0
DA:185,0
DA:186,0
DA:187,0
DA:193,0
DA:197,0
DA:198,0
DA:203,0
DA:207,0
DA:208,0
DA:213,0
DA:218,0
LF:106
LH:0
end_of_record
SF:lib/blocs/event/event_bloc.dart
DA:10,0
DA:12,0
DA:13,0
DA:14,0
DA:15,0
DA:16,0
DA:17,0
DA:18,0
DA:19,0
DA:20,0
DA:23,0
DA:28,0
DA:29,0
DA:30,0
DA:31,0
DA:34,0
DA:37,0
DA:41,0
DA:46,0
DA:47,0
DA:48,0
DA:50,0
DA:54,0
DA:59,0
DA:60,0
DA:61,0
DA:62,0
DA:64,0
DA:68,0
DA:73,0
DA:74,0
DA:75,0
DA:76,0
DA:78,0
DA:82,0
DA:87,0
DA:88,0
DA:89,0
DA:90,0
DA:92,0
DA:96,0
DA:101,0
DA:102,0
DA:103,0
DA:104,0
DA:106,0
DA:110,0
DA:115,0
DA:116,0
DA:117,0
DA:119,0
DA:123,0
DA:128,0
DA:129,0
DA:130,0
DA:132,0
LF:56
LH:0
end_of_record
SF:lib/blocs/spotify/spotify_bloc.dart
DA:8,0
DA:10,0
DA:11,0
DA:22,0
DA:24,0
DA:25,0
DA:32,0
DA:34,0
DA:35,0
DA:42,0
DA:44,0
DA:45,0
DA:52,7
DA:54,0
DA:55,0
DA:65,0
DA:67,0
DA:68,0
DA:78,0
DA:80,0
DA:81,0
DA:87,7
DA:89,0
DA:90,0
DA:97,0
DA:98,0
DA:99,0
DA:100,0
DA:101,0
DA:102,0
DA:105,0
DA:106,0
DA:108,0
DA:109,0
DA:111,0
DA:115,0
DA:116,0
DA:118,0
DA:119,0
DA:120,0
DA:121,0
DA:122,0
DA:125,0
DA:127,0
DA:130,0
DA:134,0
DA:135,0
DA:137,0
DA:139,0
DA:141,0
DA:144,0
DA:148,0
DA:149,0
DA:151,0
DA:152,0
DA:154,0
DA:158,0
DA:159,0
DA:161,0
DA:162,0
DA:164,0
LF:61
LH:2
end_of_record
SF:lib/presentation/screens/home/home_screen.dart
DA:17,15
DA:19,0
DA:20,0
DA:27,0
DA:29,0
DA:30,0
DA:33,0
DA:34,0
DA:35,0
DA:36,0
DA:37,0
DA:40,0
DA:42,0
DA:43,0
DA:44,0
DA:47,0
DA:49,0
DA:50,0
DA:51,0
DA:52,0
DA:53,0
DA:54,0
DA:55,0
DA:56,0
DA:62,0
DA:66,0
DA:67,0
DA:68,0
DA:70,0
DA:75,0
DA:76,0
DA:78,0
DA:80,0
DA:81,0
DA:82,0
DA:84,0
DA:87,0
DA:95,0
DA:100,0
DA:107,0
DA:112,0
DA:124,0
LF:42
LH:1
end_of_record
SF:lib/presentation/screens/auth/login_screen.dart
DA:13,8
DA:15,0
DA:16,0
DA:24,0
DA:26,0
DA:27,0
DA:28,0
DA:31,0
DA:33,0
DA:34,0
DA:45,0
DA:46,0
DA:47,0
DA:48,0
DA:49,0
DA:50,0
DA:52,0
DA:53,0
DA:54,0
DA:56,0
DA:57,0
DA:58,0
DA:59,0
DA:66,0
DA:67,0
DA:68,0
DA:70,0
DA:75,0
DA:77,0
DA:78,0
DA:79,0
DA:82,0
DA:105,0
DA:107,0
DA:112,0
DA:114,0
DA:120,0
DA:121,0
DA:122,0
DA:123,0
DA:124,0
DA:127,0
DA:135,0
DA:136,0
DA:154,0
DA:155,0
DA:156,0
DA:157,0
DA:158,0
DA:159,0
LF:50
LH:1
end_of_record
SF:lib/presentation/screens/discover/discover_screen.dart
DA:16,16
DA:18,0
DA:19,0
DA:27,0
DA:29,0
DA:30,0
DA:32,0
DA:35,0
DA:37,0
DA:38,0
DA:41,0
DA:43,0
DA:44,0
DA:45,0
DA:46,0
DA:47,0
DA:48,0
DA:54,0
DA:55,0
DA:56,0
DA:57,0
DA:58,0
DA:60,0
DA:62,0
DA:63,0
DA:67,0
DA:68,0
DA:70,0
DA:74,0
DA:75,0
DA:77,0
DA:78,0
DA:79,0
DA:80,0
DA:81,0
DA:82,0
DA:85,0
DA:87,0
DA:88,0
DA:89,0
DA:97,0
DA:98,0
DA:99,0
DA:100,0
DA:101,0
DA:103,0
DA:113,0
DA:114,0
DA:115,0
DA:116,0
DA:117,0
DA:119,0
DA:129,0
DA:130,0
DA:131,0
DA:132,0
LF:56
LH:1
end_of_record
SF:lib/presentation/screens/discover/top_tracks_page.dart
DA:13,7
DA:15,0
DA:16,0
DA:23,0
DA:25,0
DA:26,0
DA:28,0
DA:31,0
DA:33,0
DA:34,0
DA:37,0
DA:38,0
DA:39,0
DA:43,0
DA:44,0
DA:45,0
DA:49,0
DA:51,0
DA:52,0
DA:56,0
DA:58,0
DA:59,0
DA:60,0
DA:62,0
DA:69,0
DA:73,0
DA:74,0
DA:75,0
DA:81,0
DA:82,0
DA:83,0
DA:85,0
DA:86,0
DA:91,0
DA:92,0
DA:94,0
DA:98,0
DA:99,0
DA:100,0
DA:101,0
DA:106,0
DA:107,0
DA:109,0
DA:110,0
DA:120,0
DA:121,0
DA:122,0
DA:123,0
DA:124,0
DA:126,0
DA:127,0
DA:132,0
DA:133,0
DA:135,0
DA:144,0
DA:145,0
DA:146,0
DA:147,0
DA:148,0
DA:149,0
DA:152,0
DA:153,0
DA:167,0
DA:168,0
DA:169,0
DA:170,0
DA:171,0
DA:173,0
DA:176,0
DA:177,0
DA:179,0
DA:180,0
DA:183,0
DA:186,0
DA:189,0
DA:190,0
DA:192,0
DA:193,0
DA:194,0
DA:195,0
DA:201,0
DA:202,0
DA:203,0
DA:204,0
DA:210,0
DA:211,0
DA:212,0
DA:213,0
DA:214,0
DA:224,0
DA:225,0
DA:226,0
DA:227,0
DA:231,0
DA:233,0
DA:234,0
DA:238,0
DA:239,0
DA:240,0
DA:241,0
DA:243,0
DA:245,0
DA:246,0
DA:257,0
DA:258,0
DA:259,0
DA:260,0
DA:261,0
LF:108
LH:1
end_of_record
SF:lib/presentation/screens/library/library_screen.dart
DA:18,14
DA:20,0
DA:21,0
DA:31,0
DA:33,0
DA:34,0
DA:36,0
DA:39,0
DA:41,0
DA:42,0
DA:43,0
DA:46,0
DA:47,0
DA:48,0
DA:49,0
DA:53,0
DA:55,0
DA:56,0
DA:57,0
DA:59,0
DA:61,0
DA:62,0
DA:66,0
DA:67,0
DA:69,0
DA:73,0
DA:74,0
DA:75,0
DA:76,0
DA:77,0
DA:79,0
DA:80,0
DA:81,0
DA:82,0
DA:88,0
DA:89,0
DA:90,0
DA:92,0
DA:93,0
DA:95,0
DA:97,0
DA:98,0
DA:100,0
DA:106,0
DA:108,0
DA:118,0
DA:119,0
DA:120,0
DA:121,0
DA:125,0
DA:130,0
DA:131,0
DA:132,0
DA:134,0
DA:136,0
DA:145,0
DA:150,0
DA:151,0
DA:152,0
DA:154,0
DA:155,0
DA:156,0
DA:162,0
DA:168,0
DA:169,0
DA:170,0
DA:171,0
DA:172,0
DA:176,0
DA:181,0
DA:182,0
DA:184,0
DA:188,0
DA:199,0
DA:200,0
DA:201,0
DA:203,0
DA:205,0
DA:207,0
LF:79
LH:1
end_of_record
SF:lib/presentation/screens/profile/artist_details_screen.dart
DA:13,14
DA:19,0
DA:20,0
DA:30,0
DA:32,0
DA:33,0
DA:36,0
DA:38,0
DA:39,0
DA:42,0
DA:43,0
DA:44,0
DA:45,0
DA:46,0
DA:51,0
DA:52,0
DA:53,0
DA:57,0
DA:58,0
DA:59,0
DA:62,0
DA:63,0
DA:66,0
DA:67,0
DA:72,0
DA:75,0
DA:76,0
DA:77,0
DA:80,0
DA:82,0
DA:83,0
DA:87,0
DA:88,0
DA:90,0
DA:91,0
DA:94,0
DA:95,0
DA:97,0
DA:98,0
DA:100,0
DA:101,0
DA:105,0
DA:107,0
DA:108,0
DA:109,0
DA:113,0
DA:118,0
DA:119,0
DA:121,0
DA:122,0
DA:123,0
DA:126,0
DA:127,0
DA:129,0
DA:131,0
DA:132,0
DA:137,0
DA:140,0
DA:141,0
DA:142,0
DA:143,0
DA:145,0
DA:146,0
DA:147,0
DA:148,0
DA:150,0
DA:151,0
DA:152,0
LF:68
LH:1
end_of_record
SF:lib/presentation/screens/profile/genre_details_screen.dart
DA:13,14
DA:19,0
DA:20,0
DA:30,0
DA:32,0
DA:33,0
DA:36,0
DA:38,0
DA:39,0
DA:42,0
DA:43,0
DA:44,0
DA:45,0
DA:46,0
DA:51,0
DA:52,0
DA:53,0
DA:57,0
DA:58,0
DA:59,0
DA:62,0
DA:63,0
DA:66,0
DA:67,0
DA:72,0
DA:75,0
DA:76,0
DA:77,0
DA:80,0
DA:82,0
DA:83,0
DA:87,0
DA:88,0
DA:90,0
DA:91,0
DA:94,0
DA:95,0
DA:97,0
DA:98,0
DA:100,0
DA:101,0
DA:105,0
DA:107,0
DA:108,0
DA:109,0
DA:113,0
DA:118,0
DA:119,0
DA:121,0
DA:122,0
DA:123,0
DA:126,0
DA:127,0
DA:129,0
DA:131,0
DA:132,0
DA:137,0
DA:140,0
DA:141,0
DA:142,0
DA:143,0
DA:145,0
DA:146,0
DA:147,0
DA:148,0
DA:150,0
DA:151,0
DA:152,0
LF:68
LH:1
end_of_record
SF:lib/presentation/screens/profile/track_details_screen.dart
DA:14,15
DA:19,1
DA:20,1
DA:30,3
DA:32,0
DA:33,0
DA:34,0
DA:38,0
DA:39,0
DA:40,0
DA:41,0
DA:45,0
DA:46,0
DA:47,0
DA:50,0
DA:51,0
DA:54,0
DA:55,0
DA:60,0
DA:61,0
DA:62,0
DA:63,0
DA:67,0
DA:68,0
DA:69,0
DA:70,0
DA:71,0
DA:72,0
DA:77,0
DA:78,0
DA:79,0
DA:81,0
DA:84,0
DA:85,0
DA:86,0
DA:87,0
DA:88,0
DA:93,0
DA:94,0
DA:99,1
DA:101,1
DA:102,2
DA:103,7
DA:106,1
DA:108,2
DA:109,1
DA:112,1
DA:114,2
DA:115,0
DA:117,0
DA:118,0
DA:119,0
DA:121,0
DA:122,0
DA:124,0
DA:125,0
DA:129,0
DA:130,0
DA:132,0
DA:133,0
DA:134,0
DA:136,0
DA:137,0
DA:139,0
DA:140,0
DA:142,0
DA:144,0
DA:145,0
DA:146,0
DA:147,0
DA:150,0
DA:151,0
DA:152,0
DA:154,0
DA:156,0
DA:157,0
DA:158,0
DA:164,0
DA:166,0
DA:168,0
DA:169,0
DA:170,0
DA:171,0
DA:172,0
DA:173,0
DA:177,0
DA:178,0
DA:179,0
DA:180,0
DA:181,0
DA:185,0
DA:186,0
DA:187,0
DA:188,0
DA:189,0
DA:197,0
DA:199,0
DA:200,0
DA:201,0
DA:202,0
DA:203,0
DA:205,0
DA:210,0
DA:211,0
DA:213,0
DA:214,0
DA:215,0
DA:218,0
DA:219,0
DA:221,0
DA:223,0
DA:224,0
DA:226,0
DA:229,0
DA:232,0
DA:233,0
DA:234,0
DA:235,0
DA:236,0
DA:237,0
DA:238,0
DA:239,0
DA:240,0
DA:242,0
DA:243,0
DA:244,0
LF:126
LH:13
end_of_record
SF:lib/presentation/screens/search/search_screen.dart
DA:18,15
DA:20,1
DA:21,1
DA:35,1
DA:37,1
DA:38,2
DA:39,1
DA:40,3
DA:43,1
DA:45,2
DA:46,2
DA:47,2
DA:48,2
DA:49,1
DA:52,1
DA:53,2
DA:54,1
DA:55,1
DA:58,0
DA:59,0
DA:60,0
DA:61,0
DA:62,0
DA:63,0
DA:64,0
DA:65,0
DA:66,0
DA:67,0
DA:68,0
DA:69,0
DA:77,0
DA:78,0
DA:79,0
DA:80,0
DA:82,0
DA:86,0
DA:87,0
DA:88,0
DA:90,0
DA:91,0
DA:93,0
DA:97,0
DA:98,0
DA:99,0
DA:100,0
DA:103,1
DA:104,4
DA:107,0
DA:108,0
DA:109,0
DA:110,0
DA:111,0
DA:112,0
DA:113,0
DA:118,0
DA:119,0
DA:120,0
DA:122,0
DA:124,0
DA:129,0
DA:130,0
DA:131,0
DA:134,0
DA:135,0
DA:136,0
DA:137,0
DA:139,0
DA:142,0
DA:143,0
DA:144,0
DA:145,0
DA:146,0
DA:147,0
DA:154,1
DA:156,1
DA:157,1
DA:158,1
DA:159,1
DA:160,1
DA:161,1
DA:162,1
DA:163,1
DA:164,1
DA:165,1
DA:166,1
DA:168,0
DA:169,0
DA:173,1
DA:174,1
DA:176,1
DA:177,1
DA:178,1
DA:179,1
DA:180,1
DA:181,1
DA:183,1
DA:184,1
DA:185,1
DA:186,1
DA:188,1
DA:189,0
DA:190,0
DA:191,0
DA:193,0
DA:194,0
DA:195,0
DA:197,1
DA:198,0
DA:199,0
DA:200,0
DA:202,1
DA:203,0
DA:204,0
DA:205,0
DA:207,1
DA:208,0
DA:209,0
DA:211,0
DA:213,1
DA:214,0
DA:215,1
DA:216,0
DA:218,0
DA:219,0
DA:220,0
DA:221,0
DA:223,0
LF:127
LH:50
end_of_record
SF:lib/presentation/screens/settings/settings_screen.dart
DA:11,7
DA:13,0
DA:14,0
DA:20,0
DA:22,0
DA:23,0
DA:26,0
DA:28,0
DA:29,0
DA:32,0
DA:34,0
DA:35,0
DA:36,0
DA:43,0
DA:44,0
DA:45,0
DA:46,0
DA:47,0
DA:48,0
DA:52,0
DA:53,0
DA:61,0
DA:62,0
DA:66,0
DA:67,0
DA:69,0
DA:71,0
DA:73,0
DA:74,0
DA:75,0
DA:78,0
DA:79,0
DA:82,0
DA:83,0
DA:86,0
DA:87,0
DA:90,0
DA:92,0
DA:93,0
DA:107,0
DA:108,0
DA:110,0
DA:112,0
DA:119,0
DA:120,0
DA:121,0
DA:123,0
DA:124,0
DA:125,0
DA:128,0
DA:129,0
DA:130,0
DA:131,0
DA:132,0
DA:134,0
DA:135,0
DA:140,0
DA:143,0
DA:144,0
DA:145,0
DA:146,0
DA:147,0
DA:148,0
DA:150,0
DA:155,0
DA:158,0
DA:159,0
DA:160,0
DA:161,0
DA:162,0
DA:163,0
DA:164,0
DA:176,0
DA:177,0
DA:178,0
DA:180,0
DA:181,0
DA:182,0
DA:185,0
DA:186,0
DA:187,0
DA:188,0
DA:190,0
DA:191,0
DA:196,0
DA:199,0
DA:200,0
DA:201,0
DA:202,0
DA:203,0
DA:205,0
DA:210,0
DA:213,0
DA:214,0
DA:215,0
DA:216,0
DA:217,0
DA:218,0
DA:230,0
DA:231,0
DA:232,0
DA:234,0
DA:235,0
DA:236,0
DA:238,0
DA:239,0
DA:240,0
DA:241,0
DA:242,0
DA:244,0
DA:246,0
DA:247,0
DA:249,0
DA:260,0
DA:261,0
DA:262,0
DA:264,0
DA:266,0
DA:267,0
DA:268,0
DA:277,0
DA:278,0
LF:122
LH:1
end_of_record
SF:lib/presentation/screens/connect/connect_services_screen.dart
DA:6,14
DA:8,0
DA:10,0
DA:11,0
DA:12,0
DA:19,0
DA:21,0
DA:23,0
DA:24,0
DA:30,0
DA:36,0
DA:38,0
DA:46,0
DA:52,0
DA:54,0
DA:62,0
DA:68,0
DA:70,0
DA:78,0
DA:84,0
DA:86,0
DA:94,0
DA:101,0
DA:102,0
DA:104,0
DA:105,0
DA:106,0
DA:112,0
DA:113,0
DA:115,0
DA:116,0
DA:118,0
DA:122,0
DA:124,0
DA:131,0
DA:133,0
DA:134,0
DA:147,0
DA:155,0
DA:156,0
DA:158,0
DA:159,0
DA:160,0
DA:163,0
DA:164,0
DA:165,0
DA:167,0
DA:174,0
DA:175,0
DA:177,0
DA:178,0
DA:180,0
DA:185,0
DA:193,0
LF:54
LH:1
end_of_record
SF:lib/presentation/screens/spotify/played_tracks_map_screen.dart
DA:6,28
DA:8,0
DA:15,7
DA:17,0
DA:18,0
DA:22,0
DA:24,0
DA:25,0
DA:28,0
DA:30,0
DA:31,0
DA:34,0
DA:35,0
DA:36,0
DA:37,0
DA:38,0
DA:39,0
DA:40,0
DA:41,0
DA:42,0
DA:43,0
DA:44,0
DA:48,0
DA:50,0
DA:51,0
LF:25
LH:2
end_of_record
SF:lib/presentation/screens/spotify/spotify_control_screen.dart
DA:9,21
DA:11,0
DA:18,7
DA:20,0
DA:21,0
DA:27,0
DA:29,0
DA:30,0
DA:33,0
DA:35,0
DA:36,0
DA:37,0
DA:38,0
DA:43,0
DA:44,0
DA:51,0
DA:52,0
DA:53,0
DA:54,0
DA:55,0
DA:57,0
DA:58,0
DA:59,0
DA:60,0
DA:61,0
DA:62,0
DA:63,0
DA:64,0
DA:67,0
DA:69,0
DA:71,0
DA:72,0
DA:73,0
DA:74,0
DA:75,0
DA:76,0
DA:77,0
DA:79,0
DA:84,0
DA:85,0
DA:100,0
DA:104,0
DA:106,0
DA:109,0
DA:110,0
DA:111,0
DA:112,0
DA:113,0
DA:117,0
DA:118,0
DA:121,0
DA:124,0
DA:126,0
DA:127,0
DA:129,0
DA:130,0
DA:132,0
DA:135,0
DA:137,0
DA:138,0
DA:140,0
DA:141,0
DA:149,0
DA:150,0
DA:151,0
DA:152,0
DA:155,0
DA:156,0
DA:159,0
DA:160,0
DA:161,0
DA:165,0
LF:72
LH:2
end_of_record
SF:lib/data/providers/token_provider.dart
DA:9,0
DA:10,0
DA:11,0
DA:13,0
DA:17,0
DA:19,0
DA:21,0
DA:24,0
DA:25,0
DA:26,0
DA:28,0
DA:32,0
DA:33,0
DA:34,0
DA:36,0
LF:15
LH:0
end_of_record
SF:lib/core/theme/design_system.dart
DA:13,0
DA:380,0
DA:407,0
DA:408,0
DA:409,0
DA:410,0
DA:411,0
DA:412,0
DA:413,0
DA:414,0
DA:415,0
DA:416,0
DA:417,0
DA:418,0
DA:419,0
DA:420,0
DA:421,0
DA:422,0
DA:426,0
DA:429,0
DA:430,0
DA:435,0
DA:439,0
DA:454,0
DA:455,0
DA:456,0
DA:457,0
DA:459,0
DA:460,0
DA:463,0
DA:464,0
DA:467,0
DA:468,0
DA:480,0
DA:513,0
DA:514,0
DA:515,0
DA:516,0
DA:517,0
DA:518,0
DA:519,0
DA:520,0
DA:521,0
DA:522,0
DA:523,0
DA:524,0
DA:525,0
DA:526,0
DA:527,0
DA:528,0
DA:529,0
DA:530,0
DA:531,0
DA:537,0
DA:571,0
DA:572,0
DA:573,0
DA:574,0
DA:575,0
DA:576,0
DA:577,0
DA:578,0
DA:579,0
DA:580,0
DA:581,0
DA:582,0
DA:583,0
DA:584,0
DA:585,0
DA:586,0
DA:587,0
DA:588,0
DA:589,0
DA:599,0
DA:626,0
DA:627,0
DA:628,0
DA:629,0
DA:630,0
DA:631,0
DA:632,0
DA:633,0
DA:634,0
DA:635,0
DA:636,0
DA:637,0
DA:638,0
DA:639,0
DA:640,0
DA:641,0
DA:645,0
DA:648,0
DA:649,0
DA:654,0
DA:658,0
DA:673,0
DA:674,0
DA:675,0
DA:678,0
DA:679,0
DA:682,0
DA:683,0
DA:686,0
DA:687,0
DA:699,0
DA:732,0
DA:733,0
DA:734,0
DA:735,0
DA:736,0
DA:737,0
DA:738,0
DA:739,0
DA:740,0
DA:741,0
DA:742,0
DA:743,0
DA:744,0
DA:745,0
DA:746,0
DA:747,0
DA:748,0
DA:749,0
DA:750,0
DA:756,0
DA:790,0
DA:791,0
DA:792,0
DA:793,0
DA:794,0
DA:795,0
DA:796,0
DA:797,0
DA:798,0
DA:799,0
DA:800,0
DA:801,0
DA:802,0
DA:803,0
DA:804,0
DA:805,0
DA:806,0
DA:807,0
DA:808,0
DA:826,0
DA:829,2
DA:832,0
DA:835,0
DA:838,0
DA:841,0
DA:844,0
DA:849,21
DA:913,0
DA:946,0
DA:947,0
DA:948,0
DA:949,0
DA:950,0
DA:951,0
DA:952,0
DA:953,0
DA:954,0
DA:955,0
DA:956,0
DA:957,0
DA:958,0
DA:959,0
DA:960,0
DA:961,0
DA:962,0
DA:963,0
DA:964,0
DA:965,0
DA:966,0
DA:967,0
DA:968,0
DA:969,0
DA:970,0
DA:971,0
DA:972,0
DA:973,0
DA:974,0
DA:975,0
DA:976,0
DA:980,0
DA:982,0
DA:983,0
DA:984,0
DA:985,0
DA:986,0
DA:987,0
DA:988,0
DA:989,0
DA:990,0
DA:991,0
DA:992,0
DA:993,0
DA:994,0
DA:995,0
DA:996,0
DA:997,0
DA:998,0
DA:999,0
DA:1000,0
DA:1001,0
DA:1002,0
DA:1003,0
DA:1004,0
DA:1005,0
DA:1006,0
DA:1007,0
DA:1008,0
DA:1009,0
DA:1010,0
DA:1011,0
DA:1012,0
DA:1013,0
DA:1020,0
DA:1060,0
DA:1081,0
DA:1082,0
DA:1083,0
DA:1084,0
DA:1085,0
DA:1086,0
DA:1087,0
DA:1088,0
DA:1089,0
DA:1090,0
DA:1091,0
DA:1092,0
DA:1093,0
DA:1094,0
DA:1095,0
DA:1096,0
DA:1097,0
DA:1098,0
DA:1099,0
DA:1103,0
DA:1105,0
DA:1106,0
DA:1107,0
DA:1108,0
DA:1109,0
DA:1110,0
DA:1111,0
DA:1112,0
DA:1113,0
DA:1114,0
DA:1115,0
DA:1116,0
DA:1117,0
DA:1118,0
DA:1119,0
DA:1120,0
DA:1121,0
DA:1122,0
DA:1123,0
DA:1124,0
DA:1131,21
DA:1133,0
DA:1134,0
DA:1135,0
DA:1136,0
DA:1137,0
DA:1138,0
DA:1139,0
DA:1140,0
DA:1141,0
DA:1143,0
DA:1158,0
DA:1160,0
DA:1167,21
DA:1169,0
DA:1170,0
DA:1171,0
DA:1172,0
DA:1173,0
DA:1174,0
DA:1175,0
DA:1176,0
DA:1178,0
DA:1192,0
DA:1194,0
DA:1201,7
DA:1203,0
DA:1204,0
DA:1205,0
DA:1206,0
DA:1207,0
DA:1208,0
DA:1210,0
DA:1222,0
DA:1224,0
DA:1231,7
DA:1233,0
DA:1234,0
DA:1235,0
DA:1236,0
DA:1237,0
DA:1238,0
DA:1240,0
DA:1252,0
DA:1254,0
DA:1261,0
DA:1277,0
DA:1286,0
DA:1287,0
DA:1288,0
DA:1289,0
DA:1290,0
DA:1291,0
DA:1292,0
DA:1296,0
DA:1298,0
DA:1299,0
DA:1300,0
DA:1301,0
DA:1302,0
DA:1303,0
DA:1304,0
DA:1305,0
LF:322
LH:6
end_of_record
SF:lib/core/theme/app_constants.dart
DA:50,0
DA:51,0
DA:52,0
DA:62,0
DA:89,0
LF:5
LH:0
end_of_record
SF:lib/blocs/analytics/analytics_bloc.dart
DA:9,0
DA:11,0
DA:12,0
DA:13,0
DA:14,0
DA:15,0
DA:16,0
DA:17,0
DA:20,0
DA:25,0
DA:26,0
DA:27,0
DA:28,0
DA:30,0
DA:32,0
DA:36,0
DA:41,0
DA:42,0
DA:43,0
DA:46,0
DA:50,0
DA:55,0
DA:56,0
DA:57,0
DA:60,0
DA:64,0
DA:69,0
DA:70,0
DA:71,0
DA:73,0
DA:77,0
DA:82,0
DA:83,0
DA:84,0
DA:86,0
DA:90,0
DA:95,0
DA:96,0
DA:97,0
DA:99,0
LF:40
LH:0
end_of_record
SF:lib/blocs/analytics/analytics_event.dart
DA:4,0
DA:6,0
DA:7,0
DA:14,0
DA:16,0
DA:17,0
DA:24,0
DA:29,0
DA:30,0
DA:37,0
DA:42,0
DA:43,0
LF:12
LH:0
end_of_record
SF:lib/blocs/analytics/analytics_state.dart
DA:4,0
DA:6,0
DA:7,0
DA:17,0
DA:19,0
DA:20,0
DA:26,0
DA:28,0
DA:29,0
DA:35,0
DA:37,0
DA:38,0
DA:44,0
DA:46,0
DA:47,0
DA:53,0
DA:55,0
DA:56,0
LF:18
LH:0
end_of_record
SF:lib/blocs/artist/artist_bloc.dart
DA:11,0
DA:16,0
DA:17,0
DA:18,0
DA:19,0
DA:22,0
DA:26,0
DA:28,0
DA:29,0
DA:30,0
DA:32,0
DA:36,0
DA:40,0
DA:42,0
DA:43,0
DA:44,0
DA:45,0
DA:48,0
DA:52,0
DA:57,0
DA:58,0
DA:59,0
DA:62,0
DA:64,0
DA:67,0
DA:69,0
DA:72,0
DA:74,0
DA:78,0
LF:29
LH:0
end_of_record
SF:lib/blocs/artist/artist_event.dart
DA:4,0
DA:6,0
DA:7,0
DA:13,0
DA:15,0
DA:16,0
DA:22,0
DA:24,0
DA:25,0
DA:31,0
DA:33,0
DA:34,0
LF:12
LH:0
end_of_record
SF:lib/blocs/artist/artist_state.dart
DA:6,0
DA:8,0
DA:9,0
DA:20,0
DA:25,0
DA:26,0
DA:32,0
DA:34,0
DA:35,0
DA:41,0
DA:43,0
DA:44,0
LF:12
LH:0
end_of_record
SF:lib/blocs/auth/auth_bloc.dart
DA:7,0
DA:9,0
DA:10,0
DA:17,0
DA:22,0
DA:23,0
DA:31,0
DA:37,0
DA:38,0
DA:49,0
DA:51,0
DA:52,0
DA:58,0
DA:60,0
DA:61,0
DA:67,0
DA:69,0
DA:70,0
DA:75,7
DA:77,0
DA:78,0
DA:89,0
DA:94,0
DA:95,0
DA:103,0
DA:105,0
DA:106,0
DA:113,0
DA:118,0
DA:119,0
DA:126,0
DA:128,0
DA:129,0
DA:130,0
DA:131,0
DA:132,0
DA:133,0
DA:134,0
DA:135,0
DA:138,0
DA:143,0
DA:145,0
DA:146,0
DA:148,0
DA:152,0
DA:157,0
DA:158,0
DA:159,0
DA:160,0
DA:161,0
DA:163,0
DA:165,0
DA:169,0
DA:174,0
DA:175,0
DA:176,0
DA:179,0
DA:183,0
DA:188,0
DA:189,0
DA:190,0
DA:193,0
DA:197,0
DA:202,0
DA:203,0
DA:204,0
DA:205,0
DA:207,0
DA:208,0
DA:210,0
DA:211,0
DA:213,0
DA:214,0
DA:217,0
DA:218,0
DA:219,0
DA:220,0
DA:221,0
DA:225,0
DA:229,0
DA:234,0
DA:235,0
DA:236,0
DA:238,0
DA:242,0
DA:247,0
DA:248,0
DA:249,0
DA:250,0
DA:252,0
DA:253,0
DA:256,0
DA:258,0
DA:260,0
DA:266,7
DA:270,0
DA:274,0
DA:275,0
DA:276,0
LF:99
LH:2
end_of_record
SF:lib/blocs/auth/login/login_event.dart
DA:4,0
DA:6,0
DA:7,0
DA:14,0
DA:19,0
DA:20,0
LF:6
LH:0
end_of_record
SF:lib/blocs/auth/login/login_state.dart
DA:4,7
DA:6,0
DA:7,0
DA:17,0
DA:19,0
DA:20,0
DA:26,7
DA:28,0
DA:29,0
DA:35,0
DA:37,0
DA:38,0
DA:46,7
DA:52,0
DA:53,0
LF:15
LH:3
end_of_record
SF:lib/blocs/auth/register/register_event.dart
DA:4,0
DA:6,0
DA:7,0
DA:19,0
DA:25,0
DA:26,0
LF:6
LH:0
end_of_record
SF:lib/blocs/auth/register/register_state.dart
DA:4,0
DA:6,0
DA:7,0
DA:17,0
DA:19,0
DA:20,0
DA:28,0
DA:34,0
DA:35,0
DA:41,0
DA:43,0
DA:44,0
DA:50,0
DA:52,0
DA:53,0
LF:15
LH:0
end_of_record
SF:lib/blocs/bud/bud_bloc.dart
DA:11,0
DA:16,0
DA:18,0
DA:19,0
DA:20,0
DA:21,0
DA:22,0
DA:25,0
DA:26,0
DA:27,0
DA:28,0
DA:29,0
DA:32,0
DA:33,0
DA:34,0
DA:35,0
DA:38,0
DA:41,0
DA:42,0
DA:43,0
DA:44,0
DA:45,0
DA:46,0
DA:47,0
DA:48,0
DA:49,0
DA:50,0
DA:54,0
DA:58,0
DA:60,0
DA:61,0
DA:63,0
DA:67,0
DA:71,0
DA:73,0
DA:74,0
DA:76,0
DA:80,0
DA:84,0
DA:86,0
DA:87,0
DA:89,0
DA:93,0
DA:97,0
DA:99,0
DA:100,0
DA:102,0
DA:106,0
DA:110,0
DA:112,0
DA:113,0
DA:115,0
DA:120,0
DA:124,0
DA:126,0
DA:127,0
DA:129,0
DA:133,0
DA:137,0
DA:139,0
DA:140,0
DA:142,0
DA:146,0
DA:150,0
DA:152,0
DA:153,0
DA:155,0
DA:159,0
DA:163,0
DA:165,0
DA:166,0
DA:168,0
DA:172,0
DA:176,0
DA:178,0
DA:179,0
DA:181,0
DA:186,0
DA:190,0
DA:192,0
DA:193,0
DA:195,0
DA:199,0
DA:203,0
DA:205,0
DA:206,0
DA:208,0
DA:212,0
DA:216,0
DA:218,0
DA:219,0
DA:221,0
DA:225,0
DA:229,0
DA:231,0
DA:232,0
DA:234,0
DA:239,0
DA:243,0
DA:245,0
DA:246,0
DA:248,0
DA:253,0
DA:257,0
DA:259,0
DA:260,0
DA:261,0
DA:262,0
DA:265,0
DA:269,0
DA:273,0
DA:275,0
DA:276,0
DA:277,0
DA:278,0
DA:281,0
DA:285,0
DA:289,0
DA:291,0
DA:292,0
DA:293,0
DA:294,0
DA:297,0
DA:301,0
DA:305,0
DA:307,0
DA:308,0
DA:309,0
DA:310,0
DA:313,0
DA:317,0
DA:321,0
DA:323,0
DA:324,0
DA:325,0
DA:326,0
DA:329,0
DA:333,0
DA:337,0
DA:339,0
DA:340,0
DA:341,0
DA:342,0
DA:345,0
DA:349,0
DA:353,0
DA:355,0
DA:356,0
DA:357,0
DA:358,0
DA:361,0
DA:365,0
DA:369,0
DA:371,0
DA:372,0
DA:373,0
DA:374,0
DA:377,0
DA:381,0
DA:385,0
DA:387,0
DA:388,0
DA:389,0
DA:390,0
DA:393,0
DA:397,0
DA:401,0
DA:403,0
DA:404,0
DA:405,0
DA:406,0
DA:409,0
LF:172
LH:0
end_of_record
SF:lib/blocs/bud/bud_event.dart
DA:4,0
DA:6,0
DA:7,0
DA:36,0
DA:38,0
DA:39,0
DA:45,0
DA:47,0
DA:48,0
DA:54,0
DA:56,0
DA:57,0
DA:63,0
DA:65,0
DA:66,0
DA:73,0
DA:75,0
DA:76,0
DA:83,0
DA:85,0
DA:86,0
DA:92,0
DA:94,0
DA:95,0
DA:101,0
DA:103,0
DA:104,0
DA:110,0
DA:112,0
DA:113,0
DA:119,0
DA:121,0
DA:122,0
DA:128,0
DA:130,0
DA:131,0
DA:137,0
DA:139,0
DA:140,0
DA:146,0
DA:148,0
DA:149,0
DA:155,0
DA:157,0
DA:158,0
DA:164,0
DA:166,0
DA:167,0
LF:48
LH:0
end_of_record
SF:lib/blocs/bud/bud_state.dart
DA:11,7
DA:13,0
DA:14,0
DA:18,7
DA:22,7
DA:29,0
DA:34,0
DA:35,0
DA:41,0
DA:43,0
DA:44,0
DA:51,0
DA:53,0
DA:54,0
DA:60,0
DA:62,0
DA:63,0
DA:69,0
DA:71,0
DA:72,0
DA:78,0
DA:80,0
DA:81,0
DA:87,0
DA:89,0
DA:90,0
DA:96,0
DA:98,0
DA:99,0
DA:105,0
DA:107,0
DA:108,0
DA:114,0
DA:116,0
DA:117,0
DA:123,0
DA:125,0
DA:126,0
DA:132,0
DA:134,0
DA:135,0
DA:142,0
DA:144,0
DA:145,0
DA:152,0
DA:154,0
DA:155,0
DA:162,0
DA:164,0
DA:165,0
DA:172,0
DA:174,0
DA:175,0
DA:182,0
DA:184,0
DA:185,0
DA:193,0
DA:195,0
DA:196,0
DA:203,0
DA:205,0
DA:206,0
DA:213,0
DA:215,0
DA:216,0
DA:223,0
DA:225,0
DA:226,0
DA:233,0
DA:235,0
DA:236,0
DA:243,0
DA:245,0
DA:246,0
DA:253,0
DA:255,0
DA:256,0
DA:263,0
DA:265,0
DA:266,0
DA:273,0
DA:275,0
DA:276,0
DA:283,0
DA:285,0
DA:286,0
LF:86
LH:3
end_of_record
SF:lib/models/common_track.dart
DA:20,0
DA:22,8
DA:42,0
DA:44,0
DA:45,0
DA:48,0
DA:49,0
DA:50,0
DA:51,0
DA:52,0
DA:56,0
DA:59,0
DA:61,0
DA:62,0
DA:63,0
DA:64,0
DA:65,0
DA:66,0
DA:67,0
DA:68,0
DA:69,0
DA:70,0
DA:71,0
DA:72,0
DA:73,0
DA:75,0
DA:76,0
DA:80,0
DA:81,0
DA:82,0
DA:83,0
DA:84,0
DA:85,0
DA:86,0
DA:87,0
DA:88,0
DA:89,0
DA:90,0
DA:91,0
DA:92,0
DA:93,0
DA:94,0
DA:95,0
DA:96,0
DA:97,0
DA:98,0
DA:102,0
DA:121,0
DA:122,0
DA:123,0
DA:124,0
DA:125,0
DA:126,0
DA:127,0
DA:128,0
DA:129,0
DA:130,0
DA:131,0
DA:132,0
DA:133,0
DA:134,0
DA:135,0
DA:136,0
DA:137,0
DA:138,0
LF:65
LH:1
end_of_record
SF:lib/models/common_artist.dart
DA:17,0
DA:33,0
DA:35,0
DA:36,0
DA:37,0
DA:40,0
DA:41,0
DA:42,0
DA:43,0
DA:44,0
DA:48,0
DA:52,0
DA:53,0
DA:54,0
DA:55,0
DA:56,0
DA:57,0
DA:59,0
DA:60,0
DA:61,0
DA:62,0
DA:64,0
DA:68,0
DA:69,0
DA:70,0
DA:71,0
DA:72,0
DA:73,0
DA:74,0
DA:75,0
DA:76,0
DA:77,0
DA:78,0
DA:79,0
DA:80,0
DA:81,0
DA:82,0
DA:86,0
DA:101,0
DA:102,0
DA:103,0
DA:104,0
DA:105,0
DA:106,0
DA:107,0
DA:108,0
DA:109,0
DA:110,0
DA:111,0
DA:112,0
DA:113,0
DA:114,0
LF:52
LH:0
end_of_record
SF:lib/models/common_genre.dart
DA:15,0
DA:29,0
DA:31,0
DA:32,0
DA:33,0
DA:35,0
DA:39,0
DA:40,0
DA:41,0
DA:42,0
DA:43,0
DA:44,0
DA:45,0
DA:46,0
DA:47,0
DA:48,0
DA:52,0
DA:53,0
DA:54,0
DA:55,0
DA:56,0
DA:57,0
DA:58,0
DA:59,0
DA:60,0
DA:61,0
DA:62,0
DA:63,0
DA:64,0
DA:68,0
DA:81,0
DA:82,0
DA:83,0
DA:84,0
DA:85,0
DA:86,0
DA:87,0
DA:88,0
DA:89,0
DA:90,0
DA:91,0
DA:92,0
LF:42
LH:0
end_of_record
SF:lib/models/common_album.dart
DA:19,0
DA:38,0
DA:40,0
DA:41,0
DA:42,0
DA:45,0
DA:46,0
DA:47,0
DA:48,0
DA:49,0
DA:53,0
DA:57,0
DA:58,0
DA:59,0
DA:60,0
DA:61,0
DA:62,0
DA:63,0
DA:64,0
DA:66,0
DA:67,0
DA:68,0
DA:69,0
DA:71,0
DA:72,0
DA:76,0
DA:77,0
DA:78,0
DA:79,0
DA:80,0
DA:81,0
DA:82,0
DA:83,0
DA:84,0
DA:85,0
DA:86,0
DA:87,0
DA:88,0
DA:89,0
DA:90,0
DA:91,0
DA:92,0
DA:93,0
DA:97,0
DA:115,0
DA:116,0
DA:117,0
DA:118,0
DA:119,0
DA:120,0
DA:121,0
DA:122,0
DA:123,0
DA:124,0
DA:125,0
DA:126,0
DA:127,0
DA:128,0
DA:129,0
DA:130,0
DA:131,0
LF:61
LH:0
end_of_record
SF:lib/blocs/bud/common_items/bud_common_items_bloc.dart
DA:10,0
DA:13,0
DA:14,0
DA:15,0
DA:18,0
DA:22,0
DA:24,0
DA:25,0
DA:26,0
DA:28,0
DA:30,0
DA:37,0
DA:41,0
DA:46,0
DA:47,0
DA:48,0
DA:50,0
DA:52,0
DA:59,0
LF:19
LH:0
end_of_record
SF:lib/blocs/bud/common_items/bud_common_items_event.dart
DA:4,0
DA:6,0
DA:7,0
DA:13,0
DA:15,0
DA:16,0
DA:22,0
DA:24,0
DA:25,0
LF:9
LH:0
end_of_record
SF:lib/blocs/bud/common_items/bud_common_items_state.dart
DA:7,0
DA:9,0
DA:10,0
DA:23,0
DA:30,0
DA:31,0
DA:32,0
DA:33,0
DA:34,0
DA:35,0
DA:42,0
DA:44,0
DA:45,0
LF:13
LH:0
end_of_record
SF:lib/blocs/chat/chat_bloc.dart
DA:10,0
DA:12,0
DA:13,0
DA:14,0
DA:15,0
DA:16,0
DA:17,0
DA:18,0
DA:19,0
DA:20,0
DA:21,0
DA:22,0
DA:23,0
DA:24,0
DA:25,0
DA:26,0
DA:27,0
DA:28,0
DA:29,0
DA:30,0
DA:31,0
DA:32,0
DA:33,0
DA:34,0
DA:35,0
DA:36,0
DA:39,0
DA:43,0
DA:45,0
DA:46,0
DA:48,0
DA:52,0
DA:56,0
DA:58,0
DA:59,0
DA:61,0
DA:65,0
DA:69,0
DA:72,0
DA:74,0
DA:78,0
DA:82,0
DA:84,0
DA:85,0
DA:86,0
DA:87,0
DA:89,0
DA:91,0
DA:95,0
DA:99,0
DA:101,0
DA:102,0
DA:103,0
DA:105,0
DA:107,0
DA:111,0
DA:115,0
DA:117,0
DA:118,0
DA:119,0
DA:121,0
DA:123,0
DA:127,0
DA:131,0
DA:133,0
DA:134,0
DA:135,0
DA:136,0
DA:138,0
DA:140,0
DA:144,0
DA:148,0
DA:151,0
DA:153,0
DA:157,0
DA:163,0
DA:165,0
DA:169,0
DA:173,0
DA:176,0
DA:178,0
DA:182,0
DA:186,0
DA:189,0
DA:191,0
DA:195,0
DA:199,0
DA:202,0
DA:204,0
DA:208,0
DA:213,0
DA:214,0
DA:215,0
DA:216,0
DA:218,0
DA:220,0
DA:224,0
DA:228,0
DA:231,0
DA:233,0
DA:237,0
DA:241,0
DA:244,0
DA:246,0
DA:250,0
DA:254,0
DA:257,0
DA:259,0
DA:263,0
DA:267,0
DA:269,0
DA:270,0
DA:274,0
DA:276,0
DA:280,0
DA:284,0
DA:286,0
DA:287,0
DA:288,0
DA:290,0
DA:292,0
DA:296,0
DA:301,0
DA:302,0
DA:304,0
DA:308,0
DA:312,0
DA:315,0
DA:317,0
DA:321,0
DA:325,0
DA:327,0
DA:328,0
DA:329,0
DA:330,0
DA:332,0
DA:334,0
DA:338,0
DA:343,0
DA:344,0
DA:345,0
DA:346,0
DA:347,0
DA:350,0
DA:351,0
DA:352,0
DA:354,0
DA:358,0
DA:362,0
DA:364,0
DA:365,0
DA:366,0
DA:367,0
DA:369,0
DA:371,0
DA:375,0
DA:380,0
DA:381,0
DA:382,0
DA:384,0
DA:385,0
DA:387,0
LF:162
LH:0
end_of_record
SF:lib/models/message.dart
DA:11,0
DA:19,0
DA:22,0
DA:23,0
DA:24,0
DA:25,0
DA:26,0
DA:27,0
DA:28,0
DA:33,0
DA:34,0
DA:35,0
DA:36,0
DA:37,0
DA:38,0
DA:39,0
DA:44,0
DA:51,0
DA:52,0
DA:53,0
DA:54,0
DA:55,0
DA:56,0
DA:60,0
DA:61,0
DA:62,0
DA:63,0
DA:64,0
DA:65,0
DA:66,0
LF:30
LH:0
end_of_record
SF:lib/blocs/chat/chat_event.dart
DA:4,0
DA:6,0
DA:7,0
DA:19,0
DA:21,0
DA:22,0
DA:30,0
DA:36,0
DA:37,0
DA:44,0
DA:49,0
DA:50,0
DA:57,0
DA:62,0
DA:63,0
DA:71,0
DA:77,0
DA:78,0
DA:84,0
DA:86,0
DA:87,0
DA:93,0
DA:95,0
DA:96,0
DA:102,0
DA:104,0
DA:105,0
DA:111,0
DA:113,0
DA:114,0
DA:120,0
DA:122,0
DA:123,0
DA:131,0
DA:137,0
DA:138,0
DA:144,0
DA:146,0
DA:147,0
DA:153,0
DA:155,0
DA:156,0
DA:162,0
DA:164,0
DA:165,0
DA:172,0
DA:177,0
DA:178,0
DA:186,0
DA:192,0
DA:193,0
DA:200,0
DA:205,0
DA:206,0
DA:212,0
DA:214,0
DA:215,0
DA:223,0
DA:229,0
DA:230,0
DA:238,0
DA:244,0
DA:245,0
DA:253,0
DA:259,0
DA:260,0
DA:267,0
DA:272,0
DA:273,0
LF:69
LH:0
end_of_record
SF:lib/blocs/chat/chat_state.dart
DA:12,7
DA:14,0
DA:15,0
DA:27,0
DA:29,0
DA:30,0
DA:36,7
DA:38,0
DA:39,0
DA:45,0
DA:47,0
DA:48,0
DA:54,0
DA:56,0
DA:57,0
DA:63,0
DA:65,0
DA:66,0
DA:72,0
DA:74,0
DA:75,0
DA:81,0
DA:83,0
DA:84,0
DA:90,0
DA:92,0
DA:93,0
DA:97,7
DA:103,0
DA:105,0
DA:106,0
DA:116,0
DA:118,0
DA:119,0
DA:125,0
DA:127,0
DA:128,0
DA:134,0
DA:136,0
DA:137,0
DA:141,7
DA:147,0
DA:149,0
DA:150,0
DA:156,0
DA:158,0
DA:159,0
DA:165,0
DA:167,0
DA:168,0
DA:174,0
DA:176,0
DA:177,0
DA:183,0
DA:185,0
DA:186,0
DA:192,0
DA:194,0
DA:195,0
LF:59
LH:4
end_of_record
SF:lib/blocs/chat/chat_management_bloc.dart
DA:7,0
DA:9,0
DA:10,0
DA:22,0
DA:24,0
DA:25,0
DA:31,0
DA:33,0
DA:34,0
DA:42,0
DA:48,0
DA:49,0
DA:55,0
DA:57,0
DA:58,0
DA:64,0
DA:66,0
DA:67,0
DA:74,0
DA:79,0
DA:80,0
DA:87,0
DA:92,0
DA:93,0
DA:100,0
DA:105,0
DA:106,0
DA:113,0
DA:118,0
DA:119,0
DA:126,0
DA:131,0
DA:132,0
DA:139,0
DA:144,0
DA:145,0
DA:153,0
DA:159,0
DA:160,0
DA:165,0
DA:167,0
DA:168,0
DA:178,0
DA:180,0
DA:181,0
DA:187,0
DA:189,0
DA:190,0
DA:196,0
DA:198,0
DA:199,0
DA:206,0
DA:211,0
DA:212,0
DA:219,0
DA:224,0
DA:225,0
DA:231,0
DA:233,0
DA:234,0
DA:240,0
DA:242,0
DA:243,0
DA:250,0
DA:255,0
DA:256,0
DA:263,0
DA:268,0
DA:269,0
DA:276,0
DA:281,0
DA:282,0
DA:289,0
DA:294,0
DA:295,0
DA:302,0
DA:307,0
DA:308,0
DA:315,0
DA:320,0
DA:321,0
DA:328,0
DA:333,0
DA:334,0
DA:342,0
DA:348,0
DA:349,0
DA:355,0
DA:357,0
DA:358,0
DA:365,0
DA:367,0
DA:368,0
DA:369,0
DA:370,0
DA:371,0
DA:372,0
DA:373,0
DA:374,0
DA:375,0
DA:376,0
DA:377,0
DA:378,0
DA:379,0
DA:380,0
DA:381,0
DA:382,0
DA:385,0
DA:390,0
DA:391,0
DA:392,0
DA:394,0
DA:398,0
DA:403,0
DA:404,0
DA:405,0
DA:407,0
DA:411,0
DA:416,0
DA:417,0
DA:418,0
DA:420,0
DA:424,0
DA:429,0
DA:430,0
DA:431,0
DA:433,0
DA:437,0
DA:442,0
DA:443,0
DA:444,0
DA:446,0
DA:450,0
DA:455,0
DA:456,0
DA:457,0
DA:458,0
DA:459,0
DA:461,0
DA:463,0
DA:467,0
DA:472,0
DA:473,0
DA:474,0
DA:476,0
DA:480,0
DA:485,0
DA:486,0
DA:487,0
DA:489,0
DA:493,0
DA:498,0
DA:499,0
DA:500,0
DA:502,0
DA:506,0
DA:511,0
DA:512,0
DA:513,0
DA:515,0
DA:519,0
DA:524,0
DA:525,0
DA:526,0
DA:528,0
DA:532,0
DA:537,0
DA:538,0
DA:539,0
DA:541,0
DA:545,0
DA:550,0
DA:551,0
DA:552,0
DA:554,0
DA:558,0
DA:563,0
DA:564,0
DA:565,0
DA:567,0
DA:571,0
DA:576,0
DA:577,0
DA:578,0
DA:579,0
DA:580,0
DA:582,0
DA:583,0
DA:584,0
DA:585,0
DA:588,0
LF:191
LH:0
end_of_record
SF:lib/models/channel_user.dart
DA:14,0
DA:26,0
DA:27,0
DA:28,0
DA:29,0
DA:30,0
DA:31,0
DA:32,0
DA:33,0
DA:34,0
DA:35,0
DA:37,0
DA:42,0
DA:43,0
DA:44,0
DA:45,0
DA:46,0
DA:47,0
DA:48,0
DA:49,0
DA:50,0
DA:51,0
DA:56,0
DA:66,0
DA:67,0
DA:68,0
DA:69,0
DA:70,0
DA:71,0
DA:72,0
DA:73,0
DA:74,0
DA:78,0
DA:79,0
DA:80,0
DA:81,0
DA:82,0
DA:83,0
DA:84,0
DA:85,0
DA:86,0
DA:87,0
LF:42
LH:0
end_of_record
SF:lib/models/channel_details.dart
DA:13,0
DA:22,0
DA:23,0
DA:24,0
DA:25,0
DA:26,0
DA:27,0
DA:28,0
DA:29,0
DA:30,0
DA:31,0
DA:32,0
DA:33,0
DA:34,0
DA:35,0
DA:39,0
DA:40,0
DA:41,0
DA:42,0
DA:43,0
DA:44,0
DA:45,0
DA:48,0
DA:49,0
DA:50,0
DA:51,0
DA:52,0
DA:53,0
DA:54,0
DA:55,0
LF:30
LH:0
end_of_record
SF:lib/models/channel_dashboard.dart
DA:11,7
DA:18,0
DA:19,0
DA:20,0
DA:21,0
DA:22,0
DA:23,0
DA:24,0
DA:25,0
DA:26,0
DA:27,0
DA:31,0
DA:32,0
DA:33,0
DA:34,0
DA:35,0
DA:38,0
DA:39,0
DA:40,0
DA:41,0
DA:42,0
DA:43,0
LF:22
LH:1
end_of_record
SF:lib/models/channel_invitation.dart
DA:14,0
DA:24,0
DA:25,0
DA:26,0
DA:27,0
DA:28,0
DA:29,0
DA:30,0
DA:31,0
DA:32,0
DA:33,0
DA:38,0
DA:39,0
DA:40,0
DA:41,0
DA:42,0
DA:43,0
DA:44,0
DA:45,0
DA:48,0
DA:49,0
DA:50,0
DA:51,0
DA:52,0
DA:53,0
DA:54,0
DA:55,0
DA:56,0
LF:28
LH:0
end_of_record
SF:lib/models/channel_statistics.dart
DA:14,7
DA:26,0
DA:27,0
DA:28,0
DA:29,0
DA:30,0
DA:31,0
DA:32,0
DA:33,0
DA:34,0
DA:35,0
DA:36,0
DA:40,0
DA:41,0
DA:42,0
DA:43,0
DA:44,0
DA:45,0
DA:46,0
DA:47,0
DA:48,0
DA:49,0
DA:52,0
DA:53,0
DA:54,0
DA:55,0
DA:56,0
DA:57,0
DA:58,0
DA:59,0
DA:60,0
DA:61,0
DA:62,0
LF:33
LH:1
end_of_record
SF:lib/blocs/content/content_bloc.dart
DA:11,1
DA:13,2
DA:14,2
DA:15,2
DA:16,2
DA:17,2
DA:18,2
DA:19,2
DA:20,2
DA:21,2
DA:24,2
DA:25,2
DA:26,2
DA:27,2
DA:28,2
DA:29,2
DA:30,2
DA:31,2
DA:32,2
DA:35,0
DA:40,0
DA:41,0
DA:42,0
DA:43,0
DA:44,0
DA:45,0
DA:46,0
DA:47,0
DA:49,0
DA:56,0
DA:57,0
DA:59,0
DA:60,0
DA:64,0
DA:69,0
DA:70,0
DA:71,0
DA:72,0
DA:73,0
DA:75,0
DA:76,0
DA:83,0
DA:96,0
DA:100,0
DA:105,0
DA:106,0
DA:108,0
DA:109,0
DA:111,0
DA:121,0
DA:125,0
DA:130,0
DA:131,0
DA:133,0
DA:137,0
DA:142,0
DA:143,0
DA:145,0
DA:149,0
DA:154,0
DA:155,0
DA:156,0
DA:157,0
DA:158,0
DA:166,0
DA:167,0
DA:168,0
DA:176,0
DA:177,0
DA:178,0
DA:187,0
DA:188,0
DA:189,0
DA:197,0
DA:198,0
DA:200,0
DA:201,0
DA:205,0
DA:209,0
DA:214,0
DA:217,0
DA:221,0
DA:225,0
DA:230,0
DA:231,0
DA:232,0
DA:234,0
DA:238,0
DA:243,0
DA:244,0
DA:245,0
DA:247,0
DA:251,0
DA:256,0
DA:257,0
DA:258,0
DA:260,0
DA:264,0
DA:269,0
DA:270,0
DA:271,0
DA:279,0
DA:283,0
DA:288,0
DA:289,0
DA:290,0
DA:298,0
DA:302,0
DA:307,0
DA:308,0
DA:309,0
DA:311,0
DA:315,0
DA:320,0
DA:321,0
DA:322,0
DA:324,0
DA:328,0
DA:333,0
DA:334,0
DA:335,0
DA:337,0
DA:341,0
DA:346,0
DA:347,0
DA:348,0
DA:350,0
LF:127
LH:19
end_of_record
SF:lib/blocs/content/content_event.dart
DA:4,0
DA:6,0
DA:7,0
DA:20,0
DA:22,0
DA:23,0
DA:30,0
DA:32,0
DA:33,0
DA:40,0
DA:42,0
DA:43,0
DA:50,0
DA:52,0
DA:53,0
LF:15
LH:0
end_of_record
SF:lib/blocs/content/content_state.dart
DA:10,9
DA:12,0
DA:13,0
DA:32,1
DA:45,0
DA:46,0
DA:47,0
DA:48,0
DA:49,0
DA:50,0
DA:51,0
DA:52,0
DA:53,0
DA:54,0
DA:55,0
DA:56,0
DA:59,0
DA:71,0
DA:72,0
DA:73,0
DA:74,0
DA:75,0
DA:76,0
DA:77,0
DA:78,0
DA:79,0
DA:80,0
DA:81,0
DA:89,8
DA:91,0
DA:92,0
DA:96,7
DA:98,0
DA:99,0
DA:107,0
DA:113,0
DA:114,0
DA:120,0
DA:122,0
DA:123,0
DA:130,0
DA:132,0
DA:133,0
DA:139,0
DA:141,0
DA:142,0
DA:148,0
DA:150,0
DA:151,0
DA:157,0
DA:159,0
DA:160,0
DA:166,0
DA:168,0
DA:169,0
DA:175,0
DA:177,0
DA:178,0
DA:184,0
DA:186,0
DA:187,0
LF:61
LH:4
end_of_record
SF:lib/utils/logger.dart
DA:4,0
DA:6,0
LF:2
LH:0
end_of_record
SF:lib/core/error/error_handler.dart
DA:6,0
DA:8,0
DA:9,0
DA:14,0
DA:15,0
DA:17,0
DA:18,0
DA:22,0
DA:23,0
DA:24,0
DA:26,0
DA:27,0
DA:28,0
DA:33,0
DA:34,0
DA:42,0
DA:43,0
DA:44,0
DA:51,0
DA:52,0
DA:53,0
DA:60,0
DA:61,0
DA:65,0
DA:66,0
LF:25
LH:0
end_of_record
SF:lib/blocs/event/event_event.dart
DA:4,0
DA:6,0
DA:7,0
DA:13,0
DA:15,0
DA:16,0
DA:22,0
DA:24,0
DA:25,0
DA:31,0
DA:33,0
DA:34,0
DA:41,0
DA:46,0
DA:47,0
DA:53,0
DA:55,0
DA:56,0
DA:63,0
DA:68,0
DA:69,0
LF:21
LH:0
end_of_record
SF:lib/blocs/event/event_state.dart
DA:5,0
DA:7,0
DA:8,0
DA:20,0
DA:26,0
DA:27,0
DA:29,0
DA:34,0
DA:35,0
DA:36,0
DA:37,0
DA:45,0
DA:47,0
DA:48,0
DA:54,0
DA:56,0
DA:57,0
DA:63,0
DA:65,0
DA:66,0
DA:72,0
DA:74,0
DA:75,0
LF:23
LH:0
end_of_record
SF:lib/models/event/event.dart
DA:19,0
DA:36,0
DA:37,0
DA:38,0
DA:39,0
DA:40,0
DA:41,0
DA:42,0
DA:43,0
DA:44,0
DA:45,0
DA:46,0
DA:47,0
DA:48,0
DA:49,0
DA:50,0
DA:51,0
DA:55,0
DA:56,0
DA:57,0
DA:58,0
DA:59,0
DA:60,0
DA:61,0
DA:62,0
DA:63,0
DA:64,0
DA:65,0
DA:66,0
DA:67,0
DA:68,0
DA:69,0
DA:70,0
DA:74,0
DA:90,0
DA:91,0
DA:92,0
DA:93,0
DA:94,0
DA:95,0
DA:96,0
DA:97,0
DA:98,0
DA:99,0
DA:100,0
DA:101,0
DA:102,0
DA:103,0
DA:104,0
DA:108,0
DA:109,0
DA:110,0
DA:111,0
DA:112,0
DA:113,0
DA:114,0
DA:115,0
DA:116,0
DA:117,0
DA:118,0
DA:119,0
DA:120,0
DA:121,0
DA:122,0
DA:123,0
LF:65
LH:0
end_of_record
SF:lib/blocs/library/library_bloc.dart
DA:9,0
DA:12,0
DA:13,0
DA:14,0
DA:15,0
DA:16,0
DA:17,0
DA:18,0
DA:19,0
DA:22,0
DA:27,0
DA:28,0
DA:29,0
DA:31,0
DA:32,0
DA:35,0
DA:39,0
DA:44,0
DA:45,0
DA:48,0
DA:49,0
DA:50,0
DA:53,0
DA:57,0
DA:62,0
DA:65,0
DA:71,0
DA:72,0
DA:74,0
DA:78,0
DA:83,0
DA:86,0
DA:91,0
DA:94,0
DA:99,0
DA:100,0
DA:101,0
DA:103,0
DA:104,0
DA:107,0
DA:111,0
DA:113,0
DA:114,0
DA:115,0
DA:116,0
DA:117,0
DA:118,0
DA:119,0
DA:120,0
DA:122,0
LF:50
LH:0
end_of_record
SF:lib/blocs/library/library_event.dart
DA:4,7
DA:6,0
DA:7,0
DA:14,7
DA:19,0
DA:20,0
DA:27,0
DA:32,0
DA:33,0
DA:40,0
DA:45,0
DA:46,0
DA:53,0
DA:58,0
DA:59,0
DA:67,0
DA:73,0
DA:74,0
DA:80,0
DA:82,0
DA:83,0
DA:89,0
DA:91,0
DA:92,0
LF:24
LH:2
end_of_record
SF:lib/blocs/library/library_state.dart
DA:4,7
DA:6,0
DA:7,0
DA:21,0
DA:29,0
DA:30,0
DA:32,0
DA:39,0
DA:40,0
DA:41,0
DA:42,0
DA:43,0
DA:44,0
DA:52,0
DA:54,0
DA:55,0
DA:61,7
DA:63,0
DA:64,0
DA:70,7
DA:72,0
DA:73,0
LF:22
LH:3
end_of_record
SF:lib/blocs/likes/likes_event.dart
DA:4,7
DA:6,0
DA:7,0
DA:13,7
DA:15,0
DA:16,0
DA:28,0
DA:33,0
DA:34,0
DA:42,0
DA:47,0
DA:48,0
DA:56,0
DA:61,0
DA:62,0
DA:70,0
DA:75,0
DA:76,0
LF:18
LH:2
end_of_record
SF:lib/blocs/likes/likes_state.dart
DA:4,7
DA:6,0
DA:7,0
DA:11,7
DA:15,7
DA:21,7
DA:23,0
DA:24,0
DA:31,7
DA:36,0
DA:37,0
LF:11
LH:5
end_of_record
SF:lib/blocs/main/main_screen_bloc.dart
DA:9,0
DA:12,0
DA:13,0
DA:14,0
DA:15,0
DA:18,0
DA:23,0
DA:26,0
DA:27,0
DA:28,0
DA:29,0
DA:32,0
DA:33,0
DA:34,0
DA:35,0
DA:36,0
DA:39,0
DA:47,0
DA:51,0
DA:54,0
DA:58,0
DA:60,0
DA:61,0
DA:62,0
DA:63,0
DA:66,0
DA:67,0
DA:68,0
DA:70,0
DA:75,0
DA:77,0
DA:78,0
DA:79,0
DA:80,0
DA:83,0
DA:84,0
DA:85,0
DA:87,0
LF:38
LH:0
end_of_record
SF:lib/blocs/main/main_screen_event.dart
DA:4,0
DA:6,0
DA:7,0
LF:3
LH:0
end_of_record
SF:lib/blocs/main/main_screen_state.dart
DA:4,7
DA:6,0
DA:7,0
DA:11,7
DA:15,7
DA:22,7
DA:27,0
DA:28,0
DA:32,7
DA:38,0
DA:40,0
DA:41,0
LF:12
LH:5
end_of_record
SF:lib/blocs/profile/profile_bloc.dart
DA:14,0
DA:18,0
DA:19,0
DA:20,0
DA:21,0
DA:22,0
DA:23,0
DA:24,0
DA:25,0
DA:26,0
DA:27,0
DA:30,0
DA:35,0
DA:36,0
DA:37,0
DA:39,0
DA:43,0
DA:48,0
DA:49,0
DA:50,0
DA:51,0
DA:52,0
DA:54,0
DA:55,0
DA:56,0
DA:58,0
DA:60,0
DA:61,0
DA:63,0
DA:67,0
DA:72,0
DA:75,0
DA:80,0
DA:83,0
DA:88,0
DA:91,0
DA:96,0
DA:97,0
DA:99,0
DA:103,0
DA:108,0
DA:109,0
DA:111,0
DA:115,0
DA:120,0
DA:123,0
DA:128,0
DA:130,0
LF:48
LH:0
end_of_record
SF:lib/blocs/profile/profile_event.dart
DA:5,0
DA:7,0
DA:8,0
DA:16,0
DA:18,0
DA:19,0
DA:25,0
DA:27,0
DA:28,0
DA:38,0
DA:40,0
DA:41,0
DA:47,0
DA:49,0
DA:50,0
DA:58,0
DA:60,0
DA:61,0
LF:18
LH:0
end_of_record
SF:lib/blocs/profile/profile_state.dart
DA:6,7
DA:8,0
DA:9,0
DA:19,0
DA:21,0
DA:22,0
DA:28,0
DA:30,0
DA:31,0
DA:37,0
DA:39,0
DA:40,0
DA:46,7
DA:48,0
DA:49,0
DA:58,0
DA:60,0
DA:61,0
DA:68,0
DA:70,0
DA:71,0
DA:78,0
DA:80,0
DA:81,0
DA:87,7
DA:89,0
DA:90,0
DA:96,7
DA:98,0
DA:99,0
LF:30
LH:4
end_of_record
SF:lib/blocs/profile/simple_profile_bloc.dart
DA:8,0
DA:10,0
DA:11,0
DA:18,0
DA:20,0
DA:21,0
DA:31,0
DA:33,0
DA:34,0
DA:40,0
DA:42,0
DA:43,0
DA:50,0
DA:51,0
DA:54,0
DA:55,0
DA:57,0
DA:58,0
DA:60,0
LF:19
LH:0
end_of_record
SF:lib/blocs/settings/settings_event.dart
DA:4,0
DA:6,0
DA:7,0
DA:18,0
DA:25,0
DA:26,0
DA:34,0
DA:40,0
DA:41,0
DA:47,0
DA:49,0
DA:50,0
DA:56,0
DA:58,0
DA:59,0
DA:72,0
DA:79,0
DA:80,0
DA:88,0
DA:94,0
DA:95,0
DA:101,0
DA:103,0
DA:104,0
DA:110,0
DA:112,0
DA:113,0
LF:27
LH:0
end_of_record
SF:lib/blocs/settings/settings_state.dart
DA:4,0
DA:6,0
DA:7,0
DA:20,0
DA:27,0
DA:28,0
DA:30,0
DA:36,0
DA:37,0
DA:38,0
DA:39,0
DA:40,0
DA:48,0
DA:50,0
DA:51,0
DA:57,0
DA:59,0
DA:60,0
DA:71,0
DA:78,0
DA:79,0
DA:81,0
DA:87,0
DA:88,0
DA:89,0
DA:90,0
DA:91,0
DA:101,0
DA:107,0
DA:108,0
DA:110,0
DA:115,0
DA:116,0
DA:117,0
DA:118,0
LF:35
LH:0
end_of_record
SF:lib/data/models/common_track.dart
DA:25,0
DA:50,0
DA:51,0
DA:53,0
DA:54,0
DA:55,0
DA:56,0
DA:57,0
DA:58,0
DA:59,0
DA:60,0
DA:64,0
DA:65,0
DA:66,0
DA:67,0
DA:68,0
DA:69,0
DA:70,0
DA:71,0
DA:72,0
DA:73,0
DA:74,0
DA:75,0
DA:76,0
DA:77,0
DA:78,0
DA:79,0
DA:80,0
DA:81,0
DA:82,0
DA:83,0
DA:84,0
DA:85,0
DA:86,0
DA:87,0
DA:88,0
DA:93,0
DA:94,0
DA:95,0
DA:96,0
DA:97,0
DA:98,0
DA:99,0
DA:100,0
DA:101,0
DA:102,0
DA:103,0
DA:104,0
DA:105,0
DA:106,0
DA:107,0
DA:108,0
DA:109,0
DA:110,0
DA:111,0
DA:112,0
DA:113,0
DA:114,0
DA:115,0
DA:116,0
DA:127,0
DA:134,0
DA:135,0
DA:136,0
DA:137,0
DA:138,0
DA:139,0
DA:143,0
DA:144,0
DA:145,0
DA:146,0
DA:147,0
DA:148,0
LF:73
LH:0
end_of_record
SF:lib/blocs/user/user_bloc.dart
DA:10,0
DA:12,0
DA:13,0
DA:14,0
DA:15,0
DA:16,0
DA:17,0
DA:18,0
DA:19,0
DA:20,0
DA:23,0
DA:28,0
DA:29,0
DA:30,0
DA:32,0
DA:33,0
DA:37,0
DA:42,0
DA:43,0
DA:44,0
DA:46,0
DA:50,0
DA:55,0
DA:56,0
DA:57,0
DA:59,0
DA:63,0
DA:68,0
DA:69,0
DA:70,0
DA:71,0
DA:72,0
DA:74,0
DA:81,0
DA:85,0
DA:90,0
DA:91,0
DA:92,0
DA:93,0
DA:94,0
DA:95,0
DA:97,0
DA:105,0
DA:109,0
DA:114,0
DA:116,0
DA:117,0
DA:119,0
DA:123,0
DA:128,0
DA:129,0
DA:130,0
DA:132,0
DA:136,0
DA:140,0
DA:141,0
LF:56
LH:0
end_of_record
SF:lib/blocs/user/user_event.dart
DA:5,0
DA:7,0
DA:8,0
DA:16,0
DA:18,0
DA:19,0
DA:25,0
DA:27,0
DA:28,0
DA:39,0
DA:44,0
DA:45,0
DA:53,0
DA:55,0
DA:56,0
LF:15
LH:0
end_of_record
SF:lib/blocs/user/user_state.dart
DA:11,0
DA:13,0
DA:14,0
DA:24,0
DA:26,0
DA:27,0
DA:36,0
DA:43,0
DA:44,0
DA:45,0
DA:46,0
DA:47,0
DA:48,0
DA:59,0
DA:67,0
DA:68,0
DA:69,0
DA:70,0
DA:71,0
DA:72,0
DA:73,0
DA:80,0
DA:82,0
DA:83,0
DA:89,0
DA:91,0
DA:92,0
LF:27
LH:0
end_of_record
SF:lib/blocs/user_profile/simple_user_profile_bloc.dart
DA:8,0
DA:9,0
DA:16,0
DA:17,0
DA:27,0
DA:29,0
DA:30,0
DA:36,0
DA:38,0
DA:39,0
DA:46,0
DA:47,0
DA:50,0
DA:51,0
DA:53,0
DA:54,0
DA:56,0
LF:17
LH:0
end_of_record
SF:lib/blocs/user_profile/user_profile_bloc.dart
DA:10,0
DA:12,0
DA:13,0
DA:19,0
DA:21,0
DA:22,0
DA:30,0
DA:32,0
DA:33,0
DA:39,0
DA:41,0
DA:42,0
DA:49,0
DA:54,0
DA:55,0
DA:61,0
DA:63,0
DA:64,0
DA:71,0
DA:76,0
DA:77,0
DA:83,0
DA:85,0
DA:86,0
DA:92,0
DA:94,0
DA:95,0
DA:102,1
DA:104,0
DA:105,0
DA:115,0
DA:117,0
DA:118,0
DA:124,0
DA:126,0
DA:127,0
DA:133,0
DA:135,0
DA:136,0
DA:144,0
DA:150,0
DA:151,0
DA:158,1
DA:163,0
DA:164,0
DA:170,1
DA:172,0
DA:173,0
DA:180,0
DA:182,0
DA:183,0
DA:184,0
DA:185,0
DA:186,0
DA:187,0
DA:188,0
DA:189,0
DA:190,0
DA:191,0
DA:192,0
DA:195,0
DA:200,0
DA:201,0
DA:202,0
DA:204,0
DA:208,0
DA:213,0
DA:214,0
DA:215,0
DA:216,0
DA:217,0
DA:218,0
DA:219,0
DA:221,0
DA:222,0
DA:226,0
DA:231,0
DA:232,0
DA:233,0
DA:235,0
DA:239,0
DA:244,0
DA:245,0
DA:246,0
DA:248,0
DA:252,0
DA:257,0
DA:258,0
DA:259,0
DA:260,0
DA:262,0
DA:263,0
DA:265,0
DA:268,0
DA:272,0
DA:277,0
DA:278,0
DA:279,0
DA:280,0
DA:281,0
DA:282,0
DA:285,0
DA:286,0
DA:288,0
DA:289,0
DA:293,0
DA:298,0
DA:299,0
DA:300,0
DA:301,0
DA:303,0
DA:304,0
DA:306,0
DA:309,0
DA:313,0
DA:318,0
DA:319,0
DA:320,0
DA:321,0
DA:322,0
DA:323,0
DA:326,0
DA:327,0
DA:329,0
DA:330,0
DA:334,0
DA:339,0
DA:340,0
DA:341,0
DA:344,0
DA:347,0
DA:351,0
DA:356,0
DA:357,0
DA:358,0
DA:359,0
DA:360,0
DA:364,0
DA:365,0
DA:367,0
DA:368,0
LF:141
LH:3
end_of_record
SF:lib/config/api_config.dart
DA:20,0
DA:23,0
DA:73,0
DA:74,0
DA:75,0
DA:76,0
DA:77,0
DA:78,0
DA:79,0
DA:80,0
DA:81,0
DA:82,0
DA:83,0
DA:84,0
DA:85,0
DA:86,0
DA:87,0
DA:90,0
DA:91,0
DA:92,0
DA:93,0
DA:94,0
DA:95,0
DA:96,0
DA:97,0
DA:98,0
DA:99,0
DA:100,0
DA:101,0
DA:102,0
DA:103,0
DA:104,0
DA:105,0
DA:106,0
DA:107,0
DA:108,0
DA:109,0
DA:110,0
DA:111,0
DA:112,0
DA:113,0
DA:114,0
DA:115,0
DA:116,0
DA:119,0
DA:120,0
DA:121,0
DA:122,0
DA:123,0
DA:124,0
DA:127,0
DA:128,0
DA:129,0
DA:130,0
DA:131,0
DA:132,0
DA:133,0
DA:134,0
DA:135,0
DA:136,0
DA:137,0
DA:138,0
DA:139,0
DA:140,0
DA:141,0
DA:142,0
DA:145,0
DA:146,0
DA:147,0
DA:148,0
DA:149,0
DA:150,0
DA:151,0
DA:152,0
DA:153,0
DA:157,0
DA:158,0
DA:159,0
DA:160,0
DA:163,0
DA:164,0
DA:165,0
DA:166,0
DA:167,0
DA:168,0
DA:171,0
DA:172,0
DA:173,0
DA:174,0
DA:175,0
DA:176,0
DA:177,0
DA:178,0
DA:179,0
DA:180,0
DA:181,0
DA:182,0
DA:183,0
DA:184,0
DA:185,0
DA:188,0
DA:189,0
DA:190,0
DA:191,0
DA:194,0
DA:195,0
DA:196,0
DA:197,0
DA:198,0
DA:201,0
DA:202,0
DA:205,0
DA:206,0
DA:209,0
DA:210,0
DA:211,0
DA:212,0
DA:213,0
DA:216,0
DA:219,0
DA:220,0
DA:221,0
DA:222,0
DA:223,0
LF:124
LH:0
end_of_record
SF:lib/core/error/exceptions.dart
DA:4,0
DA:6,0
DA:7,0
DA:13,0
DA:15,0
DA:16,0
DA:22,0
DA:24,0
DA:25,0
DA:31,0
DA:33,0
DA:34,0
LF:12
LH:0
end_of_record
SF:lib/core/error/failures.dart
DA:6,21
DA:8,0
DA:9,0
DA:13,0
DA:17,0
DA:21,21
LF:6
LH:2
end_of_record
SF:lib/core/network/network_info.dart
DA:14,0
DA:15,0
DA:17,0
DA:19,0
DA:20,0
DA:23,0
DA:24,0
DA:26,0
DA:27,0
DA:30,0
DA:31,0
DA:34,0
LF:12
LH:0
end_of_record
SF:lib/core/theme/app_theme.dart
DA:9,0
DA:10,0
DA:14,0
DA:312,0
DA:313,0
DA:314,0
DA:315,0
DA:316,0
DA:317,0
DA:320,0
DA:323,0
DA:324,0
DA:330,0
DA:331,0
DA:332,0
DA:340,0
DA:341,0
DA:342,0
DA:345,0
DA:346,0
DA:349,0
DA:350,0
DA:353,0
DA:354,0
DA:365,0
DA:369,0
DA:376,0
DA:385,0
DA:390,0
DA:393,0
DA:394,0
DA:399,0
DA:400,0
DA:401,0
DA:403,0
DA:406,0
DA:409,0
DA:413,0
DA:418,0
DA:421,0
DA:422,0
DA:427,0
DA:428,0
DA:429,0
DA:430,0
DA:436,0
DA:437,0
DA:438,0
DA:439,0
DA:440,0
DA:441,0
DA:442,0
DA:443,0
DA:444,0
DA:445,0
DA:446,0
DA:447,0
DA:448,0
DA:449,0
DA:450,0
DA:451,0
DA:452,0
DA:453,0
DA:456,0
DA:457,0
DA:458,0
DA:459,0
DA:460,0
DA:461,0
DA:462,0
DA:463,0
DA:464,0
DA:465,0
DA:466,0
DA:467,0
DA:468,0
DA:469,0
DA:470,0
DA:471,0
DA:474,0
DA:475,0
DA:476,0
DA:480,0
DA:481,0
DA:482,0
DA:483,0
DA:484,0
DA:485,0
DA:486,0
DA:487,0
DA:488,0
DA:489,0
DA:490,0
DA:491,0
DA:492,0
DA:493,0
DA:494,0
DA:495,0
DA:496,0
DA:497,0
DA:498,0
DA:499,0
DA:502,0
DA:503,0
DA:507,0
DA:508,0
DA:509,0
DA:510,0
DA:511,0
DA:512,0
DA:513,0
DA:514,0
DA:517,0
DA:521,0
DA:522,0
DA:523,0
DA:524,0
DA:525,0
DA:526,0
DA:527,0
DA:531,0
DA:532,0
DA:533,0
DA:534,0
DA:535,0
DA:536,0
DA:540,0
DA:541,0
DA:542,0
DA:543,0
DA:544,0
DA:545,0
LF:132
LH:0
end_of_record
SF:lib/data/data_sources/remote/admin_remote_data_source.dart
DA:19,0
DA:21,0
DA:24,0
DA:25,0
DA:27,0
DA:31,0
DA:34,0
DA:38,0
DA:42,0
DA:45,0
DA:47,0
DA:51,0
DA:54,0
DA:56,0
DA:60,0
DA:63,0
DA:64,0
DA:66,0
DA:70,0
DA:73,0
DA:74,0
DA:75,0
DA:77,0
DA:81,0
DA:84,0
DA:86,0
DA:90,0
DA:93,0
DA:95,0
DA:99,0
DA:102,0
DA:103,0
DA:105,0
LF:33
LH:0
end_of_record
SF:lib/models/admin.dart
DA:7,0
DA:14,0
DA:15,0
DA:16,0
DA:17,0
DA:18,0
DA:19,0
DA:23,0
DA:24,0
DA:25,0
DA:26,0
DA:27,0
DA:38,0
DA:46,0
DA:47,0
DA:48,0
DA:49,0
DA:50,0
DA:51,0
DA:52,0
DA:56,0
DA:57,0
DA:58,0
DA:59,0
DA:60,0
DA:61,0
LF:26
LH:0
end_of_record
SF:lib/data/network/dio_client.dart
DA:10,0
DA:16,0
DA:17,0
DA:18,0
DA:19,0
DA:20,0
DA:26,0
DA:27,0
DA:28,0
DA:29,0
DA:30,0
DA:31,0
DA:37,0
DA:38,0
DA:39,0
DA:40,0
DA:41,0
DA:44,0
DA:46,0
DA:48,0
DA:49,0
DA:50,0
DA:51,0
DA:54,0
DA:56,0
DA:58,0
DA:59,0
DA:60,0
DA:61,0
DA:62,0
DA:66,0
DA:67,0
DA:68,0
DA:69,0
DA:70,0
DA:71,0
DA:72,0
DA:74,0
DA:77,0
DA:84,0
DA:86,0
DA:89,0
DA:90,0
DA:92,0
DA:94,0
DA:95,0
DA:97,0
DA:98,0
DA:103,0
DA:108,0
DA:111,0
DA:112,0
DA:114,0
DA:116,0
DA:117,0
DA:119,0
DA:120,0
DA:125,0
DA:130,0
DA:133,0
DA:134,0
DA:136,0
DA:138,0
DA:139,0
DA:141,0
DA:142,0
DA:147,0
DA:152,0
DA:154,0
DA:155,0
DA:157,0
DA:159,0
DA:160,0
DA:162,0
DA:163,0
DA:168,0
DA:175,0
DA:176,0
DA:180,0
DA:184,0
DA:188,0
DA:194,0
DA:195,0
DA:199,0
DA:200,0
DA:204,0
DA:205,0
LF:87
LH:0
end_of_record
SF:lib/data/data_sources/remote/analytics_remote_data_source.dart
DA:7,0
DA:9,0
DA:11,0
DA:12,0
DA:13,0
DA:14,0
DA:18,0
DA:20,0
DA:21,0
DA:22,0
DA:23,0
DA:27,0
DA:29,0
DA:30,0
DA:31,0
DA:32,0
DA:36,0
DA:38,0
DA:42,0
DA:43,0
DA:47,0
DA:49,0
DA:53,0
DA:54,0
DA:58,0
DA:63,0
DA:65,0
DA:66,0
DA:67,0
DA:70,0
DA:71,0
DA:72,0
LF:32
LH:0
end_of_record
SF:lib/data/data_sources/remote/auth_remote_data_source.dart
DA:25,0
DA:28,0
DA:31,0
DA:35,0
DA:36,0
DA:37,0
DA:38,0
DA:41,0
DA:42,0
DA:45,0
DA:46,0
DA:50,0
DA:55,0
DA:59,0
DA:64,0
DA:65,0
DA:66,0
DA:67,0
DA:70,0
DA:71,0
DA:76,0
DA:77,0
DA:78,0
DA:81,0
DA:82,0
DA:86,0
DA:92,0
DA:95,0
DA:98,0
DA:99,0
DA:100,0
DA:104,0
DA:107,0
DA:108,0
DA:109,0
DA:114,0
DA:117,0
DA:118,0
DA:119,0
DA:120,0
DA:121,0
DA:125,0
DA:128,0
DA:131,0
DA:132,0
DA:133,0
DA:137,0
DA:140,0
DA:143,0
DA:144,0
DA:145,0
DA:149,0
DA:152,0
DA:155,0
DA:156,0
DA:157,0
DA:161,0
DA:164,0
DA:167,0
DA:168,0
DA:169,0
DA:173,0
DA:176,0
DA:177,0
DA:178,0
DA:179,0
DA:183,0
DA:186,0
DA:187,0
DA:188,0
DA:189,0
LF:71
LH:0
end_of_record
SF:lib/utils/http_utils.dart
DA:7,0
DA:8,0
DA:9,0
DA:11,0
DA:13,0
DA:15,0
DA:16,0
DA:17,0
DA:19,0
DA:21,0
DA:22,0
DA:24,0
DA:29,0
DA:34,0
DA:35,0
DA:38,0
DA:39,0
DA:40,0
DA:42,0
DA:44,0
DA:46,0
DA:48,0
DA:50,0
DA:51,0
DA:52,0
DA:54,0
DA:56,0
DA:58,0
DA:60,0
DA:63,0
DA:68,0
DA:71,0
DA:72,0
DA:73,0
DA:75,0
DA:76,0
DA:78,0
DA:79,0
DA:81,0
DA:84,0
DA:88,0
DA:90,0
DA:92,0
DA:95,0
DA:101,0
DA:103,0
DA:105,0
DA:111,0
DA:113,0
DA:115,0
DA:118,0
DA:124,0
DA:125,0
DA:129,0
DA:130,0
DA:131,0
DA:135,0
DA:136,0
DA:137,0
DA:141,0
DA:142,0
DA:143,0
DA:144,0
DA:145,0
DA:149,0
DA:150,0
DA:159,0
DA:166,0
LF:68
LH:0
end_of_record
SF:lib/data/data_sources/remote/bud_matching_remote_data_source.dart
DA:19,0
DA:22,0
DA:25,0
DA:27,0
DA:30,0
DA:31,0
DA:33,0
DA:37,0
DA:40,0
DA:41,0
DA:43,0
DA:47,0
DA:52,0
DA:53,0
DA:55,0
DA:56,0
DA:58,0
DA:59,0
DA:61,0
DA:62,0
DA:65,0
DA:68,0
DA:69,0
DA:71,0
DA:75,0
DA:80,0
DA:81,0
DA:83,0
DA:84,0
DA:86,0
DA:87,0
DA:89,0
DA:90,0
DA:92,0
DA:93,0
DA:96,0
DA:99,0
DA:100,0
DA:102,0
DA:106,0
DA:109,0
DA:110,0
DA:112,0
DA:116,0
DA:121,0
DA:122,0
DA:124,0
DA:125,0
DA:127,0
DA:128,0
DA:130,0
DA:131,0
DA:134,0
DA:137,0
DA:138,0
DA:140,0
DA:144,0
DA:149,0
DA:150,0
DA:152,0
DA:153,0
DA:155,0
DA:156,0
DA:158,0
DA:159,0
DA:161,0
DA:162,0
DA:165,0
DA:168,0
DA:169,0
DA:171,0
DA:175,0
DA:178,0
DA:179,0
DA:181,0
DA:185,0
DA:190,0
DA:191,0
DA:193,0
DA:194,0
DA:196,0
DA:197,0
DA:199,0
DA:200,0
DA:203,0
DA:206,0
DA:207,0
DA:209,0
LF:88
LH:0
end_of_record
SF:lib/data/data_sources/remote/bud_remote_data_source.dart
DA:52,0
DA:55,0
DA:58,0
DA:59,0
DA:60,0
DA:61,0
DA:65,0
DA:68,0
DA:69,0
DA:70,0
DA:74,0
DA:77,0
DA:78,0
DA:79,0
DA:83,0
DA:86,0
DA:87,0
DA:88,0
DA:92,0
DA:95,0
DA:96,0
DA:97,0
DA:101,0
DA:104,0
DA:105,0
DA:106,0
DA:107,0
DA:111,0
DA:114,0
DA:115,0
DA:116,0
DA:117,0
DA:121,0
DA:124,0
DA:125,0
DA:126,0
DA:127,0
DA:131,0
DA:134,0
DA:135,0
DA:136,0
DA:137,0
DA:141,0
DA:144,0
DA:145,0
DA:146,0
DA:147,0
DA:148,0
DA:149,0
DA:153,0
DA:156,0
DA:157,0
DA:158,0
DA:159,0
DA:160,0
DA:161,0
DA:165,0
DA:168,0
DA:169,0
DA:170,0
DA:171,0
DA:172,0
DA:173,0
DA:177,0
DA:180,0
DA:181,0
DA:182,0
DA:183,0
DA:184,0
DA:185,0
DA:189,0
DA:192,0
DA:193,0
DA:194,0
DA:195,0
DA:196,0
DA:197,0
DA:201,0
DA:204,0
DA:205,0
DA:206,0
DA:207,0
DA:208,0
DA:209,0
DA:213,0
DA:216,0
DA:217,0
DA:218,0
DA:219,0
DA:220,0
DA:221,0
DA:225,0
DA:228,0
DA:229,0
DA:230,0
DA:231,0
DA:232,0
DA:233,0
DA:237,0
DA:240,0
DA:241,0
DA:242,0
DA:243,0
DA:244,0
DA:245,0
DA:249,0
DA:252,0
DA:253,0
DA:254,0
DA:255,0
DA:256,0
DA:257,0
DA:261,0
DA:264,0
DA:265,0
DA:266,0
DA:267,0
DA:268,0
DA:269,0
DA:273,0
DA:276,0
DA:277,0
DA:278,0
DA:279,0
DA:280,0
DA:281,0
DA:285,0
DA:288,0
DA:289,0
DA:290,0
DA:291,0
DA:292,0
DA:293,0
DA:297,0
DA:300,0
DA:301,0
DA:302,0
DA:303,0
DA:304,0
DA:305,0
DA:309,0
DA:312,0
DA:313,0
DA:314,0
DA:315,0
DA:316,0
DA:317,0
DA:321,0
DA:324,0
DA:325,0
DA:326,0
DA:327,0
LF:152
LH:0
end_of_record
SF:lib/data/data_sources/remote/channel_remote_data_source.dart
DA:29,0
DA:31,0
DA:33,0
DA:34,0
DA:35,0
DA:38,0
DA:39,0
DA:40,0
DA:43,0
DA:44,0
DA:45,0
DA:47,0
DA:51,0
DA:53,0
DA:54,0
DA:55,0
DA:58,0
DA:59,0
DA:61,0
DA:65,0
DA:67,0
DA:68,0
DA:69,0
DA:70,0
DA:73,0
DA:74,0
DA:76,0
DA:80,0
DA:82,0
DA:83,0
DA:84,0
DA:85,0
DA:88,0
DA:89,0
DA:91,0
DA:95,0
DA:97,0
DA:98,0
DA:99,0
DA:102,0
DA:103,0
DA:107,0
DA:109,0
DA:110,0
DA:111,0
DA:114,0
DA:115,0
DA:119,0
DA:121,0
DA:122,0
DA:123,0
DA:126,0
DA:127,0
DA:131,0
DA:133,0
DA:134,0
DA:135,0
DA:138,0
DA:139,0
DA:140,0
DA:142,0
DA:146,0
DA:148,0
DA:149,0
DA:150,0
DA:151,0
DA:154,0
DA:155,0
DA:159,0
DA:161,0
DA:162,0
DA:163,0
DA:166,0
DA:167,0
DA:171,0
DA:173,0
DA:174,0
DA:175,0
DA:176,0
DA:179,0
DA:180,0
DA:184,0
DA:186,0
DA:187,0
DA:188,0
DA:191,0
DA:192,0
DA:196,0
DA:198,0
DA:199,0
DA:200,0
DA:203,0
DA:204,0
DA:208,0
DA:210,0
DA:211,0
DA:212,0
DA:215,0
DA:216,0
DA:218,0
LF:100
LH:0
end_of_record
SF:lib/data/data_sources/remote/chat_management_remote_data_source.dart
DA:25,0
DA:28,0
DA:31,0
DA:32,0
DA:34,0
DA:38,0
DA:41,0
DA:42,0
DA:44,0
DA:48,0
DA:51,0
DA:52,0
DA:54,0
DA:58,0
DA:61,0
DA:62,0
DA:64,0
DA:68,0
DA:71,0
DA:72,0
DA:74,0
DA:78,0
DA:81,0
DA:83,0
DA:86,0
DA:89,0
DA:90,0
DA:92,0
DA:96,0
DA:99,0
DA:100,0
DA:102,0
DA:106,0
DA:109,0
DA:110,0
DA:112,0
DA:116,0
DA:119,0
DA:123,0
DA:127,0
DA:130,0
DA:135,0
DA:139,0
DA:142,0
DA:147,0
DA:151,0
DA:154,0
DA:159,0
DA:163,0
DA:166,0
DA:171,0
DA:175,0
DA:178,0
DA:182,0
DA:186,0
DA:189,0
DA:194,0
LF:57
LH:0
end_of_record
SF:lib/data/data_sources/remote/chat_remote_data_source.dart
DA:83,0
DA:85,0
DA:89,0
DA:90,0
DA:91,0
DA:92,0
DA:96,0
DA:99,0
DA:100,0
DA:101,0
DA:102,0
DA:106,0
DA:110,0
DA:111,0
DA:112,0
DA:113,0
DA:117,0
DA:120,0
DA:124,0
DA:125,0
DA:126,0
DA:130,0
DA:135,0
DA:139,0
DA:140,0
DA:144,0
DA:146,0
DA:149,0
DA:153,0
DA:154,0
DA:155,0
DA:159,0
DA:163,0
DA:164,0
DA:165,0
DA:169,0
DA:172,0
DA:173,0
DA:174,0
DA:175,0
DA:176,0
DA:178,0
DA:182,0
DA:185,0
DA:186,0
DA:187,0
DA:188,0
DA:192,0
DA:195,0
DA:200,0
DA:201,0
DA:202,0
DA:206,0
DA:210,0
DA:211,0
DA:212,0
DA:216,0
DA:220,0
DA:221,0
DA:222,0
DA:226,0
DA:229,0
DA:230,0
DA:231,0
DA:232,0
DA:236,0
DA:239,0
DA:243,0
DA:244,0
DA:245,0
DA:249,0
DA:253,0
DA:254,0
DA:255,0
DA:259,0
DA:263,0
DA:264,0
DA:265,0
DA:269,0
DA:273,0
DA:274,0
DA:275,0
DA:279,0
DA:282,0
DA:286,0
DA:287,0
DA:291,0
DA:295,0
DA:296,0
DA:297,0
DA:301,0
DA:304,0
DA:305,0
DA:306,0
DA:307,0
DA:308,0
DA:310,0
DA:314,0
DA:318,0
DA:319,0
DA:320,0
DA:324,0
DA:327,0
DA:330,0
DA:331,0
DA:335,0
DA:339,0
DA:340,0
DA:341,0
DA:345,0
DA:348,0
DA:349,0
DA:350,0
DA:351,0
DA:355,0
DA:358,0
DA:359,0
DA:360,0
DA:361,0
DA:365,0
DA:369,0
DA:370,0
DA:371,0
DA:375,0
DA:380,0
DA:381,0
DA:383,0
DA:384,0
DA:386,0
DA:387,0
DA:390,0
DA:393,0
DA:394,0
DA:395,0
DA:399,0
DA:403,0
DA:404,0
DA:405,0
DA:409,0
DA:413,0
DA:414,0
DA:415,0
DA:419,0
DA:423,0
DA:424,0
DA:425,0
DA:429,0
DA:432,0
DA:433,0
DA:434,0
DA:435,0
DA:439,0
DA:442,0
DA:446,0
DA:447,0
DA:448,0
DA:453,0
DA:459,0
DA:462,0
DA:468,0
DA:473,0
DA:476,0
DA:477,0
DA:483,0
DA:485,0
DA:488,0
DA:491,0
DA:494,0
DA:497,0
DA:500,0
DA:503,0
DA:506,0
DA:508,0
DA:511,0
DA:513,0
DA:516,0
DA:519,0
DA:522,0
DA:525,0
DA:528,0
DA:529,0
DA:533,0
DA:536,0
DA:539,0
DA:540,0
DA:544,0
DA:547,0
DA:550,0
DA:551,0
LF:189
LH:0
end_of_record
SF:lib/models/chat.dart
DA:13,0
DA:26,0
DA:27,0
DA:28,0
DA:29,0
DA:30,0
DA:31,0
DA:32,0
DA:33,0
DA:34,0
DA:36,0
DA:37,0
DA:38,0
DA:39,0
DA:43,0
DA:44,0
DA:45,0
DA:46,0
DA:47,0
DA:48,0
DA:49,0
DA:50,0
DA:51,0
DA:52,0
DA:53,0
DA:54,0
DA:55,0
DA:59,0
DA:71,0
DA:72,0
DA:73,0
DA:74,0
DA:75,0
DA:76,0
DA:77,0
DA:78,0
DA:79,0
DA:80,0
DA:81,0
LF:39
LH:0
end_of_record
SF:lib/models/chat_message.dart
DA:12,0
DA:24,0
DA:25,0
DA:26,0
DA:27,0
DA:28,0
DA:29,0
DA:30,0
DA:31,0
DA:32,0
DA:33,0
DA:34,0
DA:38,0
DA:39,0
DA:40,0
DA:41,0
DA:42,0
DA:43,0
DA:44,0
DA:45,0
DA:46,0
DA:47,0
DA:48,0
DA:52,0
DA:63,0
DA:64,0
DA:65,0
DA:66,0
DA:67,0
DA:68,0
DA:69,0
DA:70,0
DA:71,0
DA:72,0
LF:34
LH:0
end_of_record
SF:lib/data/data_sources/remote/common_items_remote_data_source.dart
DA:33,0
DA:39,0
DA:42,0
DA:45,0
DA:48,0
DA:49,0
DA:50,0
DA:51,0
DA:54,0
DA:55,0
DA:58,0
DA:59,0
DA:60,0
DA:62,0
DA:66,0
DA:69,0
DA:70,0
DA:71,0
DA:72,0
DA:75,0
DA:76,0
DA:79,0
DA:80,0
DA:81,0
DA:83,0
DA:87,0
DA:90,0
DA:91,0
DA:92,0
DA:93,0
DA:96,0
DA:97,0
DA:100,0
DA:101,0
DA:102,0
DA:104,0
DA:108,0
DA:112,0
DA:114,0
DA:115,0
DA:116,0
DA:117,0
DA:120,0
DA:121,0
DA:124,0
DA:125,0
DA:126,0
DA:128,0
DA:132,0
DA:135,0
DA:136,0
DA:137,0
DA:138,0
DA:141,0
DA:142,0
DA:145,0
DA:146,0
DA:147,0
DA:149,0
DA:153,0
DA:156,0
DA:157,0
DA:158,0
DA:159,0
DA:162,0
DA:163,0
DA:166,0
DA:167,0
DA:168,0
DA:170,0
DA:174,0
DA:177,0
DA:178,0
DA:179,0
DA:180,0
DA:183,0
DA:184,0
DA:187,0
DA:188,0
DA:189,0
DA:191,0
DA:195,0
DA:198,0
DA:199,0
DA:200,0
DA:201,0
DA:204,0
DA:205,0
DA:208,0
DA:209,0
DA:210,0
DA:212,0
DA:216,0
DA:219,0
DA:220,0
DA:221,0
DA:222,0
DA:225,0
DA:226,0
DA:229,0
DA:230,0
DA:231,0
DA:233,0
DA:237,0
DA:240,0
DA:241,0
DA:242,0
DA:243,0
DA:246,0
DA:247,0
DA:250,0
DA:251,0
DA:252,0
DA:254,0
DA:258,0
DA:261,0
DA:262,0
DA:263,0
DA:264,0
DA:267,0
DA:268,0
DA:271,0
DA:272,0
DA:273,0
DA:275,0
DA:279,0
DA:284,0
DA:285,0
DA:286,0
DA:287,0
DA:290,0
DA:291,0
DA:295,0
DA:297,0
LF:134
LH:0
end_of_record
SF:lib/models/categorized_common_items.dart
DA:18,0
DA:28,0
DA:29,0
DA:30,0
DA:31,0
DA:32,0
DA:33,0
DA:34,0
DA:35,0
DA:36,0
DA:37,0
DA:38,0
DA:39,0
DA:40,0
DA:41,0
DA:42,0
DA:43,0
DA:44,0
DA:45,0
DA:46,0
DA:47,0
DA:52,0
DA:53,0
DA:54,0
DA:55,0
DA:56,0
DA:57,0
DA:58,0
DA:59,0
DA:63,0
DA:64,0
LF:31
LH:0
end_of_record
SF:lib/data/data_sources/remote/content_remote_data_source.dart
DA:48,0
DA:51,0
DA:54,0
DA:55,0
DA:56,0
DA:57,0
DA:58,0
DA:59,0
DA:63,0
DA:66,0
DA:67,0
DA:68,0
DA:69,0
DA:70,0
DA:71,0
DA:75,0
DA:78,0
DA:79,0
DA:80,0
DA:81,0
DA:82,0
DA:83,0
DA:87,0
DA:90,0
DA:91,0
DA:92,0
DA:93,0
DA:94,0
DA:95,0
DA:99,0
DA:102,0
DA:103,0
DA:104,0
DA:105,0
DA:106,0
DA:107,0
DA:111,0
DA:114,0
DA:115,0
DA:116,0
DA:117,0
DA:118,0
DA:119,0
DA:123,0
DA:126,0
DA:127,0
DA:128,0
DA:129,0
DA:130,0
DA:131,0
DA:135,0
DA:138,0
DA:139,0
DA:140,0
DA:141,0
DA:142,0
DA:143,0
DA:147,0
DA:150,0
DA:154,0
DA:155,0
DA:159,0
DA:163,0
DA:164,0
DA:165,0
DA:169,0
DA:172,0
DA:173,0
DA:174,0
DA:175,0
DA:176,0
DA:177,0
DA:181,0
DA:184,0
DA:185,0
DA:186,0
DA:187,0
DA:188,0
DA:189,0
DA:193,0
DA:196,0
DA:200,0
DA:201,0
DA:205,0
DA:208,0
DA:212,0
DA:213,0
DA:217,0
DA:220,0
DA:221,0
DA:222,0
DA:223,0
DA:227,0
DA:230,0
DA:231,0
DA:232,0
DA:233,0
DA:234,0
DA:235,0
DA:239,0
DA:242,0
DA:244,0
DA:246,0
DA:247,0
DA:248,0
DA:252,0
DA:255,0
DA:256,0
DA:257,0
DA:258,0
DA:262,0
DA:265,0
DA:272,0
DA:274,0
DA:275,0
DA:276,0
LF:116
LH:0
end_of_record
SF:lib/data/data_sources/remote/event_remote_data_source.dart
DA:20,0
DA:22,0
DA:25,0
DA:27,0
DA:32,0
DA:33,0
DA:34,0
DA:35,0
DA:36,0
DA:40,0
DA:43,0
DA:44,0
DA:45,0
DA:46,0
DA:50,0
DA:53,0
DA:54,0
DA:55,0
DA:59,0
DA:62,0
DA:63,0
DA:64,0
DA:68,0
DA:71,0
DA:72,0
DA:73,0
DA:77,0
DA:80,0
DA:81,0
DA:82,0
DA:84,0
DA:85,0
DA:89,0
DA:92,0
DA:93,0
DA:94,0
DA:95,0
DA:96,0
DA:97,0
DA:101,0
DA:104,0
DA:105,0
DA:106,0
DA:107,0
DA:108,0
DA:109,0
LF:46
LH:0
end_of_record
SF:lib/data/data_sources/remote/search_remote_data_source.dart
DA:23,0
DA:25,0
DA:34,0
DA:35,0
DA:36,0
DA:37,0
DA:38,0
DA:39,0
DA:42,0
DA:44,0
DA:48,0
DA:51,0
DA:55,0
DA:57,0
DA:61,0
DA:64,0
DA:68,0
DA:70,0
DA:74,0
DA:77,0
DA:81,0
DA:83,0
DA:87,0
DA:90,0
DA:94,0
DA:98,0
DA:101,0
DA:103,0
LF:28
LH:0
end_of_record
SF:lib/models/search.dart
DA:8,0
DA:14,0
DA:15,0
DA:18,0
DA:22,0
DA:23,0
DA:24,0
DA:25,0
DA:26,0
DA:27,0
DA:28,0
DA:32,0
DA:33,0
DA:34,0
DA:35,0
DA:38,0
DA:39,0
DA:51,0
DA:61,0
DA:62,0
DA:63,0
DA:64,0
DA:65,0
DA:66,0
DA:67,0
DA:68,0
DA:69,0
DA:73,0
DA:74,0
DA:75,0
DA:76,0
DA:77,0
DA:78,0
DA:79,0
DA:80,0
DA:83,0
DA:84,0
DA:85,0
DA:86,0
DA:87,0
DA:88,0
DA:89,0
DA:90,0
DA:91,0
DA:103,7
DA:112,0
DA:123,0
DA:124,0
DA:125,0
DA:126,0
DA:127,0
DA:128,0
DA:129,0
DA:130,0
DA:134,0
DA:135,0
DA:136,0
DA:137,0
DA:138,0
DA:139,0
DA:140,0
DA:143,0
DA:144,0
DA:145,0
DA:146,0
DA:147,0
DA:148,0
DA:149,0
DA:150,0
LF:69
LH:1
end_of_record
SF:lib/data/data_sources/remote/settings_remote_data_source.dart
DA:15,0
DA:17,0
DA:20,0
DA:21,0
DA:22,0
DA:23,0
DA:27,0
DA:30,0
DA:34,0
DA:35,0
DA:39,0
DA:42,0
DA:46,0
DA:47,0
DA:51,0
DA:54,0
DA:56,0
DA:58,0
DA:59,0
DA:63,0
DA:66,0
DA:68,0
DA:70,0
DA:71,0
LF:24
LH:0
end_of_record
SF:lib/data/data_sources/remote/spotify_remote_data_source_impl.dart
DA:8,0
DA:10,0
DA:12,0
DA:13,0
DA:14,0
DA:15,0
DA:17,0
DA:21,0
DA:23,0
DA:29,0
DA:32,0
DA:34,0
DA:35,0
DA:36,0
DA:37,0
DA:38,0
DA:40,0
DA:43,0
DA:47,0
DA:49,0
DA:50,0
DA:51,0
DA:53,0
DA:56,0
DA:58,0
DA:64,0
DA:66,0
DA:67,0
DA:68,0
DA:69,0
DA:71,0
LF:31
LH:0
end_of_record
SF:lib/data/data_sources/remote/user_profile_remote_data_source.dart
DA:21,0
DA:24,0
DA:28,0
DA:29,0
DA:30,0
DA:32,0
DA:33,0
DA:36,0
DA:40,0
DA:43,0
DA:44,0
DA:46,0
DA:50,0
DA:53,0
DA:54,0
DA:55,0
DA:57,0
DA:59,0
DA:63,0
DA:66,0
DA:67,0
DA:71,0
DA:75,0
DA:80,0
DA:81,0
DA:83,0
DA:84,0
DA:86,0
DA:87,0
DA:89,0
DA:90,0
DA:93,0
DA:96,0
DA:97,0
DA:99,0
DA:103,0
DA:108,0
DA:109,0
DA:111,0
DA:112,0
DA:114,0
DA:115,0
DA:117,0
DA:118,0
DA:121,0
DA:124,0
DA:126,0
DA:127,0
DA:128,0
DA:129,0
DA:130,0
DA:131,0
DA:132,0
DA:133,0
DA:136,0
DA:138,0
DA:140,0
DA:143,0
DA:147,0
DA:152,0
DA:153,0
DA:155,0
DA:156,0
DA:158,0
DA:159,0
DA:161,0
DA:162,0
DA:164,0
DA:165,0
DA:168,0
DA:171,0
DA:172,0
DA:174,0
DA:178,0
DA:183,0
DA:184,0
DA:186,0
DA:187,0
DA:189,0
DA:190,0
DA:192,0
DA:193,0
DA:195,0
DA:196,0
DA:199,0
DA:202,0
DA:204,0
DA:205,0
DA:206,0
DA:207,0
DA:208,0
DA:209,0
DA:210,0
DA:211,0
DA:214,0
DA:216,0
DA:218,0
DA:221,0
DA:225,0
DA:228,0
DA:229,0
DA:231,0
DA:235,0
DA:238,0
DA:240,0
DA:241,0
DA:242,0
DA:243,0
DA:244,0
DA:245,0
DA:246,0
DA:247,0
DA:250,0
DA:252,0
DA:254,0
DA:257,0
LF:116
LH:0
end_of_record
SF:lib/models/parent_user.dart
DA:8,0
DA:16,0
DA:17,0
DA:18,0
DA:19,0
DA:20,0
DA:21,0
DA:22,0
DA:23,0
DA:28,0
DA:29,0
DA:30,0
DA:31,0
DA:32,0
DA:33,0
DA:34,0
DA:38,0
DA:45,0
DA:46,0
DA:47,0
DA:48,0
DA:49,0
DA:50,0
LF:23
LH:0
end_of_record
SF:lib/data/data_sources/remote/user_remote_data_source_impl.dart
DA:21,0
DA:27,0
DA:30,0
DA:33,0
DA:35,0
DA:36,0
DA:38,0
DA:40,0
DA:42,0
DA:43,0
DA:44,0
DA:45,0
DA:49,0
DA:51,0
DA:52,0
DA:54,0
DA:56,0
DA:58,0
DA:59,0
DA:60,0
DA:61,0
DA:65,0
DA:67,0
DA:69,0
DA:71,0
DA:72,0
DA:73,0
DA:74,0
DA:75,0
DA:77,0
DA:79,0
DA:82,0
DA:86,0
DA:88,0
DA:93,0
DA:94,0
DA:98,0
DA:100,0
DA:106,0
DA:107,0
DA:111,0
DA:113,0
DA:116,0
DA:118,0
DA:121,0
DA:123,0
DA:127,0
DA:128,0
DA:130,0
DA:134,0
DA:136,0
DA:137,0
DA:138,0
DA:141,0
DA:142,0
DA:146,0
DA:148,0
DA:150,0
DA:151,0
DA:155,0
DA:157,0
DA:159,0
DA:160,0
DA:161,0
DA:163,0
DA:167,0
DA:169,0
DA:171,0
DA:172,0
DA:173,0
DA:175,0
DA:179,0
DA:181,0
DA:183,0
DA:184,0
DA:185,0
DA:187,0
DA:191,0
DA:193,0
DA:195,0
DA:196,0
DA:197,0
DA:199,0
DA:203,0
DA:205,0
DA:207,0
DA:209,0
DA:210,0
DA:211,0
DA:212,0
DA:213,0
DA:215,0
DA:217,0
DA:220,0
DA:224,0
DA:226,0
DA:228,0
DA:229,0
DA:230,0
DA:232,0
DA:236,0
DA:238,0
DA:240,0
DA:241,0
DA:242,0
DA:244,0
DA:248,0
DA:250,0
DA:252,0
DA:253,0
DA:254,0
DA:256,0
DA:260,0
DA:262,0
DA:264,0
DA:265,0
DA:266,0
DA:268,0
DA:272,0
DA:274,0
DA:275,0
DA:276,0
DA:279,0
DA:280,0
DA:284,0
DA:287,0
DA:290,0
DA:292,0
DA:294,0
DA:295,0
DA:296,0
DA:298,0
DA:302,0
DA:304,0
DA:305,0
DA:306,0
DA:309,0
DA:310,0
DA:314,0
DA:317,0
DA:320,0
DA:322,0
DA:324,0
DA:325,0
DA:326,0
DA:328,0
DA:332,0
DA:334,0
DA:335,0
DA:336,0
DA:339,0
DA:340,0
DA:344,0
DA:347,0
DA:350,0
DA:352,0
DA:354,0
DA:355,0
DA:356,0
DA:358,0
DA:362,0
DA:364,0
DA:365,0
DA:366,0
DA:369,0
DA:370,0
DA:374,0
DA:377,0
DA:380,0
DA:383,0
DA:386,0
DA:388,0
DA:390,0
DA:392,0
DA:393,0
DA:394,0
DA:395,0
DA:396,0
DA:398,0
DA:400,0
DA:403,0
DA:407,0
DA:410,0
DA:413,0
DA:416,0
DA:419,0
DA:421,0
DA:422,0
DA:426,0
DA:427,0
DA:431,0
DA:433,0
DA:434,0
DA:437,0
DA:438,0
DA:442,0
DA:444,0
DA:445,0
DA:448,0
DA:449,0
DA:453,0
DA:455,0
DA:457,0
DA:458,0
DA:459,0
DA:461,0
LF:206
LH:0
end_of_record
SF:lib/data/network/dio_client_adapter.dart
DA:12,0
DA:17,0
DA:18,0
DA:19,0
DA:20,0
DA:24,0
DA:27,0
DA:28,0
DA:29,0
DA:31,0
DA:32,0
DA:33,0
DA:34,0
DA:35,0
DA:40,0
DA:43,0
DA:44,0
DA:45,0
DA:46,0
DA:48,0
DA:50,0
DA:51,0
DA:52,0
DA:53,0
DA:54,0
DA:55,0
DA:56,0
DA:61,0
DA:64,0
DA:65,0
DA:69,0
DA:71,0
DA:74,0
DA:77,0
DA:78,0
DA:81,0
DA:82,0
DA:83,0
DA:84,0
DA:85,0
DA:86,0
DA:87,0
DA:92,0
DA:95,0
DA:96,0
DA:99,0
DA:100,0
DA:101,0
DA:102,0
DA:103,0
DA:108,0
DA:111,0
DA:112,0
DA:113,0
DA:114,0
DA:115,0
DA:116,0
DA:121,0
DA:123,0
DA:124,0
DA:125,0
DA:128,0
DA:130,0
DA:131,0
DA:134,0
DA:136,0
DA:137,0
DA:140,0
DA:142,0
DA:143,0
DA:146,0
DA:148,0
DA:151,0
LF:73
LH:0
end_of_record
SF:lib/data/repositories/admin_repository_impl.dart
DA:13,0
DA:18,0
DA:20,0
DA:22,0
DA:23,0
DA:24,0
DA:25,0
DA:32,0
DA:34,0
DA:36,0
DA:37,0
DA:38,0
DA:39,0
DA:46,0
DA:48,0
DA:50,0
DA:52,0
DA:53,0
DA:60,0
DA:62,0
DA:64,0
DA:66,0
DA:67,0
DA:74,0
DA:76,0
DA:78,0
DA:79,0
DA:80,0
DA:81,0
LF:29
LH:0
end_of_record
SF:lib/data/repositories/analytics_repository_impl.dart
DA:8,0
DA:12,0
DA:15,0
DA:16,0
DA:17,0
DA:21,0
DA:24,0
DA:25,0
DA:26,0
DA:30,0
DA:33,0
DA:34,0
DA:35,0
DA:39,0
DA:42,0
DA:43,0
DA:44,0
DA:48,0
DA:51,0
DA:52,0
DA:53,0
DA:57,0
DA:63,0
DA:64,0
DA:65,0
LF:25
LH:0
end_of_record
SF:lib/data/repositories/auth_repository_impl.dart
DA:7,0
DA:10,0
DA:12,0
DA:15,0
DA:18,0
DA:21,0
DA:25,0
DA:32,0
DA:34,0
DA:35,0
DA:38,0
DA:40,0
DA:43,0
DA:45,0
DA:48,0
DA:50,0
DA:53,0
DA:55,0
DA:58,0
DA:60,0
DA:63,0
DA:65,0
DA:68,0
DA:70,0
DA:73,0
DA:75,0
LF:26
LH:0
end_of_record
SF:lib/data/repositories/bud_repository_impl.dart
DA:12,0
DA:15,0
DA:17,0
DA:20,0
DA:22,0
DA:25,0
DA:27,0
DA:30,0
DA:32,0
DA:35,0
DA:37,0
DA:40,0
DA:42,0
DA:45,0
DA:47,0
DA:50,0
DA:52,0
DA:55,0
DA:57,0
DA:60,0
DA:62,0
DA:65,0
DA:67,0
DA:70,0
DA:72,0
DA:75,0
DA:77,0
DA:80,0
DA:82,0
DA:85,0
DA:87,0
DA:90,0
DA:92,0
DA:95,0
DA:97,0
DA:100,0
DA:102,0
[...]
DA:24,0
DA:26,0
DA:27,0
DA:28,0
DA:30,0
DA:31,0
DA:34,0
DA:37,0
DA:38,0
DA:39,0
DA:40,0
DA:41,0
DA:42,0
DA:44,0
DA:45,0
DA:46,0
DA:47,0
DA:54,0
DA:55,0
DA:56,0
LF:22
LH:0
end_of_record
SF:lib/services/logging_interceptor.dart
DA:4,0
DA:6,0
DA:7,0
DA:8,0
DA:9,0
DA:11,0
DA:12,0
DA:15,0
DA:17,0
DA:19,0
DA:20,0
DA:22,0
DA:23,0
DA:25,0
DA:26,0
DA:29,0
DA:31,0
DA:33,0
DA:34,0
DA:35,0
DA:38,0
DA:39,0
DA:42,0
DA:43,0
DA:44,0
DA:45,0
LF:26
LH:0
end_of_record
SF:lib/widgets/base/base_state_display.dart
DA:14,0
DA:91,0
DA:94,0
DA:95,0
DA:99,0
DA:100,0
DA:101,0
DA:102,0
DA:103,0
DA:104,0
DA:105,0
DA:106,0
DA:107,0
DA:109,0
DA:113,0
DA:114,0
DA:115,0
DA:116,0
DA:117,0
DA:121,0
DA:122,0
DA:129,0
DA:130,0
DA:131,0
DA:132,0
DA:133,0
DA:137,0
DA:138,0
DA:139,0
DA:140,0
DA:142,0
DA:149,0
DA:150,0
DA:151,0
DA:156,0
DA:158,0
DA:159,0
DA:169,0
DA:170,0
DA:171,0
DA:172,0
DA:173,0
DA:177,0
DA:178,0
DA:179,0
DA:180,0
DA:182,0
DA:189,0
DA:190,0
DA:191,0
DA:196,0
DA:198,0
DA:199,0
DA:209,0
DA:210,0
DA:211,0
DA:212,0
DA:213,0
DA:222,0
DA:223,0
DA:225,0
DA:227,0
DA:228,0
DA:229,0
DA:230,0
DA:232,0
DA:234,0
DA:235,0
DA:236,0
DA:240,0
DA:244,0
DA:245,0
DA:246,0
DA:253,0
DA:255,0
DA:256,0
DA:257,0
DA:265,0
DA:267,0
DA:268,0
DA:269,0
DA:273,0
DA:274,0
DA:277,0
DA:278,0
DA:286,0
DA:287,0
DA:290,0
DA:291,0
DA:292,0
DA:293,0
DA:302,0
DA:313,0
LF:93
LH:0
end_of_record
SF:lib/widgets/common/app_app_bar.dart
DA:19,0
DA:33,0
DA:35,0
DA:37,0
DA:38,0
DA:39,0
DA:40,0
DA:42,0
DA:43,0
DA:44,0
DA:45,0
DA:51,0
DA:52,0
DA:53,0
DA:54,0
DA:56,0
DA:58,0
DA:59,0
DA:61,0
DA:65,0
DA:68,0
DA:69,0
DA:70,0
DA:76,0
DA:77,0
LF:25
LH:0
end_of_record
SF:lib/widgets/common/app_back_button.dart
DA:8,0
DA:14,0
DA:16,0
DA:18,0
DA:19,0
LF:5
LH:0
end_of_record
SF:lib/widgets/common/app_bottom_navigation_bar.dart
DA:26,0
DA:42,0
DA:44,0
DA:46,0
DA:47,0
DA:48,0
DA:50,0
DA:51,0
DA:53,0
DA:55,0
DA:56,0
DA:57,0
DA:64,0
DA:65,0
DA:66,0
DA:67,0
DA:68,0
DA:69,0
DA:70,0
DA:71,0
DA:72,0
DA:73,0
DA:76,0
DA:77,0
DA:78,0
DA:82,0
DA:83,0
DA:84,0
DA:86,0
DA:88,0
DA:90,0
DA:93,0
DA:100,0
DA:101,0
DA:102,0
DA:103,0
DA:105,0
DA:106,0
DA:109,0
DA:110,0
DA:111,0
DA:114,0
DA:127,0
DA:131,0
DA:132,0
DA:133,0
DA:134,0
DA:135,0
DA:136,0
DA:138,0
DA:141,0
DA:142,0
DA:143,0
DA:144,0
DA:146,0
DA:147,0
DA:150,0
DA:152,0
DA:157,0
DA:177,0
DA:187,0
DA:189,0
DA:191,0
DA:192,0
DA:193,0
DA:194,0
DA:196,0
DA:197,0
DA:198,0
DA:199,0
DA:201,0
DA:202,0
DA:207,0
DA:208,0
DA:209,0
DA:210,0
DA:214,0
DA:216,0
DA:218,0
DA:220,0
DA:221,0
DA:222,0
DA:230,0
DA:232,0
DA:233,0
DA:234,0
DA:238,0
DA:241,0
DA:242,0
DA:243,0
DA:246,0
DA:270,0
DA:280,0
DA:282,0
DA:284,0
DA:285,0
DA:286,0
DA:287,0
DA:290,0
DA:291,0
DA:292,0
DA:293,0
DA:299,0
DA:300,0
DA:301,0
DA:302,0
DA:307,0
DA:309,0
DA:310,0
DA:311,0
DA:312,0
DA:314,0
DA:315,0
DA:319,0
DA:320,0
DA:321,0
DA:329,0
DA:331,0
DA:334,0
LF:119
LH:0
end_of_record
SF:lib/widgets/common/app_card.dart
DA:27,0
DA:40,0
DA:42,0
DA:43,0
DA:44,0
DA:45,0
DA:46,0
DA:47,0
DA:48,0
DA:49,0
DA:50,0
DA:55,0
DA:56,0
DA:57,0
DA:58,0
DA:60,0
DA:61,0
DA:62,0
DA:65,0
DA:66,0
DA:68,0
DA:69,0
DA:70,0
DA:73,0
DA:74,0
DA:76,0
DA:77,0
DA:78,0
DA:81,0
DA:82,0
DA:84,0
DA:85,0
DA:86,0
DA:87,0
DA:93,0
DA:94,0
DA:96,0
DA:97,0
DA:98,0
DA:101,0
DA:102,0
DA:104,0
DA:105,0
DA:106,0
DA:109,0
DA:110,0
DA:112,0
DA:113,0
DA:114,0
DA:117,0
DA:118,0
DA:120,0
DA:122,0
DA:123,0
DA:125,0
DA:134,0
DA:145,0
DA:149,0
DA:150,0
DA:151,0
DA:154,0
DA:155,0
DA:156,0
DA:157,0
DA:163,0
DA:164,0
DA:166,0
DA:167,0
DA:176,0
DA:177,0
DA:186,0
DA:187,0
DA:198,0
DA:206,0
DA:210,0
DA:211,0
DA:212,0
DA:213,0
DA:214,0
DA:217,0
DA:218,0
DA:219,0
DA:220,0
DA:226,0
DA:229,0
DA:232,0
DA:234,0
DA:235,0
DA:242,0
DA:243,0
DA:245,0
DA:246,0
DA:255,0
DA:270,0
DA:279,0
DA:283,0
DA:284,0
DA:285,0
DA:288,0
DA:289,0
DA:290,0
DA:291,0
DA:297,0
DA:298,0
DA:300,0
DA:301,0
DA:310,0
DA:318,0
DA:326,0
DA:341,0
DA:346,0
DA:354,0
DA:359,0
DA:367,0
DA:372,0
DA:380,0
DA:385,0
DA:393,0
DA:398,0
DA:406,0
DA:411,0
DA:419,0
DA:424,0
LF:123
LH:0
end_of_record
SF:lib/widgets/common/app_input_field.dart
DA:58,0
DA:97,0
DA:98,0
DA:104,0
DA:106,0
DA:107,0
DA:110,0
DA:112,0
DA:114,0
DA:115,0
DA:116,0
DA:117,0
DA:118,0
DA:119,0
DA:123,0
DA:125,0
DA:126,0
DA:127,0
DA:128,0
DA:129,0
DA:130,0
DA:131,0
DA:132,0
DA:133,0
DA:134,0
DA:135,0
DA:136,0
DA:137,0
DA:138,0
DA:141,0
DA:143,0
DA:144,0
DA:145,0
DA:146,0
DA:147,0
DA:148,0
DA:157,0
DA:158,0
DA:159,0
DA:160,0
DA:161,0
DA:164,0
DA:165,0
DA:166,0
DA:167,0
DA:168,0
DA:169,0
DA:170,0
DA:171,0
DA:172,0
DA:173,0
DA:179,0
DA:180,0
DA:181,0
DA:182,0
DA:183,0
DA:186,0
DA:187,0
DA:188,0
DA:193,0
DA:196,0
DA:197,0
DA:198,0
DA:199,0
DA:203,0
DA:204,0
DA:208,0
DA:209,0
DA:213,0
DA:214,0
DA:221,0
DA:222,0
DA:223,0
DA:224,0
DA:225,0
DA:230,0
DA:231,0
DA:232,0
DA:233,0
DA:240,0
DA:241,0
DA:242,0
DA:243,0
DA:250,0
DA:251,0
DA:252,0
DA:253,0
DA:254,0
DA:259,0
DA:260,0
DA:261,0
DA:262,0
DA:263,0
DA:268,0
DA:269,0
DA:270,0
DA:272,0
DA:273,0
DA:274,0
DA:276,0
DA:277,0
DA:278,0
DA:280,0
DA:282,0
DA:290,0
DA:297,0
DA:309,0
DA:316,0
DA:327,0
DA:335,0
DA:347,0
DA:355,0
DA:367,0
DA:375,0
DA:388,0
DA:396,0
LF:116
LH:0
end_of_record
SF:lib/widgets/common/app_navigation_drawer.dart
DA:14,7
DA:21,0
DA:23,0
DA:25,0
DA:26,0
DA:27,0
DA:29,0
DA:30,0
DA:31,0
DA:32,0
DA:38,0
DA:39,0
DA:41,0
DA:42,0
DA:43,0
DA:50,0
DA:52,0
DA:53,0
DA:55,0
DA:56,0
DA:60,0
DA:61,0
DA:62,0
DA:66,0
DA:67,0
DA:68,0
DA:77,0
DA:78,0
DA:79,0
DA:81,0
DA:85,0
DA:87,0
DA:97,0
DA:101,0
DA:102,0
DA:103,0
DA:105,0
DA:106,0
DA:107,0
DA:112,0
DA:113,0
DA:114,0
DA:122,0
DA:123,0
DA:124,0
DA:125,0
DA:127,0
DA:128,0
DA:130,0
DA:138,0
DA:139,0
DA:140,0
DA:142,0
DA:148,0
DA:154,0
DA:160,0
DA:170,0
DA:176,0
DA:177,0
DA:179,0
DA:180,0
DA:186,0
DA:188,0
DA:196,0
DA:197,0
DA:198,0
DA:199,0
DA:201,0
LF:68
LH:1
end_of_record
SF:lib/widgets/common/app_scaffold.dart
DA:19,0
DA:31,0
DA:33,0
DA:35,0
DA:36,0
DA:40,0
DA:41,0
DA:42,0
DA:43,0
DA:44,0
DA:45,0
DA:46,0
DA:47,0
DA:48,0
DA:49,0
DA:51,0
DA:53,0
DA:54,0
DA:55,0
DA:56,0
DA:58,0
DA:59,0
DA:60,0
DA:61,0
LF:24
LH:0
end_of_record
SF:lib/widgets/common/app_text_field.dart
DA:26,0
DA:47,0
DA:49,0
DA:51,0
DA:52,0
DA:53,0
DA:54,0
DA:55,0
DA:56,0
DA:57,0
DA:58,0
DA:59,0
DA:60,0
DA:61,0
DA:62,0
DA:63,0
DA:64,0
DA:65,0
DA:66,0
DA:67,0
DA:68,0
DA:70,0
DA:71,0
DA:72,0
DA:73,0
DA:74,0
DA:77,0
DA:78,0
DA:79,0
DA:80,0
DA:83,0
DA:84,0
DA:85,0
DA:86,0
DA:90,0
DA:91,0
DA:97,0
DA:98,0
DA:104,0
DA:105,0
LF:40
LH:0
end_of_record
SF:lib/widgets/common/app_typography.dart
DA:5,0
DA:7,0
DA:9,0
DA:11,0
DA:12,0
DA:14,0
DA:21,0
DA:22,0
DA:23,0
DA:25,0
DA:26,0
DA:29,0
DA:30,0
DA:33,0
DA:37,0
DA:40,0
DA:44,0
DA:47,0
DA:53,0
DA:54,0
DA:57,0
DA:58,0
DA:61,0
DA:65,0
DA:68,0
DA:72,0
DA:75,0
DA:81,0
DA:82,0
DA:85,0
DA:86,0
DA:89,0
DA:93,0
DA:96,0
DA:100,0
DA:103,0
DA:109,0
DA:110,0
DA:113,0
DA:114,0
DA:117,0
DA:121,0
DA:124,0
DA:128,0
DA:131,0
DA:135,0
DA:138,0
DA:142,0
DA:145,0
DA:151,0
DA:152,0
DA:155,0
DA:156,0
DA:159,0
DA:165,0
DA:166,0
DA:169,0
DA:170,0
DA:176,0
DA:182,0
DA:190,0
DA:191,0
DA:194,0
DA:195,0
DA:200,0
DA:205,0
DA:212,0
DA:213,0
DA:216,0
DA:217,0
DA:222,0
DA:227,0
DA:232,0
DA:239,0
DA:240,0
DA:243,0
DA:244,0
DA:249,0
DA:254,0
DA:259,0
DA:266,0
DA:267,0
DA:270,0
DA:271,0
DA:274,0
DA:276,0
DA:279,0
DA:281,0
DA:284,0
DA:286,0
DA:289,0
DA:291,0
DA:294,0
DA:296,0
DA:299,0
DA:301,0
DA:304,0
DA:306,0
DA:309,0
DA:311,0
DA:314,0
DA:316,0
DA:319,0
DA:323,0
DA:324,0
DA:327,0
DA:328,0
DA:333,0
DA:338,0
DA:343,0
DA:348,0
DA:353,0
DA:358,0
DA:363,0
DA:370,0
DA:371,0
DA:374,0
DA:375,0
DA:380,0
DA:385,0
DA:390,0
DA:395,0
DA:400,0
DA:405,0
DA:412,0
DA:413,0
DA:416,0
DA:417,0
DA:422,0
DA:427,0
DA:440,0
DA:445,0
DA:447,0
DA:448,0
DA:450,0
DA:454,0
DA:455,0
DA:456,0
DA:457,0
DA:459,0
DA:460,0
DA:461,0
DA:464,0
DA:473,0
DA:478,0
DA:479,0
DA:480,0
DA:482,0
DA:483,0
DA:485,0
DA:489,0
DA:490,0
DA:499,0
DA:505,0
DA:506,0
DA:507,0
DA:509,0
DA:510,0
DA:512,0
DA:516,0
DA:517,0
DA:518,0
DA:519,0
DA:530,0
DA:535,0
DA:536,0
DA:537,0
DA:538,0
DA:539,0
DA:542,0
DA:544,0
DA:545,0
DA:546,0
DA:550,0
DA:551,0
DA:552,0
DA:554,0
DA:555,0
DA:557,0
DA:561,0
DA:562,0
DA:563,0
DA:575,0
DA:580,0
DA:581,0
DA:582,0
DA:583,0
DA:584,0
DA:587,0
DA:589,0
DA:592,0
DA:593,0
DA:594,0
DA:595,0
DA:604,0
DA:609,0
DA:610,0
DA:611,0
DA:612,0
DA:613,0
DA:616,0
DA:618,0
DA:621,0
DA:622,0
DA:623,0
DA:624,0
DA:633,0
DA:638,0
DA:639,0
DA:640,0
DA:642,0
DA:643,0
DA:645,0
DA:649,0
DA:650,0
DA:653,0
DA:655,0
LF:217
LH:0
end_of_record
SF:lib/widgets/common/bloc_form.dart
DA:30,0
DA:48,0
DA:50,0
DA:51,0
DA:59,0
DA:61,0
DA:62,0
DA:63,0
DA:65,0
DA:66,0
DA:67,0
DA:71,0
DA:73,0
DA:74,0
DA:76,0
DA:77,0
DA:79,0
DA:82,0
DA:83,0
DA:84,0
DA:85,0
DA:86,0
DA:89,0
DA:90,0
DA:94,0
DA:96,0
DA:97,0
DA:98,0
DA:100,0
DA:101,0
DA:102,0
DA:103,0
DA:104,0
DA:105,0
DA:106,0
DA:109,0
DA:110,0
DA:111,0
DA:115,0
DA:119,0
DA:120,0
DA:121,0
DA:122,0
DA:123,0
DA:125,0
DA:127,0
DA:129,0
DA:132,0
DA:133,0
DA:134,0
DA:135,0
DA:139,0
DA:141,0
DA:150,0
DA:151,0
DA:152,0
DA:153,0
DA:154,0
DA:163,0
DA:164,0
DA:165,0
DA:166,0
DA:167,0
DA:168,0
DA:169,0
DA:170,0
DA:171,0
DA:172,0
DA:173,0
DA:174,0
DA:175,0
DA:176,0
DA:177,0
DA:178,0
DA:180,0
DA:185,0
DA:186,0
DA:187,0
DA:188,0
DA:189,0
DA:191,0
DA:211,0
DA:227,0
DA:228,0
DA:231,0
DA:237,0
DA:238,0
DA:241,0
DA:247,0
DA:248,0
DA:251,0
DA:257,0
DA:258,0
DA:259,0
DA:264,0
DA:265,0
DA:266,0
DA:269,0
LF:98
LH:0
end_of_record
SF:lib/widgets/common/bloc_list.dart
DA:29,0
DA:50,0
DA:52,0
DA:54,0
DA:61,0
DA:63,0
DA:64,0
DA:67,0
DA:68,0
DA:72,0
DA:74,0
DA:75,0
DA:78,0
DA:79,0
DA:80,0
DA:81,0
DA:82,0
DA:85,0
DA:90,0
DA:91,0
DA:92,0
DA:93,0
DA:94,0
DA:97,0
DA:98,0
DA:99,0
DA:101,0
DA:105,0
DA:107,0
DA:109,0
DA:110,0
DA:111,0
DA:112,0
DA:117,0
DA:118,0
DA:123,0
DA:125,0
DA:126,0
DA:131,0
DA:136,0
DA:137,0
DA:138,0
DA:141,0
DA:144,0
DA:145,0
DA:149,0
DA:152,0
DA:153,0
DA:154,0
DA:156,0
DA:157,0
DA:158,0
DA:159,0
DA:160,0
DA:161,0
DA:162,0
DA:163,0
DA:164,0
DA:166,0
DA:168,0
DA:174,0
DA:185,0
DA:186,0
DA:187,0
DA:189,0
DA:191,0
DA:198,0
DA:200,0
DA:207,0
DA:213,0
DA:214,0
DA:223,0
DA:224,0
DA:225,0
DA:228,0
DA:229,0
DA:231,0
DA:233,0
DA:234,0
DA:235,0
DA:240,0
DA:241,0
DA:242,0
DA:249,0
DA:250,0
DA:271,0
DA:280,0
DA:282,0
DA:284,0
DA:285,0
DA:286,0
DA:290,0
DA:291,0
DA:292,0
DA:293,0
DA:295,0
DA:302,0
DA:304,0
DA:314,0
DA:316,0
DA:317,0
DA:326,0
DA:327,0
DA:328,0
DA:329,0
DA:330,0
LF:106
LH:0
end_of_record
SF:lib/widgets/common/bloc_tab_view.dart
DA:17,0
DA:25,0
DA:27,0
DA:28,0
DA:36,0
DA:38,0
DA:39,0
DA:40,0
DA:43,0
DA:44,0
DA:45,0
DA:50,0
DA:52,0
DA:53,0
DA:56,0
DA:57,0
DA:58,0
DA:59,0
DA:62,0
DA:63,0
DA:64,0
DA:69,0
DA:71,0
DA:72,0
DA:73,0
DA:74,0
DA:75,0
DA:78,0
DA:79,0
DA:80,0
DA:81,0
DA:82,0
DA:89,0
DA:90,0
DA:92,0
DA:94,0
DA:96,0
DA:97,0
DA:98,0
DA:99,0
DA:101,0
DA:113,0
DA:114,0
DA:115,0
DA:116,0
DA:121,0
DA:122,0
DA:123,0
DA:124,0
DA:125,0
DA:126,0
DA:132,0
DA:134,0
DA:139,0
DA:140,0
DA:141,0
DA:145,0
DA:146,0
DA:151,0
DA:152,0
DA:153,0
DA:157,0
DA:158,0
DA:159,0
DA:161,0
DA:163,0
DA:170,0
DA:172,0
DA:179,0
DA:202,0
DA:229,0
DA:243,0
DA:245,0
DA:247,0
DA:255,0
DA:257,0
DA:258,0
DA:259,0
DA:261,0
DA:263,0
DA:264,0
DA:267,0
DA:268,0
DA:272,0
DA:274,0
DA:275,0
DA:278,0
DA:279,0
DA:280,0
DA:281,0
DA:284,0
DA:288,0
DA:290,0
DA:291,0
DA:292,0
DA:293,0
DA:294,0
DA:297,0
DA:298,0
DA:299,0
DA:300,0
DA:301,0
DA:308,0
DA:309,0
DA:311,0
DA:313,0
DA:315,0
DA:316,0
DA:317,0
DA:318,0
DA:320,0
DA:332,0
DA:333,0
DA:334,0
DA:339,0
DA:340,0
DA:341,0
DA:342,0
DA:346,0
DA:347,0
DA:348,0
DA:351,0
DA:353,0
DA:354,0
DA:357,0
DA:359,0
DA:360,0
DA:361,0
DA:367,0
DA:368,0
DA:369,0
DA:371,0
DA:373,0
DA:380,0
DA:382,0
DA:389,0
DA:400,0
DA:401,0
DA:402,0
DA:404,0
DA:406,0
DA:413,0
DA:415,0
LF:143
LH:0
end_of_record
SF:lib/widgets/common/card_actions.dart
DA:72,0
DA:95,0
DA:97,0
DA:98,0
DA:100,0
DA:101,0
DA:102,0
DA:103,0
DA:104,0
DA:107,0
DA:108,0
DA:109,0
DA:110,0
DA:112,0
DA:114,0
DA:115,0
DA:118,0
DA:119,0
DA:120,0
DA:124,0
DA:130,0
DA:131,0
DA:132,0
DA:133,0
DA:134,0
DA:135,0
DA:136,0
DA:137,0
DA:138,0
DA:139,0
DA:140,0
DA:142,0
DA:143,0
DA:147,0
DA:148,0
DA:149,0
DA:150,0
DA:151,0
DA:158,0
DA:159,0
DA:160,0
DA:161,0
DA:162,0
DA:163,0
DA:165,0
DA:166,0
DA:168,0
DA:169,0
DA:173,0
DA:174,0
DA:176,0
DA:177,0
DA:184,0
DA:185,0
DA:186,0
DA:187,0
DA:188,0
DA:190,0
DA:191,0
DA:193,0
DA:194,0
DA:195,0
DA:196,0
DA:197,0
DA:198,0
DA:199,0
DA:200,0
DA:201,0
DA:204,0
DA:208,0
DA:212,0
DA:213,0
DA:215,0
DA:217,0
DA:222,0
DA:223,0
DA:224,0
DA:226,0
DA:227,0
DA:229,0
DA:230,0
DA:235,0
DA:236,0
DA:238,0
DA:239,0
DA:264,0
LF:86
LH:0
end_of_record
SF:lib/widgets/common/empty_state.dart
DA:7,0
DA:20,0
LF:2
LH:0
end_of_record
SF:lib/widgets/common/modern_button.dart
DA:36,0
DA:54,0
DA:55,0
DA:64,0
DA:66,0
DA:67,0
DA:71,0
DA:74,0
DA:75,0
DA:80,0
DA:82,0
DA:83,0
DA:86,0
DA:87,0
DA:88,0
DA:92,0
DA:93,0
DA:96,0
DA:97,0
DA:100,0
DA:101,0
DA:104,0
DA:106,0
DA:108,0
DA:109,0
DA:110,0
DA:111,0
DA:112,0
DA:113,0
DA:114,0
DA:115,0
DA:116,0
DA:117,0
DA:118,0
DA:119,0
DA:120,0
DA:121,0
DA:122,0
DA:123,0
DA:124,0
DA:125,0
DA:126,0
DA:128,0
DA:129,0
DA:130,0
DA:131,0
DA:133,0
DA:142,0
DA:143,0
DA:144,0
DA:145,0
DA:146,0
DA:147,0
DA:149,0
DA:150,0
DA:156,0
DA:159,0
DA:160,0
DA:161,0
DA:162,0
DA:163,0
DA:164,0
DA:166,0
DA:168,0
DA:169,0
DA:170,0
DA:171,0
DA:172,0
DA:177,0
DA:178,0
DA:179,0
DA:180,0
DA:181,0
DA:182,0
DA:191,0
DA:192,0
DA:194,0
DA:195,0
DA:196,0
DA:197,0
DA:198,0
DA:200,0
DA:201,0
DA:202,0
DA:203,0
DA:205,0
DA:206,0
DA:207,0
DA:208,0
DA:210,0
DA:211,0
DA:212,0
DA:213,0
DA:218,0
DA:219,0
DA:220,0
DA:221,0
DA:222,0
DA:223,0
DA:224,0
DA:225,0
DA:226,0
DA:227,0
DA:231,0
DA:232,0
DA:233,0
DA:235,0
DA:237,0
DA:239,0
DA:244,0
DA:245,0
DA:247,0
DA:248,0
DA:251,0
DA:252,0
DA:253,0
DA:254,0
DA:255,0
DA:256,0
DA:257,0
DA:258,0
DA:259,0
DA:260,0
DA:265,0
DA:266,0
DA:268,0
DA:269,0
DA:274,0
DA:275,0
DA:276,0
DA:277,0
DA:278,0
DA:286,0
DA:287,0
DA:289,0
DA:290,0
DA:291,0
DA:297,0
DA:298,0
DA:300,0
DA:301,0
DA:302,0
DA:303,0
DA:304,0
DA:305,0
DA:306,0
DA:307,0
DA:308,0
DA:309,0
DA:310,0
DA:311,0
DA:315,0
DA:316,0
DA:318,0
DA:319,0
DA:320,0
DA:321,0
DA:324,0
DA:325,0
DA:326,0
DA:329,0
DA:330,0
DA:331,0
DA:334,0
DA:335,0
DA:336,0
DA:342,0
DA:343,0
DA:345,0
DA:346,0
DA:347,0
DA:348,0
DA:349,0
DA:350,0
DA:351,0
DA:352,0
DA:353,0
DA:354,0
DA:355,0
DA:356,0
DA:357,0
DA:358,0
DA:372,0
DA:382,0
DA:384,0
DA:385,0
DA:386,0
DA:388,0
DA:389,0
DA:390,0
DA:391,0
DA:404,0
DA:414,0
DA:416,0
DA:417,0
DA:418,0
DA:420,0
DA:421,0
DA:422,0
DA:423,0
DA:436,0
DA:446,0
DA:448,0
DA:449,0
DA:450,0
DA:452,0
DA:453,0
DA:454,0
DA:455,0
DA:471,0
DA:484,0
DA:486,0
DA:487,0
DA:488,0
DA:490,0
DA:491,0
DA:493,0
LF:217
LH:0
end_of_record
SF:lib/widgets/common/image_with_fallback.dart
DA:76,0
DA:100,0
DA:102,0
DA:103,0
DA:106,0
DA:107,0
DA:110,0
DA:111,0
DA:112,0
DA:113,0
DA:114,0
DA:115,0
DA:116,0
DA:117,0
DA:118,0
DA:119,0
DA:124,0
DA:125,0
DA:126,0
DA:127,0
DA:128,0
DA:129,0
DA:131,0
DA:136,0
DA:138,0
DA:140,0
DA:141,0
DA:145,0
DA:146,0
DA:149,0
DA:152,0
DA:153,0
DA:155,0
DA:156,0
DA:157,0
DA:158,0
DA:159,0
DA:161,0
DA:162,0
DA:163,0
DA:170,0
DA:171,0
DA:173,0
DA:174,0
DA:175,0
DA:176,0
DA:177,0
DA:182,0
DA:183,0
DA:184,0
DA:185,0
DA:189,0
DA:190,0
DA:191,0
DA:194,0
DA:195,0
DA:196,0
DA:197,0
DA:201,0
DA:202,0
DA:204,0
DA:205,0
DA:208,0
DA:217,0
DA:218,0
LF:65
LH:0
end_of_record
SF:lib/widgets/common/modern_card.dart
DA:26,0
DA:41,0
DA:42,0
DA:51,0
DA:53,0
DA:54,0
DA:58,0
DA:61,0
DA:62,0
DA:67,0
DA:69,0
DA:70,0
DA:73,0
DA:74,0
DA:76,0
DA:77,0
DA:81,0
DA:83,0
DA:87,0
DA:89,0
DA:92,0
DA:93,0
DA:94,0
DA:95,0
DA:96,0
DA:97,0
DA:98,0
DA:99,0
DA:100,0
DA:101,0
DA:102,0
DA:103,0
DA:104,0
DA:105,0
DA:106,0
DA:108,0
DA:109,0
DA:110,0
DA:111,0
DA:113,0
DA:114,0
DA:115,0
DA:117,0
DA:118,0
DA:119,0
DA:130,0
DA:131,0
DA:133,0
DA:134,0
DA:135,0
DA:136,0
DA:137,0
DA:138,0
DA:139,0
DA:140,0
DA:142,0
DA:143,0
DA:144,0
DA:149,0
DA:150,0
DA:152,0
DA:153,0
DA:154,0
DA:155,0
DA:156,0
DA:162,0
DA:163,0
DA:165,0
DA:166,0
DA:167,0
DA:168,0
DA:176,0
DA:177,0
DA:179,0
DA:180,0
DA:181,0
DA:182,0
DA:183,0
DA:184,0
DA:185,0
DA:186,0
DA:187,0
DA:188,0
DA:189,0
DA:191,0
DA:192,0
DA:193,0
DA:209,0
DA:221,0
DA:223,0
DA:225,0
DA:227,0
DA:228,0
DA:230,0
DA:232,0
DA:235,0
DA:236,0
DA:237,0
DA:239,0
DA:240,0
DA:241,0
DA:242,0
DA:243,0
DA:245,0
DA:246,0
DA:250,0
DA:253,0
DA:256,0
DA:257,0
DA:258,0
DA:259,0
DA:265,0
DA:267,0
DA:268,0
DA:269,0
DA:270,0
DA:276,0
DA:279,0
DA:281,0
DA:283,0
DA:284,0
DA:285,0
DA:286,0
DA:287,0
DA:289,0
DA:290,0
DA:291,0
DA:297,0
DA:298,0
DA:299,0
DA:309,0
DA:310,0
DA:311,0
DA:312,0
DA:313,0
DA:315,0
DA:316,0
DA:317,0
DA:331,0
DA:340,0
DA:342,0
DA:344,0
DA:346,0
DA:347,0
DA:348,0
DA:350,0
DA:352,0
DA:353,0
DA:354,0
DA:355,0
DA:357,0
DA:363,0
DA:366,0
DA:367,0
DA:369,0
DA:370,0
DA:371,0
DA:372,0
DA:373,0
DA:376,0
DA:377,0
DA:378,0
DA:379,0
DA:380,0
DA:381,0
DA:390,0
DA:391,0
DA:392,0
LF:168
LH:0
end_of_record
SF:lib/widgets/common/modern_input_field.dart
DA:21,0
DA:40,0
DA:41,0
DA:45,0
DA:47,0
DA:48,0
DA:50,0
DA:51,0
DA:52,0
DA:53,0
DA:55,0
DA:56,0
DA:57,0
DA:58,0
DA:63,0
DA:64,0
DA:65,0
DA:66,0
DA:68,0
DA:69,0
DA:73,0
DA:74,0
DA:75,0
DA:76,0
DA:77,0
DA:78,0
DA:80,0
DA:81,0
DA:82,0
DA:86,0
DA:87,0
DA:88,0
DA:89,0
DA:93,0
DA:97,0
DA:103,0
DA:104,0
DA:105,0
DA:108,0
DA:111,0
DA:116,0
DA:117,0
DA:118,0
DA:122,0
DA:126,0
DA:135,0
DA:136,0
DA:137,0
DA:139,0
DA:140,0
DA:141,0
LF:51
LH:0
end_of_record
SF:lib/widgets/common/play_button.dart
DA:63,0
DA:83,0
DA:84,0
DA:91,0
DA:93,0
DA:94,0
DA:95,0
DA:99,0
DA:102,0
DA:103,0
DA:107,0
DA:110,0
DA:112,0
DA:113,0
DA:114,0
DA:118,0
DA:120,0
DA:121,0
DA:124,0
DA:125,0
DA:126,0
DA:128,0
DA:129,0
DA:133,0
DA:134,0
DA:142,0
DA:143,0
DA:146,0
DA:149,0
DA:151,0
DA:152,0
DA:154,0
DA:155,0
DA:156,0
DA:157,0
DA:158,0
DA:159,0
DA:161,0
DA:162,0
DA:163,0
DA:165,0
DA:166,0
DA:167,0
DA:168,0
DA:169,0
DA:170,0
DA:171,0
DA:173,0
DA:174,0
DA:175,0
DA:176,0
DA:177,0
DA:178,0
DA:179,0
DA:185,0
DA:186,0
DA:187,0
DA:188,0
DA:189,0
DA:191,0
DA:201,0
DA:202,0
DA:203,0
DA:205,0
DA:206,0
DA:209,0
DA:210,0
DA:211,0
DA:212,0
DA:213,0
DA:214,0
DA:215,0
DA:219,0
DA:220,0
DA:221,0
DA:223,0
DA:224,0
DA:225,0
DA:226,0
DA:227,0
DA:229,0
DA:230,0
DA:231,0
DA:232,0
DA:234,0
DA:235,0
DA:236,0
DA:237,0
DA:238,0
DA:240,0
DA:241,0
LF:91
LH:0
end_of_record
SF:lib/widgets/common/section_header.dart
DA:8,14
DA:22,0
DA:24,0
DA:25,0
DA:27,0
DA:28,0
DA:29,0
DA:30,0
DA:31,0
DA:32,0
DA:39,0
DA:41,0
DA:42,0
DA:43,0
DA:45,0
DA:46,0
DA:47,0
DA:48,0
DA:49,0
DA:50,0
DA:51,0
LF:21
LH:1
end_of_record
SF:lib/blocs/auth/auth_event.dart
DA:4,0
DA:6,0
DA:7,0
DA:14,0
DA:19,0
DA:20,0
DA:28,0
DA:34,0
DA:35,0
DA:39,0
DA:45,0
DA:47,0
DA:48,0
DA:55,0
DA:60,0
DA:61,0
DA:65,0
DA:72,0
DA:77,0
DA:78,0
DA:82,0
LF:21
LH:0
end_of_record
SF:lib/blocs/auth/auth_state.dart
DA:5,0
DA:7,0
DA:8,0
DA:12,0
DA:16,0
DA:23,0
DA:25,0
DA:26,0
DA:32,0
DA:34,0
DA:35,0
DA:42,0
DA:44,0
DA:45,0
DA:49,0
DA:53,0
DA:59,0
DA:61,0
DA:62,0
DA:66,0
LF:20
LH:0
end_of_record
SF:lib/models/auth_user.dart
DA:10,0
DA:20,0
DA:21,0
DA:22,0
DA:23,0
DA:24,0
DA:25,0
DA:26,0
DA:27,0
DA:28,0
DA:32,0
DA:33,0
DA:34,0
DA:35,0
DA:36,0
DA:37,0
DA:38,0
DA:39,0
DA:40,0
DA:44,0
DA:53,0
DA:54,0
DA:55,0
DA:56,0
DA:57,0
DA:58,0
DA:59,0
DA:60,0
LF:28
LH:0
end_of_record
SF:lib/data/models/common_artist_model.dart
DA:4,0
DA:18,0
DA:34,0
DA:35,0
DA:36,0
DA:37,0
DA:38,0
DA:39,0
DA:40,0
DA:41,0
DA:42,0
DA:43,0
DA:44,0
DA:45,0
DA:46,0
DA:47,0
DA:48,0
DA:49,0
DA:51,0
DA:55,0
DA:57,0
DA:58,0
DA:59,0
DA:60,0
DA:61,0
DA:62,0
DA:63,0
DA:64,0
DA:65,0
DA:66,0
DA:67,0
DA:68,0
DA:69,0
DA:70,0
LF:34
LH:0
end_of_record
SF:lib/data/models/common_track_model.dart
DA:4,0
DA:21,0
DA:40,0
DA:41,0
DA:42,0
DA:43,0
DA:44,0
DA:45,0
DA:46,0
DA:47,0
DA:48,0
DA:49,0
DA:50,0
DA:51,0
DA:52,0
DA:53,0
DA:54,0
DA:55,0
DA:56,0
DA:57,0
DA:58,0
DA:60,0
DA:61,0
DA:65,0
DA:67,0
DA:68,0
DA:69,0
DA:70,0
DA:71,0
DA:72,0
DA:73,0
DA:74,0
DA:75,0
DA:76,0
DA:77,0
DA:78,0
DA:79,0
DA:80,0
DA:81,0
DA:82,0
DA:83,0
LF:41
LH:0
end_of_record
SF:lib/data/models/user_profile_model.dart
DA:4,3
DA:15,0
DA:17,0
DA:18,0
DA:19,0
DA:20,0
DA:21,0
DA:22,0
DA:23,0
DA:24,0
DA:25,0
DA:33,0
DA:35,0
DA:36,0
DA:37,0
DA:38,0
DA:39,0
DA:40,0
DA:41,0
DA:42,0
DA:43,0
LF:21
LH:1
end_of_record
