SF:lib/blocs/settings/settings_bloc.dart
DA:13,1
DA:20,2
DA:21,2
DA:22,2
DA:23,2
DA:24,2
DA:25,2
DA:26,2
DA:27,2
DA:28,2
DA:29,2
DA:30,2
DA:31,2
DA:32,2
DA:33,2
DA:34,2
DA:35,2
DA:36,2
DA:37,2
DA:40,1
DA:44,2
DA:46,2
DA:47,2
DA:48,1
DA:49,2
DA:50,2
DA:51,2
DA:52,2
DA:54,1
DA:55,2
DA:56,2
DA:57,2
DA:59,1
DA:60,1
DA:63,3
DA:67,1
DA:71,2
DA:72,1
DA:74,3
DA:75,1
DA:76,1
DA:77,1
DA:78,1
DA:81,2
DA:82,1
DA:83,1
DA:84,1
DA:85,1
DA:86,1
DA:90,3
DA:95,1
DA:99,2
DA:100,1
DA:102,3
DA:103,1
DA:104,1
DA:105,1
DA:108,2
DA:109,1
DA:110,1
DA:111,1
DA:112,1
DA:116,3
DA:121,1
DA:125,2
DA:126,1
DA:128,3
DA:129,3
DA:131,3
DA:136,1
DA:140,2
DA:141,1
DA:143,3
DA:144,3
DA:146,3
DA:151,1
DA:155,2
DA:157,2
DA:158,2
DA:159,1
DA:160,2
DA:161,2
DA:162,2
DA:163,2
DA:165,1
DA:166,2
DA:167,2
DA:168,2
DA:170,1
DA:171,1
DA:174,0
DA:178,1
DA:182,1
DA:183,1
DA:184,1
DA:185,1
DA:186,1
DA:187,1
DA:193,1
DA:197,1
DA:198,1
DA:199,1
DA:200,1
DA:201,1
DA:207,1
DA:211,1
DA:212,2
DA:217,1
DA:221,1
DA:222,2
DA:227,1
DA:232,2
DA:235,1
DA:240,3
DA:241,1
DA:243,3
DA:247,1
DA:252,3
DA:253,1
DA:255,3
DA:259,1
DA:264,3
DA:265,1
DA:267,3
DA:271,1
DA:276,3
DA:277,1
DA:279,3
DA:283,1
DA:288,3
DA:289,1
DA:290,1
DA:292,3
DA:294,4
DA:298,1
DA:303,3
DA:304,3
DA:306,4
LF:138
LH:137
end_of_record
SF:lib/blocs/settings/settings_event.dart
DA:4,2
DA:6,0
DA:7,0
DA:18,2
DA:25,0
DA:26,0
DA:34,2
DA:40,0
DA:41,0
DA:47,2
DA:49,0
DA:50,0
DA:56,2
DA:58,0
DA:59,0
DA:72,1
DA:79,0
DA:80,0
DA:88,1
DA:94,0
DA:95,0
DA:101,1
DA:103,0
DA:104,0
DA:110,1
DA:112,0
DA:113,0
DA:120,1
DA:125,0
DA:126,0
DA:133,1
DA:138,0
DA:139,0
DA:146,1
DA:151,0
DA:152,0
DA:159,1
DA:164,0
DA:165,0
DA:172,1
DA:177,0
DA:178,0
DA:184,1
DA:186,0
DA:187,0
LF:45
LH:15
end_of_record
SF:lib/blocs/settings/settings_state.dart
DA:4,3
DA:6,1
DA:7,1
DA:20,1
DA:27,1
DA:28,5
DA:30,1
DA:36,1
DA:37,1
DA:38,1
DA:39,1
DA:40,1
DA:48,1
DA:50,1
DA:51,2
DA:57,0
DA:59,0
DA:60,0
DA:68,2
DA:70,1
DA:71,2
DA:78,1
DA:80,1
DA:81,3
DA:87,2
DA:89,1
DA:90,2
DA:97,1
DA:99,1
DA:100,3
DA:107,2
DA:109,1
DA:110,3
DA:117,1
DA:119,1
DA:120,3
DA:129,2
DA:136,1
DA:137,5
DA:139,0
DA:145,0
DA:146,0
DA:147,0
DA:148,0
DA:149,0
DA:159,2
DA:165,1
DA:166,4
DA:168,0
DA:173,0
DA:174,0
DA:175,0
DA:176,0
LF:53
LH:39
end_of_record
SF:lib/models/auth_response.dart
DA:8,2
DA:16,0
DA:17,0
DA:18,0
DA:19,0
DA:20,0
DA:21,0
DA:22,0
DA:26,0
DA:27,0
DA:28,0
DA:29,0
DA:30,0
DA:31,0
DA:32,0
DA:42,2
DA:48,0
DA:49,0
DA:50,0
DA:51,0
DA:52,0
DA:56,0
DA:57,0
DA:58,0
DA:59,0
DA:60,0
DA:70,2
DA:76,0
DA:77,0
DA:78,0
DA:79,0
DA:80,0
DA:84,0
DA:85,0
DA:86,0
DA:87,0
DA:88,0
LF:37
LH:3
end_of_record
SF:lib/models/user_profile.dart
DA:18,2
DA:34,1
DA:38,3
DA:39,2
DA:42,1
DA:43,1
DA:46,0
DA:48,1
DA:49,1
DA:50,2
DA:51,1
DA:52,2
DA:53,2
DA:54,2
DA:55,2
DA:58,1
DA:59,0
DA:62,1
DA:81,0
DA:82,0
DA:83,0
DA:84,0
DA:85,0
DA:86,0
DA:87,0
DA:88,0
DA:89,0
DA:90,0
DA:91,0
DA:92,0
DA:93,0
DA:98,1
DA:111,1
DA:112,1
DA:113,1
DA:114,1
DA:115,1
DA:116,1
DA:117,1
DA:118,1
DA:119,1
DA:120,1
DA:121,1
DA:122,1
DA:127,1
DA:129,0
DA:130,0
DA:131,0
DA:134,0
DA:139,1
DA:141,0
DA:142,0
DA:143,0
DA:144,0
DA:145,0
DA:147,0
DA:148,0
DA:149,0
DA:154,1
DA:155,1
DA:156,1
DA:157,1
DA:158,1
DA:159,1
DA:160,1
DA:161,1
DA:162,1
DA:163,1
DA:164,1
DA:165,1
DA:166,1
DA:181,1
DA:193,0
DA:194,0
DA:195,0
DA:196,0
DA:197,0
DA:198,0
DA:199,0
DA:200,0
DA:201,0
DA:202,0
DA:207,0
DA:208,0
DA:209,0
DA:210,0
DA:211,0
DA:212,0
DA:213,0
DA:214,0
DA:215,0
DA:216,0
DA:220,0
DA:221,0
DA:222,0
DA:223,0
DA:224,0
DA:225,0
DA:226,0
DA:227,0
DA:228,0
DA:229,0
LF:102
LH:45
end_of_record
SF:lib/blocs/bud_matching/bud_matching_bloc.dart
DA:10,1
DA:12,0
DA:13,0
DA:19,1
DA:21,0
DA:22,0
DA:50,1
DA:52,0
DA:53,0
DA:59,1
DA:61,0
DA:62,0
DA:68,1
DA:70,0
DA:71,0
DA:76,1
DA:78,1
DA:79,1
DA:89,1
DA:91,1
DA:92,2
DA:98,1
DA:100,1
DA:101,2
DA:108,0
DA:110,0
DA:111,0
DA:117,1
DA:119,1
DA:120,2
DA:127,1
DA:129,2
DA:130,2
DA:131,2
DA:132,2
DA:133,2
DA:134,2
DA:135,2
DA:136,2
DA:137,2
DA:138,2
DA:139,2
DA:140,2
DA:141,2
DA:142,2
DA:143,2
DA:144,2
DA:147,1
DA:152,2
DA:153,3
DA:154,2
DA:156,3
DA:160,1
DA:165,2
DA:166,2
DA:167,2
DA:169,3
DA:173,1
DA:178,2
DA:179,2
DA:180,2
DA:182,0
DA:186,1
DA:191,2
DA:192,2
DA:193,2
DA:195,0
DA:199,1
DA:204,2
DA:205,2
DA:206,2
DA:208,0
DA:212,1
DA:217,2
DA:218,2
DA:219,2
DA:221,0
DA:225,1
DA:230,2
DA:231,2
DA:232,2
DA:234,0
DA:238,1
DA:243,2
DA:244,2
DA:245,2
DA:247,0
DA:251,1
DA:256,2
DA:257,2
DA:258,2
DA:260,0
DA:264,1
DA:269,2
DA:270,2
DA:271,2
DA:273,0
DA:277,1
DA:282,2
DA:283,2
DA:284,2
DA:286,0
DA:290,1
DA:295,2
DA:296,2
DA:297,2
DA:299,0
DA:303,1
DA:308,2
DA:309,3
DA:310,2
DA:312,0
DA:316,1
DA:321,2
DA:322,3
DA:323,2
DA:325,0
DA:329,1
DA:334,2
DA:335,3
DA:336,2
DA:338,0
LF:122
LH:96
end_of_record
SF:lib/models/bud_profile.dart
DA:11,1
DA:17,0
DA:18,0
DA:19,0
DA:20,0
DA:25,0
DA:26,0
DA:27,0
DA:28,0
DA:33,0
DA:37,0
DA:38,0
DA:39,0
DA:43,1
DA:44,3
DA:53,1
DA:60,0
DA:61,0
DA:62,0
DA:63,0
DA:64,0
DA:65,0
DA:66,0
DA:67,0
DA:68,0
DA:69,0
DA:70,0
DA:71,0
DA:72,0
DA:73,0
DA:78,0
DA:79,0
DA:80,0
DA:81,0
DA:82,0
DA:87,0
DA:92,0
DA:93,0
DA:94,0
DA:95,0
DA:99,1
DA:100,4
LF:42
LH:6
end_of_record
SF:lib/models/bud_search_result.dart
DA:14,1
DA:22,0
DA:23,0
DA:24,0
DA:25,0
DA:26,0
DA:27,0
DA:32,0
DA:33,0
DA:34,0
DA:35,0
DA:36,0
DA:37,0
DA:42,0
DA:48,0
DA:49,0
DA:50,0
DA:51,0
DA:52,0
DA:56,1
DA:57,5
DA:68,1
DA:77,0
DA:78,0
DA:79,0
DA:80,0
DA:81,0
DA:82,0
DA:83,0
DA:84,0
DA:85,0
DA:86,0
DA:91,0
DA:92,0
DA:93,0
DA:94,0
DA:95,0
DA:96,0
DA:97,0
DA:102,0
DA:109,0
DA:110,0
DA:111,0
DA:112,0
DA:113,0
DA:114,0
DA:118,1
DA:119,1
DA:120,1
DA:121,1
DA:122,1
DA:123,1
DA:124,1
DA:146,0
DA:165,0
DA:166,0
DA:167,0
DA:168,0
DA:169,0
DA:170,0
DA:171,0
DA:172,0
DA:173,0
DA:174,0
DA:175,0
DA:176,0
DA:177,0
DA:178,0
DA:179,0
DA:180,0
DA:181,0
DA:182,0
DA:183,0
DA:184,0
DA:185,0
DA:186,0
DA:187,0
DA:188,0
DA:189,0
DA:194,0
DA:195,0
DA:196,0
DA:197,0
DA:198,0
DA:199,0
DA:200,0
DA:201,0
DA:202,0
DA:203,0
DA:204,0
DA:205,0
DA:206,0
DA:207,0
DA:208,0
DA:209,0
DA:210,0
DA:215,0
DA:232,0
DA:233,0
DA:234,0
DA:235,0
DA:236,0
DA:237,0
DA:238,0
DA:239,0
DA:240,0
DA:241,0
DA:242,0
DA:243,0
DA:244,0
DA:245,0
DA:246,0
DA:247,0
DA:251,0
DA:252,0
DA:253,0
DA:254,0
DA:255,0
DA:256,0
DA:257,0
DA:258,0
DA:259,0
DA:260,0
DA:261,0
DA:262,0
DA:263,0
DA:264,0
DA:265,0
DA:266,0
DA:267,0
LF:130
LH:11
end_of_record
SF:lib/models/bud_match.dart
DA:20,2
DA:36,1
DA:39,1
DA:41,1
DA:42,1
DA:43,1
DA:44,1
DA:47,2
DA:48,2
DA:49,3
DA:52,1
DA:53,2
DA:54,0
DA:55,0
DA:56,0
DA:57,0
DA:58,0
DA:63,1
DA:64,0
DA:65,0
DA:66,1
DA:67,0
DA:68,0
DA:69,1
DA:70,0
DA:71,0
DA:75,1
DA:76,0
DA:79,2
DA:80,3
DA:83,1
DA:100,0
DA:101,0
DA:102,0
DA:103,0
DA:104,0
DA:105,0
DA:106,0
DA:107,0
DA:108,0
DA:109,0
DA:110,0
DA:111,0
DA:112,0
DA:113,0
DA:117,0
DA:118,0
DA:119,0
DA:120,0
DA:121,0
DA:122,0
DA:123,0
DA:124,0
DA:125,0
DA:126,0
DA:127,0
DA:128,0
DA:129,0
DA:130,0
LF:59
LH:19
end_of_record
SF:lib/models/common_artist.dart
DA:17,1
DA:33,1
DA:35,1
DA:36,1
DA:37,1
DA:40,1
DA:41,4
DA:42,1
DA:43,3
DA:44,2
DA:48,1
DA:52,1
DA:53,1
DA:54,1
DA:55,1
DA:56,1
DA:57,1
DA:59,1
DA:60,0
DA:61,0
DA:62,1
DA:64,4
DA:68,0
DA:69,0
DA:70,0
DA:71,0
DA:72,0
DA:73,0
DA:74,0
DA:75,0
DA:76,0
DA:77,0
DA:78,0
DA:79,0
DA:80,0
DA:81,0
DA:82,0
DA:86,0
DA:101,0
DA:102,0
DA:103,0
DA:104,0
DA:105,0
DA:106,0
DA:107,0
DA:108,0
DA:109,0
DA:110,0
DA:111,0
DA:112,0
DA:113,0
DA:114,0
LF:52
LH:20
end_of_record
SF:lib/models/common_track.dart
DA:20,0
DA:22,0
DA:42,0
DA:44,0
DA:45,0
DA:48,0
DA:49,0
DA:50,0
DA:51,0
DA:52,0
DA:56,0
DA:59,0
DA:61,0
DA:62,0
DA:63,0
DA:64,0
DA:65,0
DA:66,0
DA:67,0
DA:68,0
DA:69,0
DA:70,0
DA:71,0
DA:72,0
DA:73,0
DA:75,0
DA:76,0
DA:80,0
DA:81,0
DA:82,0
DA:83,0
DA:84,0
DA:85,0
DA:86,0
DA:87,0
DA:88,0
DA:89,0
DA:90,0
DA:91,0
DA:92,0
DA:93,0
DA:94,0
DA:95,0
DA:96,0
DA:97,0
DA:98,0
DA:102,0
DA:121,0
DA:122,0
DA:123,0
DA:124,0
DA:125,0
DA:126,0
DA:127,0
DA:128,0
DA:129,0
DA:130,0
DA:131,0
DA:132,0
DA:133,0
DA:134,0
DA:135,0
DA:136,0
DA:137,0
DA:138,0
LF:65
LH:0
end_of_record
SF:lib/models/common_genre.dart
DA:15,0
DA:29,0
DA:31,0
DA:32,0
DA:33,0
DA:35,0
DA:39,0
DA:40,0
DA:41,0
DA:42,0
DA:43,0
DA:44,0
DA:45,0
DA:46,0
DA:47,0
DA:48,0
DA:52,0
DA:53,0
DA:54,0
DA:55,0
DA:56,0
DA:57,0
DA:58,0
DA:59,0
DA:60,0
DA:61,0
DA:62,0
DA:63,0
DA:64,0
DA:68,0
DA:81,0
DA:82,0
DA:83,0
DA:84,0
DA:85,0
DA:86,0
DA:87,0
DA:88,0
DA:89,0
DA:90,0
DA:91,0
DA:92,0
LF:42
LH:0
end_of_record
SF:lib/models/common_album.dart
DA:19,0
DA:38,0
DA:40,0
DA:41,0
DA:42,0
DA:45,0
DA:46,0
DA:47,0
DA:48,0
DA:49,0
DA:53,0
DA:57,0
DA:58,0
DA:59,0
DA:60,0
DA:61,0
DA:62,0
DA:63,0
DA:64,0
DA:66,0
DA:67,0
DA:68,0
DA:69,0
DA:71,0
DA:72,0
DA:76,0
DA:77,0
DA:78,0
DA:79,0
DA:80,0
DA:81,0
DA:82,0
DA:83,0
DA:84,0
DA:85,0
DA:86,0
DA:87,0
DA:88,0
DA:89,0
DA:90,0
DA:91,0
DA:92,0
DA:93,0
DA:97,0
DA:115,0
DA:116,0
DA:117,0
DA:118,0
DA:119,0
DA:120,0
DA:121,0
DA:122,0
DA:123,0
DA:124,0
DA:125,0
DA:126,0
DA:127,0
DA:128,0
DA:129,0
DA:130,0
DA:131,0
LF:61
LH:0
end_of_record
SF:lib/blocs/auth/auth_bloc.dart
DA:8,4
DA:10,1
DA:11,1
DA:18,3
DA:23,1
DA:24,3
DA:32,2
DA:38,1
DA:39,4
DA:50,2
DA:52,1
DA:53,3
DA:59,2
DA:61,1
DA:62,2
DA:68,2
DA:70,1
DA:71,2
DA:76,10
DA:78,2
DA:79,2
DA:90,4
DA:95,2
DA:96,6
DA:98,1
DA:102,1
DA:103,1
DA:104,1
DA:112,8
DA:118,4
DA:120,2
DA:121,4
DA:128,4
DA:133,2
DA:134,6
DA:142,2
DA:147,4
DA:148,4
DA:149,4
DA:150,4
DA:151,4
DA:152,4
DA:153,4
DA:154,4
DA:157,2
DA:162,4
DA:164,8
DA:166,8
DA:167,6
DA:169,6
DA:173,2
DA:178,4
DA:179,4
DA:180,2
DA:181,2
DA:182,2
DA:185,2
DA:187,6
DA:191,2
DA:196,4
DA:197,4
DA:199,4
DA:200,4
DA:203,4
DA:204,4
DA:208,2
DA:213,4
DA:214,4
DA:216,6
DA:217,6
DA:220,4
DA:221,4
DA:225,2
DA:230,4
DA:231,2
DA:232,2
DA:233,6
DA:235,1
DA:236,3
DA:238,1
DA:239,3
DA:241,1
DA:242,3
DA:245,4
DA:246,0
DA:247,0
DA:248,0
DA:249,0
DA:253,3
DA:257,2
DA:262,4
DA:263,4
DA:264,6
DA:266,3
DA:270,2
DA:275,4
DA:276,2
DA:277,2
DA:278,4
DA:280,1
DA:281,2
DA:284,3
DA:286,2
DA:288,3
LF:104
LH:100
end_of_record
SF:lib/data/providers/token_provider.dart
DA:10,0
DA:11,0
DA:12,0
DA:13,0
DA:15,0
DA:19,0
DA:21,0
DA:23,0
DA:25,0
DA:26,0
DA:27,0
DA:28,0
DA:29,0
DA:31,0
DA:35,0
DA:36,0
DA:37,0
DA:39,0
DA:43,0
DA:44,0
DA:47,0
DA:48,0
DA:49,0
DA:50,0
DA:51,0
DA:53,0
DA:57,0
DA:58,0
LF:28
LH:0
end_of_record
SF:lib/core/error/failures.dart
DA:6,1
DA:8,1
DA:9,2
DA:13,1
DA:17,0
DA:21,0
LF:6
LH:4
end_of_record
SF:lib/core/theme/app_constants.dart
DA:50,0
DA:51,0
DA:52,0
DA:62,0
DA:89,0
LF:5
LH:0
end_of_record
SF:lib/core/theme/design_system.dart
DA:13,0
DA:400,2
DA:427,1
DA:428,1
DA:429,1
DA:430,1
DA:431,1
DA:432,1
DA:433,1
DA:434,1
DA:435,1
DA:436,1
DA:437,1
DA:438,1
DA:439,1
DA:440,1
DA:441,1
DA:442,1
DA:446,1
DA:449,1
DA:450,1
DA:455,1
DA:459,1
DA:474,1
DA:475,1
DA:476,1
DA:479,1
DA:480,1
DA:483,1
DA:484,1
DA:487,1
DA:488,1
DA:500,1
DA:533,1
DA:534,1
DA:535,1
DA:536,1
DA:537,1
DA:538,1
DA:539,1
DA:540,1
DA:541,1
DA:542,1
DA:543,1
DA:544,1
DA:545,1
DA:546,1
DA:547,1
DA:548,1
DA:549,1
DA:550,1
DA:551,1
DA:557,1
DA:591,1
DA:592,1
DA:593,1
DA:594,1
DA:595,1
DA:596,1
DA:597,1
DA:598,1
DA:599,1
DA:600,1
DA:601,1
DA:602,1
DA:603,1
DA:604,1
DA:605,1
DA:606,1
DA:607,1
DA:608,1
DA:609,1
DA:619,2
DA:646,1
DA:647,1
DA:648,1
DA:649,1
DA:650,1
DA:651,1
DA:652,1
DA:653,1
DA:654,1
DA:655,1
DA:656,1
DA:657,1
DA:658,1
DA:659,1
DA:660,1
DA:661,1
DA:665,1
DA:668,1
DA:669,1
DA:674,1
DA:678,1
DA:693,1
DA:694,1
DA:695,1
DA:698,1
DA:699,1
DA:702,1
DA:703,1
DA:706,1
DA:707,1
DA:719,1
DA:752,1
DA:753,1
DA:754,1
DA:755,1
DA:756,1
DA:757,1
DA:758,1
DA:759,1
DA:760,1
DA:761,1
DA:762,1
DA:763,1
DA:764,1
DA:765,1
DA:766,1
DA:767,1
DA:768,1
DA:769,1
DA:770,1
DA:776,1
DA:810,1
DA:811,1
DA:812,1
DA:813,1
DA:814,1
DA:815,1
DA:816,1
DA:817,1
DA:818,1
DA:819,1
DA:820,1
DA:821,1
DA:822,1
DA:823,1
DA:824,1
DA:825,1
DA:826,1
DA:827,1
DA:828,1
DA:846,0
DA:849,0
DA:852,0
DA:855,0
DA:858,0
DA:861,0
DA:864,0
DA:869,6
DA:933,0
DA:966,0
DA:967,0
DA:968,0
DA:969,0
DA:970,0
DA:971,0
DA:972,0
DA:973,0
DA:974,0
DA:975,0
DA:976,0
DA:977,0
DA:978,0
DA:979,0
DA:980,0
DA:981,0
DA:982,0
DA:983,0
DA:984,0
DA:985,0
DA:986,0
DA:987,0
DA:988,0
DA:989,0
DA:990,0
DA:991,0
DA:992,0
DA:993,0
DA:994,0
DA:995,0
DA:996,0
DA:1000,0
DA:1002,0
DA:1003,0
DA:1004,0
DA:1005,0
DA:1006,0
DA:1007,0
DA:1008,0
DA:1009,0
DA:1010,0
DA:1011,0
DA:1012,0
DA:1013,0
DA:1014,0
DA:1015,0
DA:1016,0
DA:1017,0
DA:1018,0
DA:1019,0
DA:1020,0
DA:1021,0
DA:1022,0
DA:1023,0
DA:1024,0
DA:1025,0
DA:1026,0
DA:1027,0
DA:1028,0
DA:1029,0
DA:1030,0
DA:1031,0
DA:1032,0
DA:1033,0
DA:1040,1
DA:1080,0
DA:1101,0
DA:1102,0
DA:1103,0
DA:1104,0
DA:1105,0
DA:1106,0
DA:1107,0
DA:1108,0
DA:1109,0
DA:1110,0
DA:1111,0
DA:1112,0
DA:1113,0
DA:1114,0
DA:1115,0
DA:1116,0
DA:1117,0
DA:1118,0
DA:1119,0
DA:1123,0
DA:1125,0
DA:1126,0
DA:1127,0
DA:1128,0
DA:1129,0
DA:1130,0
DA:1131,0
DA:1132,0
DA:1133,0
DA:1134,0
DA:1135,0
DA:1136,0
DA:1137,0
DA:1138,0
DA:1139,0
DA:1140,0
DA:1141,0
DA:1142,0
DA:1143,0
DA:1144,0
DA:1151,6
DA:1153,0
DA:1154,0
DA:1155,0
DA:1156,0
DA:1157,0
DA:1158,0
DA:1159,0
DA:1160,0
DA:1161,0
DA:1163,0
DA:1178,0
DA:1180,0
DA:1187,6
DA:1189,0
DA:1190,0
DA:1191,0
DA:1192,0
DA:1193,0
DA:1194,0
DA:1195,0
DA:1196,0
DA:1198,0
DA:1212,0
DA:1214,0
DA:1221,6
DA:1223,0
DA:1224,0
DA:1225,0
DA:1226,0
DA:1227,0
DA:1228,0
DA:1230,0
DA:1242,0
DA:1244,0
DA:1251,6
DA:1253,0
DA:1254,0
DA:1255,0
DA:1256,0
DA:1257,0
DA:1258,0
DA:1260,0
DA:1272,0
DA:1274,0
DA:1281,1
DA:1297,0
DA:1306,0
DA:1307,0
DA:1308,0
DA:1309,0
DA:1310,0
DA:1311,0
DA:1312,0
DA:1316,0
DA:1318,0
DA:1319,0
DA:1320,0
DA:1321,0
DA:1322,0
DA:1323,0
DA:1324,0
DA:1325,0
LF:321
LH:149
end_of_record
SF:lib/blocs/profile/profile_bloc.dart
DA:14,1
DA:18,2
DA:19,2
DA:20,2
DA:21,2
DA:22,2
DA:23,2
DA:24,2
DA:25,2
DA:26,2
DA:27,2
DA:28,2
DA:31,2
DA:32,2
DA:33,2
DA:34,2
DA:35,2
DA:36,2
DA:39,1
DA:44,2
DA:45,2
DA:46,2
DA:48,3
DA:52,1
DA:57,1
DA:58,2
DA:59,2
DA:60,2
DA:61,3
DA:63,2
DA:64,2
DA:65,3
DA:67,2
DA:69,2
DA:70,2
DA:72,3
DA:76,1
DA:81,1
DA:84,1
DA:89,1
DA:92,1
DA:97,2
DA:100,1
DA:105,3
DA:106,3
DA:108,3
DA:112,1
DA:117,3
DA:118,3
DA:120,0
DA:124,1
DA:129,3
DA:132,1
DA:137,1
DA:139,0
DA:143,1
DA:148,2
DA:149,2
DA:150,2
DA:152,0
DA:156,1
DA:161,2
DA:162,2
DA:163,2
DA:165,3
DA:169,1
DA:174,2
DA:175,2
DA:176,2
DA:178,0
DA:182,1
DA:187,2
DA:188,2
DA:189,2
DA:191,0
DA:195,1
DA:200,2
DA:201,2
DA:202,2
DA:204,3
DA:208,1
DA:213,2
DA:214,2
DA:215,2
DA:217,0
DA:221,1
DA:226,2
DA:227,2
DA:228,2
DA:230,0
LF:90
LH:83
end_of_record
SF:lib/blocs/profile/profile_event.dart
DA:5,1
DA:7,0
DA:8,0
DA:16,1
DA:18,0
DA:19,0
DA:25,1
DA:27,0
DA:28,0
DA:38,1
DA:40,0
DA:41,0
DA:47,1
DA:49,0
DA:50,0
DA:58,1
DA:60,0
DA:61,0
LF:18
LH:6
end_of_record
SF:lib/blocs/profile/profile_state.dart
DA:6,2
DA:8,1
DA:9,1
DA:19,1
DA:21,1
DA:22,2
DA:28,1
DA:30,1
DA:31,2
DA:37,0
DA:39,0
DA:40,0
DA:46,2
DA:48,1
DA:49,2
DA:58,1
DA:60,1
DA:61,3
DA:68,1
DA:70,1
DA:71,3
DA:78,1
DA:80,1
DA:81,3
DA:87,2
DA:89,1
DA:90,2
DA:96,2
DA:98,1
DA:99,2
DA:106,1
DA:108,1
DA:109,2
DA:115,1
DA:117,1
DA:118,2
DA:124,1
DA:126,1
DA:127,2
DA:133,1
DA:135,1
DA:136,2
DA:142,1
DA:144,1
DA:145,2
DA:151,1
DA:153,1
DA:154,2
DA:160,1
DA:162,1
DA:163,2
LF:51
LH:48
end_of_record
SF:lib/models/album.dart
DA:18,0
DA:34,0
DA:35,0
DA:36,0
DA:37,0
DA:38,0
DA:39,0
DA:40,0
DA:41,0
DA:42,0
DA:43,0
DA:44,0
DA:45,0
DA:46,0
DA:47,0
DA:48,0
DA:49,0
DA:51,0
DA:55,0
DA:56,0
DA:57,0
DA:58,0
DA:59,0
DA:60,0
DA:61,0
DA:62,0
DA:63,0
DA:64,0
DA:65,0
DA:66,0
DA:67,0
DA:68,0
DA:69,0
DA:74,0
DA:75,0
DA:76,0
DA:77,0
DA:78,0
DA:80,0
DA:81,0
DA:82,0
DA:83,0
DA:84,0
DA:85,0
DA:86,0
DA:87,0
DA:88,0
DA:89,0
DA:90,0
DA:91,0
DA:92,0
DA:93,0
DA:94,0
LF:53
LH:0
end_of_record
SF:lib/models/artist.dart
DA:16,0
DA:30,0
DA:31,0
DA:32,0
DA:33,0
DA:34,0
DA:36,0
DA:37,0
DA:38,0
DA:39,0
DA:40,0
DA:41,0
DA:42,0
DA:43,0
DA:44,0
DA:45,0
DA:49,0
DA:50,0
DA:51,0
DA:52,0
DA:53,0
DA:54,0
DA:55,0
DA:56,0
DA:57,0
DA:58,0
DA:59,0
DA:60,0
DA:61,0
DA:65,0
DA:78,0
DA:79,0
DA:80,0
DA:81,0
DA:82,0
DA:83,0
DA:84,0
DA:85,0
DA:86,0
DA:87,0
DA:88,0
DA:89,0
DA:93,0
DA:94,0
DA:95,0
DA:96,0
DA:97,0
DA:98,0
DA:99,0
DA:100,0
DA:101,0
DA:102,0
DA:103,0
DA:104,0
DA:105,0
LF:55
LH:0
end_of_record
SF:lib/models/common_anime.dart
DA:20,0
DA:40,0
DA:41,0
DA:42,0
DA:43,0
DA:44,0
DA:45,0
DA:46,0
DA:47,0
DA:48,0
DA:50,0
DA:51,0
DA:52,0
DA:53,0
DA:54,0
DA:55,0
DA:56,0
DA:57,0
DA:58,0
DA:59,0
DA:60,0
DA:61,0
DA:65,0
DA:66,0
DA:67,0
DA:68,0
DA:69,0
DA:70,0
DA:71,0
DA:72,0
DA:73,0
DA:74,0
DA:75,0
DA:76,0
DA:77,0
DA:78,0
DA:79,0
DA:80,0
DA:81,0
DA:82,0
DA:83,0
DA:87,0
DA:106,0
DA:107,0
DA:108,0
DA:109,0
DA:110,0
DA:111,0
DA:112,0
DA:113,0
DA:114,0
DA:115,0
DA:116,0
DA:117,0
DA:118,0
DA:119,0
DA:120,0
DA:121,0
DA:122,0
DA:123,0
LF:60
LH:0
end_of_record
SF:lib/models/common_manga.dart
DA:21,0
DA:42,0
DA:43,0
DA:44,0
DA:45,0
DA:46,0
DA:47,0
DA:48,0
DA:49,0
DA:50,0
DA:52,0
DA:53,0
DA:54,0
DA:55,0
DA:56,0
DA:57,0
DA:58,0
DA:59,0
DA:60,0
DA:61,0
DA:62,0
DA:63,0
DA:64,0
DA:68,0
DA:69,0
DA:70,0
DA:71,0
DA:72,0
DA:73,0
DA:74,0
DA:75,0
DA:76,0
DA:77,0
DA:78,0
DA:79,0
DA:80,0
DA:81,0
DA:82,0
DA:83,0
DA:84,0
DA:85,0
DA:86,0
DA:87,0
DA:91,0
DA:111,0
DA:112,0
DA:113,0
DA:114,0
DA:115,0
DA:116,0
DA:117,0
DA:118,0
DA:119,0
DA:120,0
DA:121,0
DA:122,0
DA:123,0
DA:124,0
DA:125,0
DA:126,0
DA:127,0
DA:128,0
DA:129,0
LF:63
LH:0
end_of_record
SF:lib/models/genre.dart
DA:15,0
DA:27,0
DA:28,0
DA:29,0
DA:30,0
DA:31,0
DA:32,0
DA:33,0
DA:34,0
DA:35,0
DA:36,0
DA:37,0
DA:41,0
DA:42,0
DA:43,0
DA:44,0
DA:45,0
DA:46,0
DA:47,0
DA:48,0
DA:49,0
DA:50,0
DA:51,0
DA:55,0
DA:56,0
DA:57,0
DA:58,0
DA:59,0
DA:60,0
DA:61,0
DA:62,0
DA:63,0
DA:64,0
DA:65,0
DA:69,0
DA:80,0
DA:81,0
DA:82,0
DA:83,0
DA:84,0
DA:85,0
DA:86,0
DA:87,0
DA:88,0
DA:89,0
LF:45
LH:0
end_of_record
SF:lib/models/parent_user.dart
DA:8,0
DA:16,0
DA:17,0
DA:18,0
DA:19,0
DA:20,0
DA:21,0
DA:22,0
DA:23,0
DA:28,0
DA:29,0
DA:30,0
DA:31,0
DA:32,0
DA:33,0
DA:34,0
DA:38,0
DA:45,0
DA:46,0
DA:47,0
DA:48,0
DA:49,0
DA:50,0
LF:23
LH:0
end_of_record
SF:lib/models/spotify_device.dart
DA:9,0
DA:17,0
DA:18,0
DA:19,0
DA:20,0
DA:21,0
DA:22,0
DA:23,0
DA:27,0
DA:28,0
DA:29,0
DA:30,0
DA:31,0
DA:32,0
DA:33,0
DA:37,0
DA:44,0
DA:45,0
DA:46,0
DA:47,0
DA:48,0
DA:49,0
LF:22
LH:0
end_of_record
SF:lib/models/track.dart
DA:6,0
DA:16,0
DA:22,0
DA:23,0
DA:24,0
DA:26,0
DA:31,0
DA:34,0
DA:35,0
DA:39,0
DA:40,0
DA:43,0
DA:44,0
DA:45,0
DA:46,0
DA:47,0
DA:51,0
DA:57,0
DA:58,0
DA:59,0
DA:60,0
DA:62,0
DA:66,0
DA:68,0
DA:69,0
DA:70,0
DA:71,0
DA:72,0
DA:73,0
DA:74,0
DA:75,0
DA:76,0
DA:77,0
DA:81,0
DA:82,0
DA:83,0
DA:84,0
DA:85,0
DA:86,0
DA:87,0
DA:88,0
DA:89,0
DA:90,0
DA:91,0
LF:44
LH:0
end_of_record
SF:lib/services/dynamic_theme_service.dart
DA:9,2
DA:11,1
DA:19,1
DA:20,2
DA:21,2
DA:22,2
DA:23,1
DA:27,1
DA:28,1
DA:29,1
DA:31,1
DA:40,1
DA:46,2
DA:49,1
DA:50,1
DA:51,1
DA:53,1
DA:55,0
DA:61,1
DA:62,1
DA:63,3
DA:67,1
DA:69,1
DA:71,1
DA:73,0
DA:79,1
DA:80,1
DA:83,1
DA:84,0
DA:85,0
DA:93,1
DA:94,1
DA:97,1
DA:98,0
DA:99,0
DA:107,0
DA:113,0
DA:115,0
DA:119,1
DA:120,3
DA:124,1
DA:125,2
DA:129,1
DA:130,2
DA:134,1
DA:135,2
DA:139,1
DA:140,2
DA:144,1
DA:145,2
DA:146,1
DA:149,1
DA:150,2
DA:151,2
DA:152,1
DA:153,1
DA:158,1
DA:159,2
DA:163,1
DA:164,1
DA:168,1
DA:169,3
DA:170,3
DA:173,1
DA:175,0
DA:176,0
DA:180,1
DA:182,1
DA:183,2
DA:189,0
DA:190,0
DA:198,1
DA:202,2
DA:203,1
DA:207,1
DA:211,2
DA:212,1
DA:216,0
DA:217,0
DA:218,0
DA:219,0
DA:223,0
DA:224,0
LF:83
LH:64
end_of_record
SF:lib/services/dynamic_config_service.dart
DA:9,2
DA:11,1
DA:18,1
DA:19,1
DA:21,2
DA:22,1
DA:23,1
DA:27,1
DA:30,2
DA:32,0
DA:36,2
DA:37,1
DA:38,1
DA:42,1
DA:44,0
DA:45,0
DA:50,1
DA:51,1
DA:60,1
DA:67,1
DA:73,1
DA:82,1
DA:86,2
DA:88,0
DA:93,1
DA:94,1
DA:95,4
DA:100,1
DA:101,1
DA:102,1
DA:104,2
DA:105,2
DA:106,1
DA:108,0
DA:109,0
DA:110,0
DA:111,0
DA:119,1
DA:120,1
DA:121,1
DA:124,4
DA:125,1
DA:126,0
DA:128,2
DA:129,0
DA:131,2
DA:135,1
DA:136,2
DA:137,1
DA:142,0
DA:145,0
DA:146,0
DA:147,0
DA:148,0
DA:150,0
DA:154,1
DA:155,2
DA:156,1
DA:160,0
DA:161,0
DA:165,0
DA:166,0
DA:170,0
DA:171,0
DA:175,1
DA:176,1
DA:180,1
DA:181,1
DA:185,0
DA:186,0
DA:190,0
DA:191,0
DA:195,0
DA:196,0
DA:200,0
DA:201,0
DA:205,0
DA:206,0
DA:210,0
DA:211,0
DA:215,0
DA:216,0
DA:220,0
DA:221,0
DA:225,0
DA:226,0
DA:230,0
DA:231,0
DA:235,0
DA:236,0
DA:240,0
DA:241,0
DA:245,0
DA:248,0
DA:249,0
DA:250,0
LF:96
LH:46
end_of_record
SF:lib/config/api_config.dart
DA:15,1
DA:18,0
DA:68,3
DA:69,3
DA:70,3
DA:71,3
DA:72,0
DA:73,0
DA:74,0
DA:75,0
DA:76,0
DA:77,0
DA:78,0
DA:79,0
DA:80,0
DA:81,0
DA:82,0
DA:85,0
DA:86,0
DA:87,0
DA:88,0
DA:89,0
DA:90,0
DA:91,0
DA:92,0
DA:93,0
DA:94,0
DA:95,0
DA:96,0
DA:97,0
DA:98,0
DA:99,0
DA:100,0
DA:101,0
DA:102,0
DA:103,0
DA:104,0
DA:105,0
DA:106,0
DA:107,0
DA:108,0
DA:109,0
DA:110,0
DA:111,0
DA:112,0
DA:113,0
DA:114,0
DA:117,0
DA:118,0
DA:119,0
DA:120,0
DA:121,0
DA:122,0
DA:125,0
DA:126,0
DA:127,0
DA:128,0
DA:129,0
DA:130,0
DA:131,0
DA:132,0
DA:133,0
DA:134,0
DA:135,0
DA:136,0
DA:137,0
DA:138,0
DA:141,0
DA:142,0
DA:143,0
DA:144,0
DA:145,0
DA:146,0
DA:147,0
DA:148,0
DA:149,0
DA:150,0
DA:151,0
DA:152,0
DA:153,0
DA:154,0
DA:155,0
DA:156,0
DA:157,0
DA:158,0
DA:159,0
DA:160,0
DA:161,0
DA:162,0
DA:165,0
DA:166,0
DA:167,0
DA:168,0
DA:169,0
DA:170,0
DA:171,0
DA:172,0
DA:173,0
DA:174,0
DA:175,0
DA:178,0
DA:179,0
DA:180,0
DA:181,0
DA:184,0
DA:185,0
DA:186,0
DA:187,0
DA:188,0
DA:189,0
DA:192,0
DA:193,0
DA:194,0
DA:195,0
DA:196,0
DA:197,0
DA:198,0
DA:201,0
DA:202,0
DA:203,0
DA:204,0
DA:205,0
DA:206,0
DA:207,0
DA:208,0
DA:209,0
DA:210,0
DA:213,0
DA:214,0
DA:215,0
DA:216,0
DA:217,0
DA:218,0
DA:219,0
DA:220,0
DA:223,0
DA:224,0
DA:225,0
DA:226,0
DA:229,0
DA:230,0
DA:233,0
DA:234,0
DA:235,0
DA:236,0
DA:237,0
DA:238,0
DA:239,0
DA:240,0
DA:241,0
DA:242,0
DA:243,0
DA:244,0
DA:245,0
DA:246,0
DA:247,0
DA:248,0
DA:249,0
DA:250,0
DA:251,0
DA:252,0
DA:253,0
DA:254,0
DA:255,0
DA:258,0
DA:259,0
DA:260,0
DA:261,0
DA:264,0
DA:265,0
DA:266,0
DA:267,0
DA:268,0
DA:271,0
DA:272,0
DA:275,0
DA:276,0
DA:279,0
DA:280,0
DA:281,0
DA:282,0
DA:283,0
DA:284,0
DA:287,0
DA:290,0
DA:293,0
DA:294,0
DA:295,0
DA:296,0
DA:297,0
DA:301,0
DA:305,0
DA:309,0
DA:313,0
LF:194
LH:5
end_of_record
SF:lib/services/endpoint_config_service.dart
DA:13,0
DA:14,0
DA:17,0
DA:18,0
DA:20,0
DA:21,0
DA:22,0
DA:24,0
DA:26,0
DA:31,0
DA:32,0
DA:33,0
DA:37,0
DA:38,0
DA:39,0
DA:40,0
DA:41,0
DA:46,0
DA:47,0
DA:48,0
DA:52,0
DA:53,0
DA:54,0
DA:58,0
DA:59,0
DA:62,0
DA:63,0
DA:64,0
DA:69,0
DA:70,0
DA:71,0
DA:75,0
DA:76,0
DA:77,0
DA:80,0
DA:81,0
DA:82,0
LF:37
LH:0
end_of_record
SF:lib/models/endpoint.dart
DA:8,0
DA:16,0
DA:17,0
DA:18,0
DA:19,0
DA:20,0
DA:21,0
DA:26,0
DA:27,0
DA:28,0
DA:29,0
DA:30,0
DA:31,0
DA:36,0
DA:38,0
DA:39,0
DA:42,0
DA:43,0
DA:46,0
DA:49,0
DA:51,0
DA:54,0
DA:58,0
DA:59,0
DA:60,0
DA:61,0
DA:62,0
DA:65,0
DA:67,0
LF:29
LH:0
end_of_record
SF:lib/data/network/dio_client.dart
DA:13,1
DA:21,3
DA:22,3
DA:23,3
DA:24,3
DA:25,4
DA:32,3
DA:33,1
DA:34,0
DA:36,0
DA:37,0
DA:38,0
DA:39,0
DA:40,0
DA:41,0
DA:43,0
DA:48,3
DA:49,1
DA:50,0
DA:51,0
DA:52,0
DA:53,0
DA:59,0
DA:60,0
DA:61,0
DA:62,0
DA:63,0
DA:66,0
DA:68,0
DA:70,0
DA:71,0
DA:72,0
DA:73,0
DA:76,0
DA:78,0
DA:80,0
DA:81,0
DA:82,0
DA:83,0
DA:84,0
DA:88,0
DA:89,0
DA:90,0
DA:93,0
DA:95,0
DA:98,0
DA:99,0
DA:101,0
DA:102,0
DA:103,0
DA:104,0
DA:105,0
DA:107,0
DA:108,0
DA:111,0
DA:112,0
DA:114,0
DA:116,0
DA:117,0
DA:121,0
DA:122,0
DA:123,0
DA:124,0
DA:127,0
DA:128,0
DA:129,0
DA:130,0
DA:131,0
DA:133,0
DA:134,0
DA:136,0
DA:138,0
DA:145,0
DA:146,0
DA:147,0
DA:148,0
DA:149,0
DA:150,0
DA:151,0
DA:153,0
DA:156,0
DA:163,0
DA:165,0
DA:168,0
DA:169,0
DA:171,0
DA:173,0
DA:174,0
DA:176,0
DA:177,0
DA:182,0
DA:187,0
DA:190,0
DA:191,0
DA:193,0
DA:195,0
DA:196,0
DA:198,0
DA:199,0
DA:204,0
DA:209,0
DA:212,0
DA:213,0
DA:215,0
DA:217,0
DA:218,0
DA:220,0
DA:221,0
DA:226,0
DA:231,0
DA:233,0
DA:234,0
DA:236,0
DA:238,0
DA:239,0
DA:241,0
DA:242,0
DA:247,0
DA:254,0
DA:255,0
DA:259,0
DA:263,0
DA:267,0
DA:273,1
DA:274,3
DA:278,0
DA:279,0
DA:283,0
DA:284,0
DA:288,0
DA:290,0
DA:291,0
DA:293,0
DA:294,0
DA:298,0
DA:303,0
DA:304,0
DA:308,0
DA:309,0
DA:312,0
DA:313,0
DA:315,0
DA:317,0
DA:320,0
DA:321,0
DA:322,0
DA:323,0
DA:324,0
DA:325,0
DA:326,0
DA:329,0
DA:331,0
DA:332,0
DA:333,0
DA:335,0
LF:155
LH:12
end_of_record
SF:lib/utils/http_utils.dart
DA:7,1
DA:8,1
DA:9,1
DA:11,1
DA:13,1
DA:15,1
DA:16,2
DA:17,0
DA:19,0
DA:21,0
DA:22,0
DA:24,0
DA:29,1
DA:34,1
DA:35,1
DA:38,1
DA:39,0
DA:40,1
DA:42,1
DA:44,1
DA:46,1
DA:48,1
DA:50,1
DA:51,2
DA:52,0
DA:54,0
DA:56,0
DA:58,0
DA:60,0
DA:63,0
DA:68,1
DA:71,0
DA:72,0
DA:73,0
DA:75,0
DA:76,0
DA:78,0
DA:79,0
DA:81,0
DA:84,0
DA:88,0
DA:90,0
DA:92,0
DA:95,0
DA:101,0
DA:103,0
DA:105,0
DA:111,0
DA:113,0
DA:115,0
DA:118,0
DA:124,0
DA:125,0
DA:129,1
DA:130,2
DA:131,6
DA:135,1
DA:136,2
DA:137,3
DA:141,1
DA:142,2
DA:143,2
DA:144,2
DA:145,2
DA:149,0
DA:150,0
DA:159,0
DA:166,0
LF:68
LH:30
end_of_record
SF:lib/services/api_service.dart
DA:36,3
DA:37,2
DA:40,1
DA:41,1
DA:44,4
DA:45,2
DA:47,1
DA:48,1
DA:50,1
DA:53,1
DA:55,2
DA:56,1
DA:57,0
DA:59,0
DA:61,0
DA:63,0
DA:68,0
DA:69,0
DA:73,0
DA:74,0
DA:76,0
DA:77,0
DA:78,0
DA:80,0
DA:81,0
DA:82,0
DA:83,0
DA:84,0
DA:85,0
DA:87,0
DA:88,0
DA:89,0
DA:92,0
DA:94,0
DA:95,0
DA:98,0
DA:100,0
DA:103,0
DA:106,0
DA:110,2
DA:113,1
DA:114,1
DA:115,1
DA:118,1
DA:119,1
DA:120,1
DA:123,1
DA:124,2
DA:125,2
DA:126,3
DA:131,2
DA:132,1
DA:135,1
DA:136,1
DA:140,0
DA:142,1
DA:144,2
DA:145,4
DA:146,3
DA:147,2
DA:148,3
DA:150,3
DA:153,2
DA:157,1
DA:158,3
DA:161,1
DA:162,2
DA:163,1
DA:166,1
DA:167,2
DA:168,2
DA:169,2
DA:172,1
DA:174,1
DA:175,1
DA:176,2
DA:177,1
DA:179,3
DA:180,3
DA:181,2
DA:182,2
DA:184,0
DA:187,2
DA:192,1
DA:194,3
DA:195,3
DA:196,3
DA:198,2
DA:199,5
DA:200,3
DA:201,2
DA:204,0
DA:205,0
DA:208,0
DA:211,2
DA:212,2
DA:216,0
DA:218,0
DA:219,0
DA:220,0
DA:221,0
DA:222,0
DA:223,0
DA:224,0
DA:226,0
DA:229,0
DA:234,1
DA:236,1
DA:237,3
DA:238,3
DA:239,2
DA:240,2
DA:241,4
DA:243,0
DA:246,0
DA:251,0
DA:253,0
DA:254,0
DA:255,0
DA:256,0
DA:257,0
DA:258,0
DA:259,0
DA:261,0
DA:264,0
DA:269,0
DA:270,0
DA:273,0
DA:275,0
DA:276,0
DA:277,0
DA:278,0
DA:280,0
DA:281,0
DA:284,0
DA:285,0
DA:289,0
DA:290,0
DA:293,0
DA:294,0
DA:297,0
DA:298,0
DA:301,0
DA:302,0
DA:305,1
DA:306,1
DA:309,0
DA:310,0
DA:313,0
DA:314,0
DA:317,0
DA:318,0
DA:321,0
DA:322,0
DA:325,0
DA:326,0
DA:329,0
DA:330,0
DA:333,0
DA:334,0
DA:337,0
DA:338,0
DA:341,0
DA:342,0
DA:345,0
DA:346,0
DA:349,0
DA:351,0
DA:352,0
DA:353,0
DA:354,0
DA:356,0
DA:357,0
DA:360,0
DA:361,0
DA:365,0
DA:367,0
DA:368,0
DA:369,0
DA:372,0
DA:373,0
DA:376,0
DA:377,0
DA:390,1
DA:392,3
DA:393,2
DA:394,2
DA:395,4
DA:397,0
DA:398,0
DA:401,0
DA:402,0
DA:406,0
DA:408,0
DA:409,0
DA:410,0
DA:412,0
DA:413,0
DA:414,0
DA:416,0
DA:419,0
DA:424,0
DA:426,0
DA:428,0
DA:430,0
DA:431,0
DA:433,0
DA:434,0
DA:435,0
DA:437,0
DA:440,0
DA:445,0
DA:448,0
DA:451,0
DA:452,0
DA:455,0
DA:457,0
DA:460,0
DA:468,0
DA:469,0
DA:470,0
DA:472,0
DA:473,0
DA:474,0
DA:476,0
DA:477,0
DA:479,0
DA:483,0
DA:486,0
DA:491,0
DA:493,0
DA:494,0
DA:496,0
DA:501,0
DA:503,0
DA:504,0
DA:506,0
DA:507,0
DA:508,0
DA:511,0
DA:513,0
DA:518,0
DA:520,0
DA:525,0
DA:526,0
DA:528,0
DA:531,0
DA:536,0
DA:538,0
DA:540,0
DA:543,0
DA:544,0
DA:545,0
DA:546,0
DA:547,0
DA:549,0
DA:552,0
DA:555,0
DA:556,0
DA:557,0
DA:563,0
DA:565,0
DA:566,0
DA:569,0
DA:574,0
DA:575,0
DA:577,0
DA:580,0
DA:585,0
DA:586,0
DA:589,0
DA:590,0
DA:593,0
DA:594,0
DA:597,0
DA:598,0
DA:601,0
DA:603,0
DA:605,0
DA:608,0
DA:610,0
DA:611,0
DA:615,0
DA:616,0
DA:617,0
DA:618,0
DA:619,0
DA:621,0
DA:623,0
DA:624,0
DA:628,0
DA:631,0
DA:633,0
DA:634,0
DA:638,0
DA:645,0
DA:647,0
DA:650,0
DA:651,0
DA:652,0
DA:654,0
DA:657,0
DA:658,0
DA:662,0
DA:664,0
DA:665,0
DA:666,0
DA:668,0
DA:672,0
DA:674,0
DA:675,0
DA:676,0
DA:677,0
DA:678,0
DA:679,0
DA:682,0
DA:687,0
DA:689,0
DA:690,0
DA:692,0
DA:695,0
DA:696,0
DA:698,0
DA:699,0
DA:700,0
DA:701,0
DA:704,0
DA:705,0
DA:707,0
DA:708,0
DA:709,0
DA:712,0
DA:713,0
DA:714,0
DA:717,0
DA:718,0
DA:721,0
DA:722,0
DA:725,0
DA:726,0
DA:727,0
DA:728,0
DA:731,0
DA:732,0
DA:734,0
DA:736,0
DA:737,0
DA:739,0
DA:740,0
DA:744,0
DA:745,0
DA:746,0
DA:750,0
DA:752,0
DA:753,0
DA:755,0
DA:756,0
DA:757,0
DA:759,0
DA:760,0
DA:762,0
DA:763,0
DA:764,0
DA:765,0
DA:766,0
DA:769,0
DA:770,0
DA:773,0
DA:774,0
DA:777,0
DA:782,0
DA:784,0
DA:786,0
DA:788,0
DA:793,0
DA:794,0
DA:796,0
DA:799,0
DA:803,0
DA:804,0
DA:805,0
DA:806,0
DA:810,0
DA:811,0
DA:812,0
DA:813,0
DA:814,0
DA:816,0
DA:818,0
DA:826,0
DA:827,0
DA:828,0
DA:829,0
DA:832,0
DA:834,0
DA:839,0
DA:841,0
DA:842,0
DA:843,0
DA:845,0
DA:847,0
DA:852,0
DA:854,0
DA:855,0
DA:856,0
DA:858,0
DA:860,0
DA:865,0
DA:867,0
DA:868,0
DA:869,0
DA:870,0
DA:872,0
DA:875,0
DA:876,0
DA:880,0
DA:882,0
DA:883,0
DA:884,0
DA:885,0
DA:886,0
DA:888,0
DA:889,0
DA:892,0
DA:895,0
DA:896,0
DA:900,0
DA:902,0
DA:904,0
DA:905,0
DA:906,0
DA:909,0
DA:911,0
DA:916,0
DA:918,0
DA:919,0
DA:920,0
DA:921,0
DA:923,0
DA:926,0
DA:931,0
DA:932,0
DA:935,0
DA:936,0
DA:937,0
DA:938,0
DA:939,0
DA:942,0
DA:943,0
DA:944,0
DA:945,0
DA:946,0
DA:948,0
DA:952,0
DA:953,0
DA:954,0
DA:955,0
DA:957,0
DA:961,0
DA:962,0
DA:964,0
DA:968,0
DA:969,0
DA:970,0
DA:971,0
DA:972,0
DA:973,0
DA:975,0
DA:978,0
DA:983,0
DA:984,0
DA:985,0
DA:987,0
DA:990,0
DA:991,0
DA:992,0
DA:993,0
DA:995,0
DA:999,0
DA:1000,0
DA:1001,0
DA:1002,0
DA:1004,0
DA:1005,0
DA:1006,0
DA:1010,0
DA:1011,0
DA:1012,0
DA:1013,0
DA:1014,0
DA:1015,0
DA:1016,0
DA:1019,0
DA:1020,0
DA:1022,0
DA:1023,0
DA:1024,0
DA:1026,0
DA:1027,0
DA:1029,0
DA:1035,0
DA:1036,0
DA:1039,0
DA:1040,0
DA:1042,0
DA:1047,0
DA:1048,0
DA:1050,0
DA:1051,0
DA:1052,0
DA:1053,0
DA:1056,0
DA:1057,0
DA:1060,0
DA:1061,0
DA:1064,0
DA:1065,0
DA:1067,0
DA:1072,0
DA:1073,0
DA:1075,0
DA:1076,0
DA:1077,0
DA:1078,0
DA:1081,0
DA:1082,0
DA:1085,0
DA:1086,0
DA:1089,0
DA:1090,0
DA:1092,0
DA:1097,0
DA:1098,0
DA:1100,0
DA:1101,0
DA:1102,0
DA:1103,0
DA:1106,0
DA:1107,0
DA:1110,0
DA:1111,0
DA:1114,0
DA:1115,0
DA:1117,0
DA:1122,0
DA:1124,0
DA:1125,0
DA:1126,0
DA:1128,0
DA:1129,0
DA:1132,0
DA:1133,0
DA:1136,0
DA:1137,0
DA:1139,0
DA:1144,0
DA:1146,0
DA:1147,0
DA:1148,0
DA:1149,0
DA:1150,0
DA:1151,0
DA:1153,0
DA:1154,0
DA:1157,0
DA:1160,0
DA:1161,0
DA:1165,0
DA:1167,0
DA:1168,0
DA:1169,0
DA:1170,0
DA:1171,0
DA:1172,0
DA:1174,0
DA:1175,0
DA:1178,0
DA:1179,0
DA:1183,0
DA:1185,0
DA:1186,0
DA:1187,0
DA:1188,0
DA:1189,0
DA:1190,0
DA:1192,0
DA:1193,0
DA:1196,0
DA:1197,0
DA:1201,0
DA:1203,0
DA:1204,0
DA:1205,0
DA:1207,0
DA:1208,0
DA:1211,0
DA:1212,0
DA:1217,0
DA:1219,0
DA:1220,0
DA:1221,0
DA:1223,0
DA:1224,0
DA:1226,0
DA:1227,0
DA:1230,0
DA:1233,0
DA:1234,0
DA:1236,0
DA:1243,1
DA:1244,1
DA:1247,1
DA:1248,1
DA:1251,1
DA:1252,1
DA:1255,0
DA:1256,0
DA:1259,0
DA:1260,0
DA:1263,0
DA:1264,0
DA:1267,0
DA:1268,0
DA:1271,0
DA:1272,0
DA:1275,0
DA:1276,0
DA:1279,0
DA:1280,0
DA:1284,1
DA:1286,2
DA:1287,3
DA:1288,3
DA:1290,3
DA:1291,1
DA:1293,1
DA:1294,2
DA:1297,0
DA:1300,0
DA:1301,0
DA:1303,0
DA:1304,0
DA:1305,0
LF:643
LH:92
end_of_record
SF:lib/core/network/network_info.dart
DA:14,1
DA:15,0
DA:17,0
DA:19,0
DA:20,0
DA:23,0
DA:24,0
DA:26,0
DA:27,0
DA:30,0
DA:31,0
DA:34,0
LF:12
LH:1
end_of_record
SF:lib/core/auth/auth_manager.dart
DA:12,1
DA:16,0
DA:21,0
DA:22,0
DA:24,0
DA:29,0
DA:30,0
DA:34,0
DA:35,0
DA:39,0
DA:40,0
DA:44,0
DA:45,0
DA:49,0
DA:53,0
DA:55,0
DA:63,0
DA:65,0
DA:66,0
DA:67,0
DA:74,0
DA:76,0
DA:83,0
DA:84,0
DA:85,0
DA:86,0
DA:90,0
DA:91,0
DA:95,0
DA:96,0
DA:99,0
DA:100,0
DA:104,0
DA:105,0
DA:106,0
DA:111,0
DA:112,0
DA:113,0
LF:38
LH:1
end_of_record
SF:lib/models/categorized_common_items.dart
DA:18,0
DA:28,0
DA:29,0
DA:30,0
DA:31,0
DA:32,0
DA:33,0
DA:34,0
DA:35,0
DA:36,0
DA:37,0
DA:38,0
DA:39,0
DA:40,0
DA:41,0
DA:42,0
DA:43,0
DA:44,0
DA:45,0
DA:46,0
DA:47,0
DA:52,0
DA:53,0
DA:54,0
DA:55,0
DA:56,0
DA:57,0
DA:58,0
DA:59,0
DA:63,0
DA:64,0
LF:31
LH:0
end_of_record
SF:lib/models/common_item.dart
DA:8,0
DA:10,0
DA:11,0
DA:12,0
DA:13,0
DA:14,0
DA:18,0
DA:19,0
DA:20,0
DA:21,0
DA:22,0
DA:26,0
DA:31,0
DA:32,0
DA:33,0
DA:34,0
DA:38,0
DA:39,0
LF:18
LH:0
end_of_record
SF:lib/data/data_sources/remote/auth_remote_data_source.dart
DA:28,1
DA:34,1
DA:37,4
DA:41,1
DA:42,1
DA:44,2
DA:45,1
DA:48,2
DA:49,1
DA:52,2
DA:53,1
DA:56,2
DA:57,1
DA:60,1
DA:61,1
DA:64,1
DA:65,0
DA:68,1
DA:69,1
DA:73,2
DA:78,1
DA:82,4
DA:87,1
DA:88,1
DA:90,2
DA:91,1
DA:94,2
DA:95,0
DA:98,2
DA:99,0
DA:102,2
DA:103,0
DA:106,1
DA:107,0
DA:110,1
DA:111,0
DA:116,2
DA:117,1
DA:118,1
DA:121,1
DA:122,1
DA:126,0
DA:132,1
DA:135,4
DA:138,1
DA:139,1
DA:140,2
DA:144,1
DA:147,3
DA:148,1
DA:149,2
DA:154,1
DA:157,2
DA:158,2
DA:159,2
DA:160,1
DA:161,1
DA:162,1
DA:166,1
DA:169,2
DA:170,3
DA:171,3
DA:172,0
DA:173,0
DA:174,0
DA:178,1
DA:181,2
DA:182,3
DA:185,1
DA:186,1
DA:187,1
DA:191,1
DA:194,2
DA:195,3
DA:198,0
DA:199,0
DA:200,0
DA:204,1
DA:207,2
DA:208,3
DA:211,0
DA:212,0
DA:213,0
DA:217,1
DA:220,2
DA:221,3
DA:224,0
DA:225,0
DA:226,0
DA:230,1
DA:233,2
DA:234,2
DA:235,1
DA:236,1
DA:237,1
DA:241,1
DA:244,2
DA:245,2
DA:246,0
DA:247,0
DA:248,0
LF:101
LH:79
end_of_record
SF:lib/core/error/exceptions.dart
DA:4,1
DA:6,0
DA:7,0
DA:13,1
DA:15,0
DA:16,0
DA:22,0
DA:24,0
DA:25,0
DA:31,1
DA:33,0
DA:34,0
LF:12
LH:3
end_of_record
SF:lib/data/network/api_service.dart
DA:8,3
DA:9,2
DA:14,1
DA:15,3
DA:16,1
DA:19,1
DA:26,4
DA:27,4
DA:28,1
DA:30,1
DA:31,4
DA:33,1
DA:35,1
DA:36,4
DA:37,5
DA:38,1
DA:44,1
DA:45,1
DA:49,2
DA:54,1
DA:59,3
DA:60,2
DA:62,1
DA:70,1
DA:77,3
DA:78,2
DA:80,1
DA:90,1
DA:91,2
DA:95,1
DA:96,2
DA:98,1
DA:105,1
DA:106,3
DA:110,1
DA:111,2
DA:115,1
DA:116,2
DA:122,1
DA:123,2
DA:124,1
DA:125,1
DA:130,1
DA:131,3
DA:135,1
DA:136,3
DA:140,1
DA:141,3
DA:145,1
DA:146,3
DA:150,1
DA:151,3
DA:155,1
DA:156,3
DA:160,1
DA:161,2
DA:162,1
DA:163,1
DA:168,1
DA:169,2
DA:170,1
DA:171,1
DA:176,1
DA:177,2
DA:178,1
DA:179,1
DA:186,1
DA:187,2
DA:188,1
DA:189,1
DA:194,1
DA:195,2
DA:196,1
DA:197,1
DA:202,1
DA:203,2
DA:204,1
DA:205,1
DA:210,1
DA:211,2
DA:212,1
DA:213,1
DA:220,1
DA:221,2
DA:223,1
DA:228,1
DA:229,2
DA:231,1
DA:236,1
DA:237,2
DA:239,1
DA:244,1
DA:245,2
DA:247,1
DA:252,1
DA:253,2
DA:255,1
DA:262,1
DA:263,2
DA:265,1
DA:266,1
DA:267,1
DA:273,1
DA:274,2
DA:276,1
DA:281,1
DA:282,2
DA:286,1
DA:287,2
DA:291,1
DA:292,2
DA:294,1
DA:301,1
DA:302,2
DA:306,1
DA:307,2
DA:311,1
DA:312,2
DA:316,1
DA:317,2
DA:321,1
DA:322,2
DA:328,1
DA:329,2
DA:333,1
DA:334,3
DA:340,1
DA:341,2
DA:345,1
DA:346,2
DA:352,1
DA:353,2
DA:355,1
DA:360,1
DA:361,2
DA:363,1
DA:368,1
DA:369,2
DA:371,1
DA:376,1
DA:377,2
DA:379,1
DA:384,1
DA:385,2
DA:387,1
DA:394,1
DA:395,2
DA:397,1
DA:402,0
DA:403,0
DA:405,0
DA:413,0
DA:414,0
DA:420,0
DA:421,0
DA:425,0
DA:426,0
DA:432,0
DA:433,0
DA:435,0
DA:440,0
DA:441,0
DA:442,0
DA:443,0
DA:450,0
DA:451,0
DA:455,0
DA:456,0
DA:457,0
DA:458,0
DA:465,0
DA:466,0
DA:472,0
DA:473,0
LF:174
LH:148
end_of_record
SF:lib/config/dynamic_api_config.dart
DA:14,1
DA:90,0
DA:92,0
DA:96,0
DA:97,0
DA:101,0
DA:102,0
DA:106,0
DA:107,0
DA:111,0
DA:112,0
DA:116,0
DA:117,0
DA:121,0
DA:122,0
DA:138,0
DA:139,0
DA:143,0
DA:144,0
DA:155,0
DA:157,0
DA:158,0
DA:159,0
DA:160,0
DA:161,0
DA:162,0
DA:163,0
DA:164,0
DA:165,0
DA:166,0
DA:173,0
DA:174,0
DA:175,0
DA:180,0
DA:181,0
DA:183,0
DA:184,0
DA:186,0
DA:187,0
DA:189,0
DA:190,0
DA:192,0
DA:193,0
DA:197,0
DA:198,0
DA:206,0
DA:208,0
DA:209,0
DA:210,0
DA:211,0
DA:212,0
DA:213,0
DA:214,0
DA:215,0
DA:216,0
DA:217,0
DA:219,0
DA:224,0
DA:225,0
DA:226,0
DA:227,0
DA:229,0
DA:230,0
DA:231,0
DA:232,0
DA:233,0
DA:239,0
DA:241,0
LF:68
LH:1
end_of_record
SF:lib/data/network/enhanced_logging_interceptor.dart
DA:16,1
DA:24,1
DA:27,0
DA:32,1
DA:33,2
DA:35,1
DA:36,1
DA:37,2
DA:38,2
DA:39,1
DA:40,2
DA:41,2
DA:42,2
DA:48,1
DA:51,0
DA:54,0
DA:58,0
DA:60,0
DA:63,0
DA:64,0
DA:65,0
DA:66,0
DA:67,0
DA:68,0
DA:74,0
DA:75,0
DA:76,0
DA:78,0
DA:79,0
DA:80,0
DA:81,0
DA:88,0
DA:91,1
DA:94,0
DA:98,3
DA:100,1
DA:101,1
DA:102,2
DA:103,3
DA:104,1
DA:105,3
DA:107,2
DA:108,1
DA:112,1
DA:113,3
DA:114,2
DA:116,1
DA:117,3
DA:118,3
DA:119,2
DA:125,1
DA:129,1
DA:132,1
DA:133,3
DA:138,0
DA:139,0
DA:147,1
DA:152,4
DA:155,3
DA:156,5
DA:160,3
DA:161,5
DA:165,1
DA:166,2
DA:167,2
DA:177,0
DA:180,0
DA:187,0
DA:188,0
LF:69
LH:43
end_of_record
SF:lib/utils/enhanced_api_logger.dart
DA:9,1
DA:19,2
DA:21,2
DA:22,2
DA:23,3
DA:24,2
DA:25,3
DA:26,3
DA:29,2
DA:30,2
DA:31,2
DA:32,3
DA:37,2
DA:38,2
DA:39,2
DA:40,2
DA:41,3
DA:47,2
DA:48,1
DA:49,2
DA:50,0
DA:51,0
DA:53,3
DA:57,2
DA:61,0
DA:71,0
DA:72,0
DA:73,0
DA:75,0
DA:76,0
DA:77,0
DA:78,0
DA:79,0
DA:80,0
DA:84,0
DA:85,0
DA:87,0
DA:88,0
DA:89,0
DA:93,0
DA:94,0
DA:95,0
DA:96,0
DA:97,0
DA:98,0
DA:105,0
DA:106,0
DA:107,0
DA:108,0
DA:109,0
DA:110,0
DA:112,0
DA:116,0
DA:120,1
DA:131,2
DA:133,2
DA:134,2
DA:135,3
DA:136,2
DA:137,3
DA:138,3
DA:141,3
DA:145,3
DA:150,3
DA:151,1
DA:152,3
DA:157,2
DA:158,1
DA:159,3
DA:164,4
DA:165,2
DA:166,3
DA:169,2
DA:173,1
DA:183,1
DA:184,1
DA:186,2
DA:188,2
DA:189,0
DA:193,1
DA:194,4
DA:195,3
DA:196,3
DA:197,3
DA:200,1
DA:201,2
DA:202,2
DA:203,2
DA:204,0
DA:208,0
DA:209,0
DA:210,0
DA:211,0
DA:212,0
DA:216,1
DA:217,1
DA:218,1
DA:219,0
DA:220,0
DA:222,0
DA:223,0
DA:224,0
DA:228,1
DA:229,2
DA:230,0
DA:231,0
DA:234,1
DA:235,1
DA:236,4
DA:237,0
DA:238,0
DA:243,1
DA:245,1
DA:246,1
DA:247,1
DA:249,0
DA:251,0
DA:255,0
DA:257,0
DA:260,0
DA:261,0
DA:266,0
DA:267,0
DA:269,0
DA:271,0
DA:275,1
DA:277,1
DA:279,1
DA:280,1
DA:281,1
DA:282,1
DA:283,1
DA:285,1
DA:286,0
DA:287,1
DA:289,0
DA:291,0
DA:295,0
DA:296,0
DA:297,0
DA:299,0
DA:300,0
DA:301,0
DA:308,0
DA:310,0
DA:311,0
DA:312,0
DA:313,0
DA:314,0
DA:316,0
LF:150
LH:77
end_of_record
